[0.238s] DEBUG:colcon:Command line arguments: ['/usr/bin/colcon', 'build']
[0.238s] DEBUG:colcon:Parsed command line arguments: Namespace(ament_cmake_args=None, base_paths=['.'], build_base='build', catkin_cmake_args=None, catkin_skip_building_tests=False, cmake_args=None, cmake_clean_cache=False, cmake_clean_first=False, cmake_force_configure=False, cmake_target=None, cmake_target_skip_unavailable=False, continue_on_error=False, event_handlers=None, executor='parallel', ignore_user_meta=False, install_base='install', log_base=None, log_level=None, main=<bound method BuildVerb.main of <colcon_core.verb.build.BuildVerb object at 0x7fbadd67d760>>, merge_install=False, metas=['./colcon.meta'], packages_above=None, packages_above_and_dependencies=None, packages_above_depth=None, packages_end=None, packages_ignore=None, packages_ignore_regex=None, packages_select=None, packages_select_build_failed=False, packages_select_by_dep=None, packages_select_regex=None, packages_select_test_failures=False, packages_skip=None, packages_skip_build_finished=False, packages_skip_by_dep=None, packages_skip_regex=None, packages_skip_test_passed=False, packages_skip_up_to=None, packages_start=None, packages_up_to=None, packages_up_to_regex=None, parallel_workers=8, paths=None, symlink_install=False, test_result_base=None, verb_extension=<colcon_core.verb.build.BuildVerb object at 0x7fbadd67d760>, verb_name='build', verb_parser=<colcon_defaults.argument_parser.defaults.DefaultArgumentsDecorator object at 0x7fbadd56cdf0>)
[0.242s] Level 1:colcon.colcon_core.package_discovery:discover_packages(colcon_meta) check parameters
[0.242s] Level 1:colcon.colcon_core.package_discovery:discover_packages(recursive) check parameters
[0.242s] Level 1:colcon.colcon_core.package_discovery:discover_packages(ignore) check parameters
[0.242s] Level 1:colcon.colcon_core.package_discovery:discover_packages(path) check parameters
[0.242s] Level 1:colcon.colcon_core.package_discovery:discover_packages(colcon_meta) discover
[0.242s] Level 1:colcon.colcon_core.package_discovery:discover_packages(recursive) discover
[0.242s] INFO:colcon.colcon_core.package_discovery:Crawling recursively for packages in '/home/nikorose/Documents/Repos/EkumenTechTest'
[0.243s] Level 1:colcon.colcon_core.package_identification:_identify(.) by extensions ['ignore', 'ignore_ament_install']
[0.243s] Level 1:colcon.colcon_core.package_identification:_identify(.) by extension 'ignore'
[0.243s] Level 1:colcon.colcon_core.package_identification:_identify(.) by extension 'ignore_ament_install'
[0.243s] Level 1:colcon.colcon_core.package_identification:_identify(.) by extensions ['colcon_pkg']
[0.243s] Level 1:colcon.colcon_core.package_identification:_identify(.) by extension 'colcon_pkg'
[0.243s] Level 1:colcon.colcon_core.package_identification:_identify(.) by extensions ['colcon_meta']
[0.243s] Level 1:colcon.colcon_core.package_identification:_identify(.) by extension 'colcon_meta'
[0.243s] Level 1:colcon.colcon_core.package_identification:_identify(.) by extensions ['ros']
[0.243s] Level 1:colcon.colcon_core.package_identification:_identify(.) by extension 'ros'
[0.251s] Level 1:colcon.colcon_core.package_identification:_identify(.) by extensions ['cmake', 'python']
[0.251s] Level 1:colcon.colcon_core.package_identification:_identify(.) by extension 'cmake'
[0.251s] Level 1:colcon.colcon_core.package_identification:_identify(.) by extension 'python'
[0.251s] Level 1:colcon.colcon_core.package_identification:_identify(.) by extensions ['python_setup_py']
[0.251s] Level 1:colcon.colcon_core.package_identification:_identify(.) by extension 'python_setup_py'
[0.252s] Level 1:colcon.colcon_core.package_identification:_identify(build) by extensions ['ignore', 'ignore_ament_install']
[0.252s] Level 1:colcon.colcon_core.package_identification:_identify(build) by extension 'ignore'
[0.252s] Level 1:colcon.colcon_core.package_identification:_identify(build) ignored
[0.252s] Level 1:colcon.colcon_core.package_identification:_identify(install) by extensions ['ignore', 'ignore_ament_install']
[0.252s] Level 1:colcon.colcon_core.package_identification:_identify(install) by extension 'ignore'
[0.252s] Level 1:colcon.colcon_core.package_identification:_identify(install) ignored
[0.252s] Level 1:colcon.colcon_core.package_identification:_identify(launch) by extensions ['ignore', 'ignore_ament_install']
[0.252s] Level 1:colcon.colcon_core.package_identification:_identify(launch) by extension 'ignore'
[0.252s] Level 1:colcon.colcon_core.package_identification:_identify(launch) by extension 'ignore_ament_install'
[0.252s] Level 1:colcon.colcon_core.package_identification:_identify(launch) by extensions ['colcon_pkg']
[0.252s] Level 1:colcon.colcon_core.package_identification:_identify(launch) by extension 'colcon_pkg'
[0.252s] Level 1:colcon.colcon_core.package_identification:_identify(launch) by extensions ['colcon_meta']
[0.252s] Level 1:colcon.colcon_core.package_identification:_identify(launch) by extension 'colcon_meta'
[0.252s] Level 1:colcon.colcon_core.package_identification:_identify(launch) by extensions ['ros']
[0.252s] Level 1:colcon.colcon_core.package_identification:_identify(launch) by extension 'ros'
[0.252s] Level 1:colcon.colcon_core.package_identification:_identify(launch) by extensions ['cmake', 'python']
[0.252s] Level 1:colcon.colcon_core.package_identification:_identify(launch) by extension 'cmake'
[0.252s] Level 1:colcon.colcon_core.package_identification:_identify(launch) by extension 'python'
[0.252s] Level 1:colcon.colcon_core.package_identification:_identify(launch) by extensions ['python_setup_py']
[0.252s] Level 1:colcon.colcon_core.package_identification:_identify(launch) by extension 'python_setup_py'
[0.253s] Level 1:colcon.colcon_core.package_identification:_identify(launch/__pycache__) by extensions ['ignore', 'ignore_ament_install']
[0.253s] Level 1:colcon.colcon_core.package_identification:_identify(launch/__pycache__) by extension 'ignore'
[0.253s] Level 1:colcon.colcon_core.package_identification:_identify(launch/__pycache__) by extension 'ignore_ament_install'
[0.253s] Level 1:colcon.colcon_core.package_identification:_identify(launch/__pycache__) by extensions ['colcon_pkg']
[0.253s] Level 1:colcon.colcon_core.package_identification:_identify(launch/__pycache__) by extension 'colcon_pkg'
[0.253s] Level 1:colcon.colcon_core.package_identification:_identify(launch/__pycache__) by extensions ['colcon_meta']
[0.253s] Level 1:colcon.colcon_core.package_identification:_identify(launch/__pycache__) by extension 'colcon_meta'
[0.253s] Level 1:colcon.colcon_core.package_identification:_identify(launch/__pycache__) by extensions ['ros']
[0.253s] Level 1:colcon.colcon_core.package_identification:_identify(launch/__pycache__) by extension 'ros'
[0.253s] Level 1:colcon.colcon_core.package_identification:_identify(launch/__pycache__) by extensions ['cmake', 'python']
[0.253s] Level 1:colcon.colcon_core.package_identification:_identify(launch/__pycache__) by extension 'cmake'
[0.253s] Level 1:colcon.colcon_core.package_identification:_identify(launch/__pycache__) by extension 'python'
[0.253s] Level 1:colcon.colcon_core.package_identification:_identify(launch/__pycache__) by extensions ['python_setup_py']
[0.253s] Level 1:colcon.colcon_core.package_identification:_identify(launch/__pycache__) by extension 'python_setup_py'
[0.253s] Level 1:colcon.colcon_core.package_identification:_identify(log) by extensions ['ignore', 'ignore_ament_install']
[0.253s] Level 1:colcon.colcon_core.package_identification:_identify(log) by extension 'ignore'
[0.253s] Level 1:colcon.colcon_core.package_identification:_identify(log) ignored
[0.253s] Level 1:colcon.colcon_core.package_identification:_identify(src) by extensions ['ignore', 'ignore_ament_install']
[0.253s] Level 1:colcon.colcon_core.package_identification:_identify(src) by extension 'ignore'
[0.253s] Level 1:colcon.colcon_core.package_identification:_identify(src) by extension 'ignore_ament_install'
[0.254s] Level 1:colcon.colcon_core.package_identification:_identify(src) by extensions ['colcon_pkg']
[0.254s] Level 1:colcon.colcon_core.package_identification:_identify(src) by extension 'colcon_pkg'
[0.254s] Level 1:colcon.colcon_core.package_identification:_identify(src) by extensions ['colcon_meta']
[0.254s] Level 1:colcon.colcon_core.package_identification:_identify(src) by extension 'colcon_meta'
[0.254s] Level 1:colcon.colcon_core.package_identification:_identify(src) by extensions ['ros']
[0.254s] Level 1:colcon.colcon_core.package_identification:_identify(src) by extension 'ros'
[0.254s] Level 1:colcon.colcon_core.package_identification:_identify(src) by extensions ['cmake', 'python']
[0.254s] Level 1:colcon.colcon_core.package_identification:_identify(src) by extension 'cmake'
[0.254s] Level 1:colcon.colcon_core.package_identification:_identify(src) by extension 'python'
[0.254s] Level 1:colcon.colcon_core.package_identification:_identify(src) by extensions ['python_setup_py']
[0.254s] Level 1:colcon.colcon_core.package_identification:_identify(src) by extension 'python_setup_py'
[0.254s] Level 1:colcon.colcon_core.package_identification:_identify(src/launch) by extensions ['ignore', 'ignore_ament_install']
[0.254s] Level 1:colcon.colcon_core.package_identification:_identify(src/launch) by extension 'ignore'
[0.254s] Level 1:colcon.colcon_core.package_identification:_identify(src/launch) by extension 'ignore_ament_install'
[0.254s] Level 1:colcon.colcon_core.package_identification:_identify(src/launch) by extensions ['colcon_pkg']
[0.254s] Level 1:colcon.colcon_core.package_identification:_identify(src/launch) by extension 'colcon_pkg'
[0.254s] Level 1:colcon.colcon_core.package_identification:_identify(src/launch) by extensions ['colcon_meta']
[0.254s] Level 1:colcon.colcon_core.package_identification:_identify(src/launch) by extension 'colcon_meta'
[0.254s] Level 1:colcon.colcon_core.package_identification:_identify(src/launch) by extensions ['ros']
[0.254s] Level 1:colcon.colcon_core.package_identification:_identify(src/launch) by extension 'ros'
[0.254s] Level 1:colcon.colcon_core.package_identification:_identify(src/launch) by extensions ['cmake', 'python']
[0.254s] Level 1:colcon.colcon_core.package_identification:_identify(src/launch) by extension 'cmake'
[0.254s] Level 1:colcon.colcon_core.package_identification:_identify(src/launch) by extension 'python'
[0.254s] Level 1:colcon.colcon_core.package_identification:_identify(src/launch) by extensions ['python_setup_py']
[0.255s] Level 1:colcon.colcon_core.package_identification:_identify(src/launch) by extension 'python_setup_py'
[0.255s] Level 1:colcon.colcon_core.package_identification:_identify(src/launch/__pycache__) by extensions ['ignore', 'ignore_ament_install']
[0.255s] Level 1:colcon.colcon_core.package_identification:_identify(src/launch/__pycache__) by extension 'ignore'
[0.255s] Level 1:colcon.colcon_core.package_identification:_identify(src/launch/__pycache__) by extension 'ignore_ament_install'
[0.255s] Level 1:colcon.colcon_core.package_identification:_identify(src/launch/__pycache__) by extensions ['colcon_pkg']
[0.255s] Level 1:colcon.colcon_core.package_identification:_identify(src/launch/__pycache__) by extension 'colcon_pkg'
[0.255s] Level 1:colcon.colcon_core.package_identification:_identify(src/launch/__pycache__) by extensions ['colcon_meta']
[0.255s] Level 1:colcon.colcon_core.package_identification:_identify(src/launch/__pycache__) by extension 'colcon_meta'
[0.255s] Level 1:colcon.colcon_core.package_identification:_identify(src/launch/__pycache__) by extensions ['ros']
[0.255s] Level 1:colcon.colcon_core.package_identification:_identify(src/launch/__pycache__) by extension 'ros'
[0.255s] Level 1:colcon.colcon_core.package_identification:_identify(src/launch/__pycache__) by extensions ['cmake', 'python']
[0.255s] Level 1:colcon.colcon_core.package_identification:_identify(src/launch/__pycache__) by extension 'cmake'
[0.255s] Level 1:colcon.colcon_core.package_identification:_identify(src/launch/__pycache__) by extension 'python'
[0.255s] Level 1:colcon.colcon_core.package_identification:_identify(src/launch/__pycache__) by extensions ['python_setup_py']
[0.255s] Level 1:colcon.colcon_core.package_identification:_identify(src/launch/__pycache__) by extension 'python_setup_py'
[0.255s] Level 1:colcon.colcon_core.package_identification:_identify(src/main_pkg) by extensions ['ignore', 'ignore_ament_install']
[0.255s] Level 1:colcon.colcon_core.package_identification:_identify(src/main_pkg) by extension 'ignore'
[0.255s] Level 1:colcon.colcon_core.package_identification:_identify(src/main_pkg) by extension 'ignore_ament_install'
[0.255s] Level 1:colcon.colcon_core.package_identification:_identify(src/main_pkg) by extensions ['colcon_pkg']
[0.255s] Level 1:colcon.colcon_core.package_identification:_identify(src/main_pkg) by extension 'colcon_pkg'
[0.255s] Level 1:colcon.colcon_core.package_identification:_identify(src/main_pkg) by extensions ['colcon_meta']
[0.255s] Level 1:colcon.colcon_core.package_identification:_identify(src/main_pkg) by extension 'colcon_meta'
[0.256s] Level 1:colcon.colcon_core.package_identification:_identify(src/main_pkg) by extensions ['ros']
[0.256s] Level 1:colcon.colcon_core.package_identification:_identify(src/main_pkg) by extension 'ros'
[0.257s] DEBUG:colcon.colcon_core.package_identification:Package 'src/main_pkg' with type 'ros.ament_python' and name 'main_pkg'
[0.257s] Level 1:colcon.colcon_core.package_identification:_identify(src/py_srvcli) by extensions ['ignore', 'ignore_ament_install']
[0.257s] Level 1:colcon.colcon_core.package_identification:_identify(src/py_srvcli) by extension 'ignore'
[0.257s] Level 1:colcon.colcon_core.package_identification:_identify(src/py_srvcli) by extension 'ignore_ament_install'
[0.258s] Level 1:colcon.colcon_core.package_identification:_identify(src/py_srvcli) by extensions ['colcon_pkg']
[0.258s] Level 1:colcon.colcon_core.package_identification:_identify(src/py_srvcli) by extension 'colcon_pkg'
[0.258s] Level 1:colcon.colcon_core.package_identification:_identify(src/py_srvcli) by extensions ['colcon_meta']
[0.258s] Level 1:colcon.colcon_core.package_identification:_identify(src/py_srvcli) by extension 'colcon_meta'
[0.258s] Level 1:colcon.colcon_core.package_identification:_identify(src/py_srvcli) by extensions ['ros']
[0.258s] Level 1:colcon.colcon_core.package_identification:_identify(src/py_srvcli) by extension 'ros'
[0.258s] DEBUG:colcon.colcon_core.package_identification:Package 'src/py_srvcli' with type 'ros.ament_python' and name 'py_srvcli'
[0.258s] Level 1:colcon.colcon_core.package_discovery:discover_packages(recursive) using defaults
[0.258s] Level 1:colcon.colcon_core.package_discovery:discover_packages(ignore) discover
[0.258s] Level 1:colcon.colcon_core.package_discovery:discover_packages(ignore) using defaults
[0.258s] Level 1:colcon.colcon_core.package_discovery:discover_packages(path) discover
[0.258s] Level 1:colcon.colcon_core.package_discovery:discover_packages(path) using defaults
[0.276s] Level 5:colcon.colcon_core.verb:set package 'main_pkg' build argument 'cmake_args' from command line to 'None'
[0.276s] Level 5:colcon.colcon_core.verb:set package 'main_pkg' build argument 'cmake_target' from command line to 'None'
[0.276s] Level 5:colcon.colcon_core.verb:set package 'main_pkg' build argument 'cmake_target_skip_unavailable' from command line to 'False'
[0.276s] Level 5:colcon.colcon_core.verb:set package 'main_pkg' build argument 'cmake_clean_cache' from command line to 'False'
[0.276s] Level 5:colcon.colcon_core.verb:set package 'main_pkg' build argument 'cmake_clean_first' from command line to 'False'
[0.277s] Level 5:colcon.colcon_core.verb:set package 'main_pkg' build argument 'cmake_force_configure' from command line to 'False'
[0.277s] Level 5:colcon.colcon_core.verb:set package 'main_pkg' build argument 'ament_cmake_args' from command line to 'None'
[0.277s] Level 5:colcon.colcon_core.verb:set package 'main_pkg' build argument 'catkin_cmake_args' from command line to 'None'
[0.277s] Level 5:colcon.colcon_core.verb:set package 'main_pkg' build argument 'catkin_skip_building_tests' from command line to 'False'
[0.277s] DEBUG:colcon.colcon_core.verb:Building package 'main_pkg' with the following arguments: {'ament_cmake_args': None, 'build_base': '/home/nikorose/Documents/Repos/EkumenTechTest/build/main_pkg', 'catkin_cmake_args': None, 'catkin_skip_building_tests': False, 'cmake_args': None, 'cmake_clean_cache': False, 'cmake_clean_first': False, 'cmake_force_configure': False, 'cmake_target': None, 'cmake_target_skip_unavailable': False, 'install_base': '/home/nikorose/Documents/Repos/EkumenTechTest/install/main_pkg', 'merge_install': False, 'path': '/home/nikorose/Documents/Repos/EkumenTechTest/src/main_pkg', 'symlink_install': False, 'test_result_base': None}
[0.279s] Level 5:colcon.colcon_core.verb:set package 'py_srvcli' build argument 'cmake_args' from command line to 'None'
[0.279s] Level 5:colcon.colcon_core.verb:set package 'py_srvcli' build argument 'cmake_target' from command line to 'None'
[0.279s] Level 5:colcon.colcon_core.verb:set package 'py_srvcli' build argument 'cmake_target_skip_unavailable' from command line to 'False'
[0.279s] Level 5:colcon.colcon_core.verb:set package 'py_srvcli' build argument 'cmake_clean_cache' from command line to 'False'
[0.279s] Level 5:colcon.colcon_core.verb:set package 'py_srvcli' build argument 'cmake_clean_first' from command line to 'False'
[0.279s] Level 5:colcon.colcon_core.verb:set package 'py_srvcli' build argument 'cmake_force_configure' from command line to 'False'
[0.279s] Level 5:colcon.colcon_core.verb:set package 'py_srvcli' build argument 'ament_cmake_args' from command line to 'None'
[0.279s] Level 5:colcon.colcon_core.verb:set package 'py_srvcli' build argument 'catkin_cmake_args' from command line to 'None'
[0.279s] Level 5:colcon.colcon_core.verb:set package 'py_srvcli' build argument 'catkin_skip_building_tests' from command line to 'False'
[0.279s] DEBUG:colcon.colcon_core.verb:Building package 'py_srvcli' with the following arguments: {'ament_cmake_args': None, 'build_base': '/home/nikorose/Documents/Repos/EkumenTechTest/build/py_srvcli', 'catkin_cmake_args': None, 'catkin_skip_building_tests': False, 'cmake_args': None, 'cmake_clean_cache': False, 'cmake_clean_first': False, 'cmake_force_configure': False, 'cmake_target': None, 'cmake_target_skip_unavailable': False, 'install_base': '/home/nikorose/Documents/Repos/EkumenTechTest/install/py_srvcli', 'merge_install': False, 'path': '/home/nikorose/Documents/Repos/EkumenTechTest/src/py_srvcli', 'symlink_install': False, 'test_result_base': None}
[0.279s] INFO:colcon.colcon_core.executor:Executing jobs using 'parallel' executor
[0.281s] DEBUG:colcon.colcon_parallel_executor.executor.parallel:run_until_complete
[0.281s] INFO:colcon.colcon_ros.task.ament_python.build:Building ROS package in '/home/nikorose/Documents/Repos/EkumenTechTest/src/main_pkg' with build type 'ament_python'
[0.282s] Level 1:colcon.colcon_core.shell:create_environment_hook('main_pkg', 'ament_prefix_path')
[0.284s] INFO:colcon.colcon_core.plugin_system:Skipping extension 'colcon_core.shell.bat': Not used on non-Windows systems
[0.284s] INFO:colcon.colcon_core.shell:Creating environment hook '/home/nikorose/Documents/Repos/EkumenTechTest/install/main_pkg/share/main_pkg/hook/ament_prefix_path.ps1'
[0.285s] INFO:colcon.colcon_core.shell:Creating environment descriptor '/home/nikorose/Documents/Repos/EkumenTechTest/install/main_pkg/share/main_pkg/hook/ament_prefix_path.dsv'
[0.285s] INFO:colcon.colcon_core.shell:Creating environment hook '/home/nikorose/Documents/Repos/EkumenTechTest/install/main_pkg/share/main_pkg/hook/ament_prefix_path.sh'
[0.286s] INFO:colcon.colcon_core.shell:Skip shell extension 'powershell' for command environment: Not usable outside of PowerShell
[0.286s] DEBUG:colcon.colcon_core.shell:Skip shell extension 'dsv' for command environment
[0.288s] DEBUG:colcon.colcon_core.shell:Ignoring prefix path '/opt/ros/foxy'
[0.290s] INFO:colcon.colcon_ros.task.ament_python.build:Building ROS package in '/home/nikorose/Documents/Repos/EkumenTechTest/src/py_srvcli' with build type 'ament_python'
[0.290s] Level 1:colcon.colcon_core.shell:create_environment_hook('py_srvcli', 'ament_prefix_path')
[0.291s] INFO:colcon.colcon_core.shell:Creating environment hook '/home/nikorose/Documents/Repos/EkumenTechTest/install/py_srvcli/share/py_srvcli/hook/ament_prefix_path.ps1'
[0.292s] INFO:colcon.colcon_core.shell:Creating environment descriptor '/home/nikorose/Documents/Repos/EkumenTechTest/install/py_srvcli/share/py_srvcli/hook/ament_prefix_path.dsv'
[0.292s] INFO:colcon.colcon_core.shell:Creating environment hook '/home/nikorose/Documents/Repos/EkumenTechTest/install/py_srvcli/share/py_srvcli/hook/ament_prefix_path.sh'
[0.293s] INFO:colcon.colcon_core.shell:Skip shell extension 'powershell' for command environment: Not usable outside of PowerShell
[0.293s] DEBUG:colcon.colcon_core.shell:Skip shell extension 'dsv' for command environment
[0.295s] DEBUG:colcon.colcon_core.shell:Ignoring prefix path '/opt/ros/foxy'
[0.500s] INFO:colcon.colcon_core.task.python.build:Building Python package in '/home/nikorose/Documents/Repos/EkumenTechTest/src/main_pkg'
[0.501s] INFO:colcon.colcon_core.shell:Skip shell extension 'powershell' for command environment: Not usable outside of PowerShell
[0.501s] DEBUG:colcon.colcon_core.shell:Skip shell extension 'dsv' for command environment
[0.504s] DEBUG:colcon.colcon_core.shell:Ignoring prefix path '/opt/ros/foxy'
[0.703s] INFO:colcon.colcon_core.task.python.build:Building Python package in '/home/nikorose/Documents/Repos/EkumenTechTest/src/py_srvcli'
[0.704s] INFO:colcon.colcon_core.shell:Skip shell extension 'powershell' for command environment: Not usable outside of PowerShell
[0.705s] DEBUG:colcon.colcon_core.shell:Skip shell extension 'dsv' for command environment
[0.707s] DEBUG:colcon.colcon_core.shell:Ignoring prefix path '/opt/ros/foxy'
[0.712s] DEBUG:colcon.colcon_core.event_handler.log_command:Invoking command in '/home/nikorose/Documents/Repos/EkumenTechTest/build/main_pkg': PYTHONPATH=/home/nikorose/Documents/Repos/EkumenTechTest/install/main_pkg/lib/python3.8/site-packages:${PYTHONPATH} /usr/bin/python3 setup.py develop --prefix /home/nikorose/Documents/Repos/EkumenTechTest/install/main_pkg --uninstall --editable --build-directory /home/nikorose/Documents/Repos/EkumenTechTest/build/main_pkg/build
[0.718s] DEBUG:colcon.colcon_core.event_handler.log_command:Invoking command in '/home/nikorose/Documents/Repos/EkumenTechTest/src/py_srvcli': PYTHONPATH=/home/nikorose/Documents/Repos/EkumenTechTest/install/py_srvcli/lib/python3.8/site-packages:${PYTHONPATH} /usr/bin/python3 setup.py egg_info --egg-base ../../build/py_srvcli build --build-base /home/nikorose/Documents/Repos/EkumenTechTest/build/py_srvcli/build install --prefix /home/nikorose/Documents/Repos/EkumenTechTest/install/py_srvcli --record /home/nikorose/Documents/Repos/EkumenTechTest/build/py_srvcli/install.log --single-version-externally-managed
[0.957s] DEBUG:colcon.colcon_core.event_handler.log_command:Invoked command in '/home/nikorose/Documents/Repos/EkumenTechTest/src/py_srvcli' returned '0': PYTHONPATH=/home/nikorose/Documents/Repos/EkumenTechTest/install/py_srvcli/lib/python3.8/site-packages:${PYTHONPATH} /usr/bin/python3 setup.py egg_info --egg-base ../../build/py_srvcli build --build-base /home/nikorose/Documents/Repos/EkumenTechTest/build/py_srvcli/build install --prefix /home/nikorose/Documents/Repos/EkumenTechTest/install/py_srvcli --record /home/nikorose/Documents/Repos/EkumenTechTest/build/py_srvcli/install.log --single-version-externally-managed
[0.959s] Level 1:colcon.colcon_core.environment:checking '/home/nikorose/Documents/Repos/EkumenTechTest/install/py_srvcli' for CMake module files
[0.960s] Level 1:colcon.colcon_core.environment:checking '/home/nikorose/Documents/Repos/EkumenTechTest/install/py_srvcli' for CMake config files
[0.960s] Level 1:colcon.colcon_core.environment:checking '/home/nikorose/Documents/Repos/EkumenTechTest/install/py_srvcli/lib'
[0.960s] Level 1:colcon.colcon_core.environment:checking '/home/nikorose/Documents/Repos/EkumenTechTest/install/py_srvcli/bin'
[0.960s] Level 1:colcon.colcon_core.environment:checking '/home/nikorose/Documents/Repos/EkumenTechTest/install/py_srvcli/lib/pkgconfig/py_srvcli.pc'
[0.961s] Level 1:colcon.colcon_core.environment:checking '/home/nikorose/Documents/Repos/EkumenTechTest/install/py_srvcli/lib/python3.8/site-packages'
[0.961s] Level 1:colcon.colcon_core.shell:create_environment_hook('py_srvcli', 'pythonpath')
[0.961s] INFO:colcon.colcon_core.shell:Creating environment hook '/home/nikorose/Documents/Repos/EkumenTechTest/install/py_srvcli/share/py_srvcli/hook/pythonpath.ps1'
[0.961s] INFO:colcon.colcon_core.shell:Creating environment descriptor '/home/nikorose/Documents/Repos/EkumenTechTest/install/py_srvcli/share/py_srvcli/hook/pythonpath.dsv'
[0.962s] INFO:colcon.colcon_core.shell:Creating environment hook '/home/nikorose/Documents/Repos/EkumenTechTest/install/py_srvcli/share/py_srvcli/hook/pythonpath.sh'
[0.962s] Level 1:colcon.colcon_core.environment:create_environment_scripts_only(py_srvcli)
[0.962s] INFO:colcon.colcon_core.shell:Creating package script '/home/nikorose/Documents/Repos/EkumenTechTest/install/py_srvcli/share/py_srvcli/package.ps1'
[0.963s] INFO:colcon.colcon_core.shell:Creating package descriptor '/home/nikorose/Documents/Repos/EkumenTechTest/install/py_srvcli/share/py_srvcli/package.dsv'
[0.963s] INFO:colcon.colcon_core.shell:Creating package script '/home/nikorose/Documents/Repos/EkumenTechTest/install/py_srvcli/share/py_srvcli/package.sh'
[0.964s] INFO:colcon.colcon_core.shell:Creating package script '/home/nikorose/Documents/Repos/EkumenTechTest/install/py_srvcli/share/py_srvcli/package.bash'
[0.965s] INFO:colcon.colcon_core.shell:Creating package script '/home/nikorose/Documents/Repos/EkumenTechTest/install/py_srvcli/share/py_srvcli/package.zsh'
[0.965s] Level 1:colcon.colcon_core.environment:create_file_with_runtime_dependencies(/home/nikorose/Documents/Repos/EkumenTechTest/install/py_srvcli/share/colcon-core/packages/py_srvcli)
[1.063s] DEBUG:colcon.colcon_core.event_handler.log_command:Invoked command in '/home/nikorose/Documents/Repos/EkumenTechTest/build/main_pkg' returned '0': PYTHONPATH=/home/nikorose/Documents/Repos/EkumenTechTest/install/main_pkg/lib/python3.8/site-packages:${PYTHONPATH} /usr/bin/python3 setup.py develop --prefix /home/nikorose/Documents/Repos/EkumenTechTest/install/main_pkg --uninstall --editable --build-directory /home/nikorose/Documents/Repos/EkumenTechTest/build/main_pkg/build
[1.063s] DEBUG:colcon.colcon_core.event_handler.log_command:Invoking command in '/home/nikorose/Documents/Repos/EkumenTechTest/src/main_pkg': PYTHONPATH=/home/nikorose/Documents/Repos/EkumenTechTest/install/main_pkg/lib/python3.8/site-packages:${PYTHONPATH} /usr/bin/python3 setup.py egg_info --egg-base ../../build/main_pkg build --build-base /home/nikorose/Documents/Repos/EkumenTechTest/build/main_pkg/build install --prefix /home/nikorose/Documents/Repos/EkumenTechTest/install/main_pkg --record /home/nikorose/Documents/Repos/EkumenTechTest/build/main_pkg/install.log --single-version-externally-managed
[1.290s] Level 1:colcon.colcon_core.environment:checking '/home/nikorose/Documents/Repos/EkumenTechTest/install/main_pkg' for CMake module files
[1.291s] DEBUG:colcon.colcon_core.event_handler.log_command:Invoked command in '/home/nikorose/Documents/Repos/EkumenTechTest/src/main_pkg' returned '0': PYTHONPATH=/home/nikorose/Documents/Repos/EkumenTechTest/install/main_pkg/lib/python3.8/site-packages:${PYTHONPATH} /usr/bin/python3 setup.py egg_info --egg-base ../../build/main_pkg build --build-base /home/nikorose/Documents/Repos/EkumenTechTest/build/main_pkg/build install --prefix /home/nikorose/Documents/Repos/EkumenTechTest/install/main_pkg --record /home/nikorose/Documents/Repos/EkumenTechTest/build/main_pkg/install.log --single-version-externally-managed
[1.291s] Level 1:colcon.colcon_core.environment:checking '/home/nikorose/Documents/Repos/EkumenTechTest/install/main_pkg' for CMake config files
[1.291s] Level 1:colcon.colcon_core.environment:checking '/home/nikorose/Documents/Repos/EkumenTechTest/install/main_pkg/lib'
[1.291s] Level 1:colcon.colcon_core.environment:checking '/home/nikorose/Documents/Repos/EkumenTechTest/install/main_pkg/bin'
[1.291s] Level 1:colcon.colcon_core.environment:checking '/home/nikorose/Documents/Repos/EkumenTechTest/install/main_pkg/lib/pkgconfig/main_pkg.pc'
[1.291s] Level 1:colcon.colcon_core.environment:checking '/home/nikorose/Documents/Repos/EkumenTechTest/install/main_pkg/lib/python3.8/site-packages'
[1.291s] Level 1:colcon.colcon_core.shell:create_environment_hook('main_pkg', 'pythonpath')
[1.292s] INFO:colcon.colcon_core.shell:Creating environment hook '/home/nikorose/Documents/Repos/EkumenTechTest/install/main_pkg/share/main_pkg/hook/pythonpath.ps1'
[1.292s] INFO:colcon.colcon_core.shell:Creating environment descriptor '/home/nikorose/Documents/Repos/EkumenTechTest/install/main_pkg/share/main_pkg/hook/pythonpath.dsv'
[1.292s] INFO:colcon.colcon_core.shell:Creating environment hook '/home/nikorose/Documents/Repos/EkumenTechTest/install/main_pkg/share/main_pkg/hook/pythonpath.sh'
[1.293s] Level 1:colcon.colcon_core.environment:create_environment_scripts_only(main_pkg)
[1.293s] INFO:colcon.colcon_core.shell:Creating package script '/home/nikorose/Documents/Repos/EkumenTechTest/install/main_pkg/share/main_pkg/package.ps1'
[1.294s] INFO:colcon.colcon_core.shell:Creating package descriptor '/home/nikorose/Documents/Repos/EkumenTechTest/install/main_pkg/share/main_pkg/package.dsv'
[1.294s] INFO:colcon.colcon_core.shell:Creating package script '/home/nikorose/Documents/Repos/EkumenTechTest/install/main_pkg/share/main_pkg/package.sh'
[1.294s] INFO:colcon.colcon_core.shell:Creating package script '/home/nikorose/Documents/Repos/EkumenTechTest/install/main_pkg/share/main_pkg/package.bash'
[1.295s] INFO:colcon.colcon_core.shell:Creating package script '/home/nikorose/Documents/Repos/EkumenTechTest/install/main_pkg/share/main_pkg/package.zsh'
[1.295s] Level 1:colcon.colcon_core.environment:create_file_with_runtime_dependencies(/home/nikorose/Documents/Repos/EkumenTechTest/install/main_pkg/share/colcon-core/packages/main_pkg)
[1.295s] DEBUG:colcon.colcon_parallel_executor.executor.parallel:closing loop
[1.295s] DEBUG:colcon.colcon_parallel_executor.executor.parallel:loop closed
[1.296s] DEBUG:colcon.colcon_parallel_executor.executor.parallel:run_until_complete finished with '0'
[1.296s] DEBUG:colcon.colcon_core.event_reactor:joining thread
[1.300s] INFO:colcon.colcon_core.plugin_system:Skipping extension 'colcon_notification.desktop_notification.terminal_notifier': Not used on non-Darwin systems
[1.300s] INFO:colcon.colcon_core.plugin_system:Skipping extension 'colcon_notification.desktop_notification.win32': Not used on non-Windows systems
[1.300s] INFO:colcon.colcon_notification.desktop_notification:Sending desktop notification using 'notify2'
[1.311s] DEBUG:colcon.colcon_core.event_reactor:joined thread
[1.311s] INFO:colcon.colcon_core.shell:Creating prefix script '/home/nikorose/Documents/Repos/EkumenTechTest/install/local_setup.ps1'
[1.312s] INFO:colcon.colcon_core.shell:Creating prefix util module '/home/nikorose/Documents/Repos/EkumenTechTest/install/_local_setup_util_ps1.py'
[1.313s] INFO:colcon.colcon_core.shell:Creating prefix chain script '/home/nikorose/Documents/Repos/EkumenTechTest/install/setup.ps1'
[1.315s] INFO:colcon.colcon_core.shell:Creating prefix script '/home/nikorose/Documents/Repos/EkumenTechTest/install/local_setup.sh'
[1.315s] INFO:colcon.colcon_core.shell:Creating prefix util module '/home/nikorose/Documents/Repos/EkumenTechTest/install/_local_setup_util_sh.py'
[1.316s] INFO:colcon.colcon_core.shell:Creating prefix chain script '/home/nikorose/Documents/Repos/EkumenTechTest/install/setup.sh'
[1.318s] INFO:colcon.colcon_core.shell:Creating prefix script '/home/nikorose/Documents/Repos/EkumenTechTest/install/local_setup.bash'
[1.318s] INFO:colcon.colcon_core.shell:Creating prefix chain script '/home/nikorose/Documents/Repos/EkumenTechTest/install/setup.bash'
[1.320s] INFO:colcon.colcon_core.shell:Creating prefix script '/home/nikorose/Documents/Repos/EkumenTechTest/install/local_setup.zsh'
[1.321s] INFO:colcon.colcon_core.shell:Creating prefix chain script '/home/nikorose/Documents/Repos/EkumenTechTest/install/setup.zsh'
