[0.011s] Invoking command in '/home/nikorose/Documents/Repos/EkumenTechTest/build/tutorial_interfaces': CMAKE_PREFIX_PATH=/home/nikorose/Documents/Repos/EkumenTechTest/install/py_srvcli:/home/nikorose/Documents/Repos/EkumenTechTest/install/main_pkg:/opt/ros/foxy /usr/bin/cmake /home/nikorose/Documents/Repos/EkumenTechTest/src/tutorial_interfaces -DCMAKE_INSTALL_PREFIX=/home/nikorose/Documents/Repos/EkumenTechTest/install/tutorial_interfaces
[0.022s] -- Found ament_cmake: 0.9.9 (/opt/ros/foxy/share/ament_cmake/cmake)
[0.038s] -- Using PYTHON_EXECUTABLE: /usr/bin/python3
[0.192s] -- Found ament_lint_auto: 0.9.6 (/opt/ros/foxy/share/ament_lint_auto/cmake)
[0.249s] -- Found rosidl_default_generators: 1.0.1 (/opt/ros/foxy/share/rosidl_default_generators/cmake)
[0.253s] -- Using all available rosidl_typesupport_c: rosidl_typesupport_fastrtps_c;rosidl_typesupport_introspection_c
[0.259s] -- Found rosidl_adapter: 1.2.1 (/opt/ros/foxy/share/rosidl_adapter/cmake)
[0.346s] -- Found OpenSSL: /usr/lib/x86_64-linux-gnu/libcrypto.so (found version "1.1.1f")  
[0.368s] -- Found FastRTPS: /opt/ros/foxy/include  
[0.431s] -- Using all available rosidl_typesupport_cpp: rosidl_typesupport_fastrtps_cpp;rosidl_typesupport_introspection_cpp
[0.471s] -- Found PythonInterp: /usr/bin/python3 (found version "3.8.10") 
[0.525s] -- Found ament_cmake_ros: 0.9.2 (/opt/ros/foxy/share/ament_cmake_ros/cmake)
[0.600s] -- Using all available rosidl_typesupport_c: rosidl_typesupport_fastrtps_c;rosidl_typesupport_introspection_c
[0.606s] -- Using all available rosidl_typesupport_cpp: rosidl_typesupport_fastrtps_cpp;rosidl_typesupport_introspection_cpp
[0.624s] -- Found PythonInterp: /usr/bin/python3 (found suitable version "3.8.10", minimum required is "3.5") 
[0.625s] -- Found python_cmake_module: 0.8.1 (/opt/ros/foxy/share/python_cmake_module/cmake)
[0.649s] -- Found PythonLibs: /usr/lib/x86_64-linux-gnu/libpython3.8.so (found suitable version "3.8.10", minimum required is "3.5") 
[0.649s] -- Using PYTHON_EXECUTABLE: /usr/bin/python3
[0.649s] -- Using PYTHON_INCLUDE_DIRS: /usr/include/python3.8
[0.649s] -- Using PYTHON_LIBRARIES: /usr/lib/x86_64-linux-gnu/libpython3.8.so
[0.666s] -- Found PythonExtra: .so  
[0.698s] -- Added test 'copyright' to check source files copyright and LICENSE
[0.700s] -- Added test 'lint_cmake' to check CMake code style
[0.701s] -- Added test 'xmllint' to check XML markup files
[0.708s] -- Configuring done
[0.731s] -- Generating done
[0.733s] -- Build files have been written to: /home/nikorose/Documents/Repos/EkumenTechTest/build/tutorial_interfaces
[0.738s] Invoked command in '/home/nikorose/Documents/Repos/EkumenTechTest/build/tutorial_interfaces' returned '0': CMAKE_PREFIX_PATH=/home/nikorose/Documents/Repos/EkumenTechTest/install/py_srvcli:/home/nikorose/Documents/Repos/EkumenTechTest/install/main_pkg:/opt/ros/foxy /usr/bin/cmake /home/nikorose/Documents/Repos/EkumenTechTest/src/tutorial_interfaces -DCMAKE_INSTALL_PREFIX=/home/nikorose/Documents/Repos/EkumenTechTest/install/tutorial_interfaces
[0.740s] Invoking command in '/home/nikorose/Documents/Repos/EkumenTechTest/build/tutorial_interfaces': CMAKE_PREFIX_PATH=/home/nikorose/Documents/Repos/EkumenTechTest/install/py_srvcli:/home/nikorose/Documents/Repos/EkumenTechTest/install/main_pkg:/opt/ros/foxy /usr/bin/cmake --build /home/nikorose/Documents/Repos/EkumenTechTest/build/tutorial_interfaces -- -j8 -l8
[0.769s] [  2%] [34m[1mGenerating C code for ROS interfaces[0m
[0.769s] [35m[1mScanning dependencies of target tutorial_interfaces__cpp[0m
[0.777s] [  5%] [34m[1mGenerating C++ code for ROS interfaces[0m
[0.993s] [  5%] Built target tutorial_interfaces__cpp
[1.000s] [ 12%] [34m[1mGenerating C++ introspection for ROS interfaces[0m
[1.001s] [ 12%] [34m[1mGenerating C++ type support for eProsima Fast-RTPS[0m
[1.001s] [ 12%] [34m[1mGenerating C++ type support dispatch for ROS interfaces[0m
[1.055s] [35m[1mScanning dependencies of target tutorial_interfaces__rosidl_generator_c[0m
[1.065s] [ 15%] [32mBuilding C object CMakeFiles/tutorial_interfaces__rosidl_generator_c.dir/rosidl_generator_c/tutorial_interfaces/srv/detail/add_three_ints__functions.c.o[0m
[1.067s] [ 17%] [32mBuilding C object CMakeFiles/tutorial_interfaces__rosidl_generator_c.dir/rosidl_generator_c/tutorial_interfaces/msg/detail/num__functions.c.o[0m
[1.110s] [ 20%] [32m[1mLinking C shared library libtutorial_interfaces__rosidl_generator_c.so[0m
[1.135s] [ 20%] Built target tutorial_interfaces__rosidl_generator_c
[1.143s] [ 23%] [34m[1mGenerating C introspection for ROS interfaces[0m
[1.146s] [ 25%] [34m[1mGenerating C type support dispatch for ROS interfaces[0m
[1.198s] [35m[1mScanning dependencies of target tutorial_interfaces__rosidl_typesupport_cpp[0m
[1.216s] [ 28%] [32mBuilding CXX object CMakeFiles/tutorial_interfaces__rosidl_typesupport_cpp.dir/rosidl_typesupport_cpp/tutorial_interfaces/msg/num__type_support.cpp.o[0m
[1.218s] [ 30%] [32mBuilding CXX object CMakeFiles/tutorial_interfaces__rosidl_typesupport_cpp.dir/rosidl_typesupport_cpp/tutorial_interfaces/srv/add_three_ints__type_support.cpp.o[0m
[1.239s] [35m[1mScanning dependencies of target tutorial_interfaces__rosidl_typesupport_introspection_cpp[0m
[1.254s] [ 33%] [32mBuilding CXX object CMakeFiles/tutorial_interfaces__rosidl_typesupport_introspection_cpp.dir/rosidl_typesupport_introspection_cpp/tutorial_interfaces/srv/detail/add_three_ints__type_support.cpp.o[0m
[1.255s] [ 35%] [32mBuilding CXX object CMakeFiles/tutorial_interfaces__rosidl_typesupport_introspection_cpp.dir/rosidl_typesupport_introspection_cpp/tutorial_interfaces/msg/detail/num__type_support.cpp.o[0m
[1.281s] [35m[1mScanning dependencies of target tutorial_interfaces__rosidl_typesupport_fastrtps_cpp[0m
[1.324s] [ 38%] [32mBuilding CXX object CMakeFiles/tutorial_interfaces__rosidl_typesupport_fastrtps_cpp.dir/rosidl_typesupport_fastrtps_cpp/tutorial_interfaces/msg/detail/dds_fastrtps/num__type_support.cpp.o[0m
[1.362s] [ 41%] [32mBuilding CXX object CMakeFiles/tutorial_interfaces__rosidl_typesupport_fastrtps_cpp.dir/rosidl_typesupport_fastrtps_cpp/tutorial_interfaces/srv/detail/dds_fastrtps/add_three_ints__type_support.cpp.o[0m
[1.488s] [35m[1mScanning dependencies of target tutorial_interfaces__rosidl_typesupport_c[0m
[1.506s] [ 43%] [32mBuilding CXX object CMakeFiles/tutorial_interfaces__rosidl_typesupport_c.dir/rosidl_typesupport_c/tutorial_interfaces/msg/num__type_support.cpp.o[0m
[1.562s] [ 46%] [32mBuilding CXX object CMakeFiles/tutorial_interfaces__rosidl_typesupport_c.dir/rosidl_typesupport_c/tutorial_interfaces/srv/add_three_ints__type_support.cpp.o[0m
[1.580s] [35m[1mScanning dependencies of target tutorial_interfaces__rosidl_typesupport_introspection_c[0m
[1.601s] [ 48%] [32mBuilding C object CMakeFiles/tutorial_interfaces__rosidl_typesupport_introspection_c.dir/rosidl_typesupport_introspection_c/tutorial_interfaces/msg/detail/num__type_support.c.o[0m
[1.606s] [ 51%] [32m[1mLinking CXX shared library libtutorial_interfaces__rosidl_typesupport_c.so[0m
[1.616s] [ 53%] [32mBuilding C object CMakeFiles/tutorial_interfaces__rosidl_typesupport_introspection_c.dir/rosidl_typesupport_introspection_c/tutorial_interfaces/srv/detail/add_three_ints__type_support.c.o[0m
[1.649s] [ 56%] [32m[1mLinking CXX shared library libtutorial_interfaces__rosidl_typesupport_cpp.so[0m
[1.653s] [ 58%] [32m[1mLinking C shared library libtutorial_interfaces__rosidl_typesupport_introspection_c.so[0m
[1.656s] [ 61%] [32m[1mLinking CXX shared library libtutorial_interfaces__rosidl_typesupport_introspection_cpp.so[0m
[1.660s] [ 61%] Built target tutorial_interfaces__rosidl_typesupport_c
[1.681s] [ 61%] Built target tutorial_interfaces__rosidl_typesupport_introspection_c
[1.693s] [ 61%] Built target tutorial_interfaces__rosidl_typesupport_cpp
[1.699s] [ 61%] Built target tutorial_interfaces__rosidl_typesupport_introspection_cpp
[1.848s] [ 64%] [32m[1mLinking CXX shared library libtutorial_interfaces__rosidl_typesupport_fastrtps_cpp.so[0m
[1.911s] [ 64%] Built target tutorial_interfaces__rosidl_typesupport_fastrtps_cpp
[1.918s] [ 66%] [34m[1mGenerating C type support for eProsima Fast-RTPS[0m
[2.115s] [35m[1mScanning dependencies of target tutorial_interfaces__rosidl_typesupport_fastrtps_c[0m
[2.128s] [ 69%] [32mBuilding CXX object CMakeFiles/tutorial_interfaces__rosidl_typesupport_fastrtps_c.dir/rosidl_typesupport_fastrtps_c/tutorial_interfaces/msg/detail/num__type_support_c.cpp.o[0m
[2.128s] [ 71%] [32mBuilding CXX object CMakeFiles/tutorial_interfaces__rosidl_typesupport_fastrtps_c.dir/rosidl_typesupport_fastrtps_c/tutorial_interfaces/srv/detail/add_three_ints__type_support_c.cpp.o[0m
[2.397s] [ 74%] [32m[1mLinking CXX shared library libtutorial_interfaces__rosidl_typesupport_fastrtps_c.so[0m
[2.460s] [ 74%] Built target tutorial_interfaces__rosidl_typesupport_fastrtps_c
[2.467s] [35m[1mScanning dependencies of target tutorial_interfaces[0m
[2.474s] [ 74%] Built target tutorial_interfaces
[2.482s] [35m[1mScanning dependencies of target tutorial_interfaces__py[0m
[2.489s] [ 76%] [34m[1mGenerating Python code for ROS interfaces[0m
[2.893s] [ 76%] Built target tutorial_interfaces__py
[2.900s] [35m[1mScanning dependencies of target tutorial_interfaces__python[0m
[2.928s] [ 82%] [32mBuilding C object CMakeFiles/tutorial_interfaces__python.dir/rosidl_generator_py/tutorial_interfaces/msg/_num_s.c.o[0m
[2.928s] [ 82%] [32mBuilding C object CMakeFiles/tutorial_interfaces__python.dir/rosidl_generator_py/tutorial_interfaces/srv/_add_three_ints_s.c.o[0m
[3.003s] [ 84%] [32m[1mLinking C shared library rosidl_generator_py/tutorial_interfaces/libtutorial_interfaces__python.so[0m
[3.030s] [ 84%] Built target tutorial_interfaces__python
[3.038s] [35m[1mScanning dependencies of target tutorial_interfaces__rosidl_typesupport_c__pyext[0m
[3.039s] [35m[1mScanning dependencies of target tutorial_interfaces__rosidl_typesupport_fastrtps_c__pyext[0m
[3.039s] [35m[1mScanning dependencies of target tutorial_interfaces__rosidl_typesupport_introspection_c__pyext[0m
[3.053s] [ 87%] [32mBuilding C object CMakeFiles/tutorial_interfaces__rosidl_typesupport_fastrtps_c__pyext.dir/rosidl_generator_py/tutorial_interfaces/_tutorial_interfaces_s.ep.rosidl_typesupport_fastrtps_c.c.o[0m
[3.053s] [ 92%] [32mBuilding C object CMakeFiles/tutorial_interfaces__rosidl_typesupport_introspection_c__pyext.dir/rosidl_generator_py/tutorial_interfaces/_tutorial_interfaces_s.ep.rosidl_typesupport_introspection_c.c.o[0m
[3.054s] [ 92%] [32mBuilding C object CMakeFiles/tutorial_interfaces__rosidl_typesupport_c__pyext.dir/rosidl_generator_py/tutorial_interfaces/_tutorial_interfaces_s.ep.rosidl_typesupport_c.c.o[0m
[3.118s] [100%] [32m[1mLinking C shared library rosidl_generator_py/tutorial_interfaces/tutorial_interfaces_s__rosidl_typesupport_c.cpython-38-x86_64-linux-gnu.so[0m
[3.119s] [100%] [32m[1mLinking CXX shared library rosidl_generator_py/tutorial_interfaces/tutorial_interfaces_s__rosidl_typesupport_fastrtps_c.cpython-38-x86_64-linux-gnu.so[0m
[3.119s] [100%] [32m[1mLinking C shared library rosidl_generator_py/tutorial_interfaces/tutorial_interfaces_s__rosidl_typesupport_introspection_c.cpython-38-x86_64-linux-gnu.so[0m
[3.145s] [100%] Built target tutorial_interfaces__rosidl_typesupport_c__pyext
[3.146s] [100%] Built target tutorial_interfaces__rosidl_typesupport_introspection_c__pyext
[3.168s] [100%] Built target tutorial_interfaces__rosidl_typesupport_fastrtps_c__pyext
[3.176s] Invoked command in '/home/nikorose/Documents/Repos/EkumenTechTest/build/tutorial_interfaces' returned '0': CMAKE_PREFIX_PATH=/home/nikorose/Documents/Repos/EkumenTechTest/install/py_srvcli:/home/nikorose/Documents/Repos/EkumenTechTest/install/main_pkg:/opt/ros/foxy /usr/bin/cmake --build /home/nikorose/Documents/Repos/EkumenTechTest/build/tutorial_interfaces -- -j8 -l8
[3.223s] Invoking command in '/home/nikorose/Documents/Repos/EkumenTechTest/build/tutorial_interfaces': CMAKE_PREFIX_PATH=/home/nikorose/Documents/Repos/EkumenTechTest/install/py_srvcli:/home/nikorose/Documents/Repos/EkumenTechTest/install/main_pkg:/opt/ros/foxy /usr/bin/cmake --install /home/nikorose/Documents/Repos/EkumenTechTest/build/tutorial_interfaces
[3.230s] -- Install configuration: ""
[3.230s] -- Installing: /home/nikorose/Documents/Repos/EkumenTechTest/install/tutorial_interfaces/share/ament_index/resource_index/rosidl_interfaces/tutorial_interfaces
[3.230s] -- Installing: /home/nikorose/Documents/Repos/EkumenTechTest/install/tutorial_interfaces/include/tutorial_interfaces
[3.231s] -- Installing: /home/nikorose/Documents/Repos/EkumenTechTest/install/tutorial_interfaces/include/tutorial_interfaces/msg
[3.231s] -- Installing: /home/nikorose/Documents/Repos/EkumenTechTest/install/tutorial_interfaces/include/tutorial_interfaces/msg/num.h
[3.231s] -- Installing: /home/nikorose/Documents/Repos/EkumenTechTest/install/tutorial_interfaces/include/tutorial_interfaces/msg/rosidl_generator_c__visibility_control.h
[3.231s] -- Installing: /home/nikorose/Documents/Repos/EkumenTechTest/install/tutorial_interfaces/include/tutorial_interfaces/msg/detail
[3.231s] -- Installing: /home/nikorose/Documents/Repos/EkumenTechTest/install/tutorial_interfaces/include/tutorial_interfaces/msg/detail/num__struct.h
[3.231s] -- Installing: /home/nikorose/Documents/Repos/EkumenTechTest/install/tutorial_interfaces/include/tutorial_interfaces/msg/detail/num__type_support.h
[3.231s] -- Installing: /home/nikorose/Documents/Repos/EkumenTechTest/install/tutorial_interfaces/include/tutorial_interfaces/msg/detail/num__functions.h
[3.231s] -- Installing: /home/nikorose/Documents/Repos/EkumenTechTest/install/tutorial_interfaces/include/tutorial_interfaces/msg/detail/num__functions.c
[3.231s] -- Installing: /home/nikorose/Documents/Repos/EkumenTechTest/install/tutorial_interfaces/include/tutorial_interfaces/srv
[3.231s] -- Installing: /home/nikorose/Documents/Repos/EkumenTechTest/install/tutorial_interfaces/include/tutorial_interfaces/srv/detail
[3.231s] -- Installing: /home/nikorose/Documents/Repos/EkumenTechTest/install/tutorial_interfaces/include/tutorial_interfaces/srv/detail/add_three_ints__functions.h
[3.231s] -- Installing: /home/nikorose/Documents/Repos/EkumenTechTest/install/tutorial_interfaces/include/tutorial_interfaces/srv/detail/add_three_ints__struct.h
[3.232s] -- Installing: /home/nikorose/Documents/Repos/EkumenTechTest/install/tutorial_interfaces/include/tutorial_interfaces/srv/detail/add_three_ints__type_support.h
[3.232s] -- Installing: /home/nikorose/Documents/Repos/EkumenTechTest/install/tutorial_interfaces/include/tutorial_interfaces/srv/detail/add_three_ints__functions.c
[3.232s] -- Installing: /home/nikorose/Documents/Repos/EkumenTechTest/install/tutorial_interfaces/include/tutorial_interfaces/srv/add_three_ints.h
[3.232s] -- Installing: /home/nikorose/Documents/Repos/EkumenTechTest/install/tutorial_interfaces/share/tutorial_interfaces/environment/library_path.sh
[3.232s] -- Installing: /home/nikorose/Documents/Repos/EkumenTechTest/install/tutorial_interfaces/share/tutorial_interfaces/environment/library_path.dsv
[3.232s] -- Installing: /home/nikorose/Documents/Repos/EkumenTechTest/install/tutorial_interfaces/lib/libtutorial_interfaces__rosidl_generator_c.so
[3.232s] -- Set runtime path of "/home/nikorose/Documents/Repos/EkumenTechTest/install/tutorial_interfaces/lib/libtutorial_interfaces__rosidl_generator_c.so" to ""
[3.232s] -- Up-to-date: /home/nikorose/Documents/Repos/EkumenTechTest/install/tutorial_interfaces/include/tutorial_interfaces
[3.232s] -- Up-to-date: /home/nikorose/Documents/Repos/EkumenTechTest/install/tutorial_interfaces/include/tutorial_interfaces/msg
[3.232s] -- Up-to-date: /home/nikorose/Documents/Repos/EkumenTechTest/install/tutorial_interfaces/include/tutorial_interfaces/msg/detail
[3.232s] -- Installing: /home/nikorose/Documents/Repos/EkumenTechTest/install/tutorial_interfaces/include/tutorial_interfaces/msg/detail/num__rosidl_typesupport_fastrtps_c.h
[3.232s] -- Installing: /home/nikorose/Documents/Repos/EkumenTechTest/install/tutorial_interfaces/include/tutorial_interfaces/msg/rosidl_typesupport_fastrtps_c__visibility_control.h
[3.233s] -- Up-to-date: /home/nikorose/Documents/Repos/EkumenTechTest/install/tutorial_interfaces/include/tutorial_interfaces/srv
[3.233s] -- Up-to-date: /home/nikorose/Documents/Repos/EkumenTechTest/install/tutorial_interfaces/include/tutorial_interfaces/srv/detail
[3.233s] -- Installing: /home/nikorose/Documents/Repos/EkumenTechTest/install/tutorial_interfaces/include/tutorial_interfaces/srv/detail/add_three_ints__rosidl_typesupport_fastrtps_c.h
[3.233s] -- Installing: /home/nikorose/Documents/Repos/EkumenTechTest/install/tutorial_interfaces/lib/libtutorial_interfaces__rosidl_typesupport_fastrtps_c.so
[3.233s] -- Set runtime path of "/home/nikorose/Documents/Repos/EkumenTechTest/install/tutorial_interfaces/lib/libtutorial_interfaces__rosidl_typesupport_fastrtps_c.so" to ""
[3.233s] -- Up-to-date: /home/nikorose/Documents/Repos/EkumenTechTest/install/tutorial_interfaces/include/tutorial_interfaces
[3.233s] -- Up-to-date: /home/nikorose/Documents/Repos/EkumenTechTest/install/tutorial_interfaces/include/tutorial_interfaces/msg
[3.233s] -- Installing: /home/nikorose/Documents/Repos/EkumenTechTest/install/tutorial_interfaces/include/tutorial_interfaces/msg/rosidl_typesupport_fastrtps_cpp__visibility_control.h
[3.233s] -- Up-to-date: /home/nikorose/Documents/Repos/EkumenTechTest/install/tutorial_interfaces/include/tutorial_interfaces/msg/detail
[3.233s] -- Installing: /home/nikorose/Documents/Repos/EkumenTechTest/install/tutorial_interfaces/include/tutorial_interfaces/msg/detail/dds_fastrtps
[3.233s] -- Installing: /home/nikorose/Documents/Repos/EkumenTechTest/install/tutorial_interfaces/include/tutorial_interfaces/msg/detail/num__rosidl_typesupport_fastrtps_cpp.hpp
[3.234s] -- Up-to-date: /home/nikorose/Documents/Repos/EkumenTechTest/install/tutorial_interfaces/include/tutorial_interfaces/srv
[3.234s] -- Up-to-date: /home/nikorose/Documents/Repos/EkumenTechTest/install/tutorial_interfaces/include/tutorial_interfaces/srv/detail
[3.234s] -- Installing: /home/nikorose/Documents/Repos/EkumenTechTest/install/tutorial_interfaces/include/tutorial_interfaces/srv/detail/add_three_ints__rosidl_typesupport_fastrtps_cpp.hpp
[3.234s] -- Installing: /home/nikorose/Documents/Repos/EkumenTechTest/install/tutorial_interfaces/include/tutorial_interfaces/srv/detail/dds_fastrtps
[3.234s] -- Installing: /home/nikorose/Documents/Repos/EkumenTechTest/install/tutorial_interfaces/lib/libtutorial_interfaces__rosidl_typesupport_fastrtps_cpp.so
[3.234s] -- Set runtime path of "/home/nikorose/Documents/Repos/EkumenTechTest/install/tutorial_interfaces/lib/libtutorial_interfaces__rosidl_typesupport_fastrtps_cpp.so" to ""
[3.234s] -- Up-to-date: /home/nikorose/Documents/Repos/EkumenTechTest/install/tutorial_interfaces/include/tutorial_interfaces
[3.234s] -- Up-to-date: /home/nikorose/Documents/Repos/EkumenTechTest/install/tutorial_interfaces/include/tutorial_interfaces/msg
[3.234s] -- Installing: /home/nikorose/Documents/Repos/EkumenTechTest/install/tutorial_interfaces/include/tutorial_interfaces/msg/rosidl_typesupport_introspection_c__visibility_control.h
[3.234s] -- Up-to-date: /home/nikorose/Documents/Repos/EkumenTechTest/install/tutorial_interfaces/include/tutorial_interfaces/msg/detail
[3.235s] -- Installing: /home/nikorose/Documents/Repos/EkumenTechTest/install/tutorial_interfaces/include/tutorial_interfaces/msg/detail/num__rosidl_typesupport_introspection_c.h
[3.235s] -- Installing: /home/nikorose/Documents/Repos/EkumenTechTest/install/tutorial_interfaces/include/tutorial_interfaces/msg/detail/num__type_support.c
[3.235s] -- Up-to-date: /home/nikorose/Documents/Repos/EkumenTechTest/install/tutorial_interfaces/include/tutorial_interfaces/srv
[3.235s] -- Up-to-date: /home/nikorose/Documents/Repos/EkumenTechTest/install/tutorial_interfaces/include/tutorial_interfaces/srv/detail
[3.235s] -- Installing: /home/nikorose/Documents/Repos/EkumenTechTest/install/tutorial_interfaces/include/tutorial_interfaces/srv/detail/add_three_ints__type_support.c
[3.235s] -- Installing: /home/nikorose/Documents/Repos/EkumenTechTest/install/tutorial_interfaces/include/tutorial_interfaces/srv/detail/add_three_ints__rosidl_typesupport_introspection_c.h
[3.235s] -- Installing: /home/nikorose/Documents/Repos/EkumenTechTest/install/tutorial_interfaces/lib/libtutorial_interfaces__rosidl_typesupport_introspection_c.so
[3.235s] -- Set runtime path of "/home/nikorose/Documents/Repos/EkumenTechTest/install/tutorial_interfaces/lib/libtutorial_interfaces__rosidl_typesupport_introspection_c.so" to ""
[3.235s] -- Installing: /home/nikorose/Documents/Repos/EkumenTechTest/install/tutorial_interfaces/lib/libtutorial_interfaces__rosidl_typesupport_c.so
[3.236s] -- Set runtime path of "/home/nikorose/Documents/Repos/EkumenTechTest/install/tutorial_interfaces/lib/libtutorial_interfaces__rosidl_typesupport_c.so" to ""
[3.236s] -- Up-to-date: /home/nikorose/Documents/Repos/EkumenTechTest/install/tutorial_interfaces/include/tutorial_interfaces
[3.236s] -- Up-to-date: /home/nikorose/Documents/Repos/EkumenTechTest/install/tutorial_interfaces/include/tutorial_interfaces/msg
[3.236s] -- Up-to-date: /home/nikorose/Documents/Repos/EkumenTechTest/install/tutorial_interfaces/include/tutorial_interfaces/msg/detail
[3.236s] -- Installing: /home/nikorose/Documents/Repos/EkumenTechTest/install/tutorial_interfaces/include/tutorial_interfaces/msg/detail/num__struct.hpp
[3.236s] -- Installing: /home/nikorose/Documents/Repos/EkumenTechTest/install/tutorial_interfaces/include/tutorial_interfaces/msg/detail/num__builder.hpp
[3.236s] -- Installing: /home/nikorose/Documents/Repos/EkumenTechTest/install/tutorial_interfaces/include/tutorial_interfaces/msg/detail/num__traits.hpp
[3.236s] -- Installing: /home/nikorose/Documents/Repos/EkumenTechTest/install/tutorial_interfaces/include/tutorial_interfaces/msg/num.hpp
[3.236s] -- Up-to-date: /home/nikorose/Documents/Repos/EkumenTechTest/install/tutorial_interfaces/include/tutorial_interfaces/srv
[3.236s] -- Installing: /home/nikorose/Documents/Repos/EkumenTechTest/install/tutorial_interfaces/include/tutorial_interfaces/srv/add_three_ints.hpp
[3.236s] -- Up-to-date: /home/nikorose/Documents/Repos/EkumenTechTest/install/tutorial_interfaces/include/tutorial_interfaces/srv/detail
[3.236s] -- Installing: /home/nikorose/Documents/Repos/EkumenTechTest/install/tutorial_interfaces/include/tutorial_interfaces/srv/detail/add_three_ints__struct.hpp
[3.237s] -- Installing: /home/nikorose/Documents/Repos/EkumenTechTest/install/tutorial_interfaces/include/tutorial_interfaces/srv/detail/add_three_ints__builder.hpp
[3.237s] -- Installing: /home/nikorose/Documents/Repos/EkumenTechTest/install/tutorial_interfaces/include/tutorial_interfaces/srv/detail/add_three_ints__traits.hpp
[3.237s] -- Up-to-date: /home/nikorose/Documents/Repos/EkumenTechTest/install/tutorial_interfaces/include/tutorial_interfaces
[3.237s] -- Up-to-date: /home/nikorose/Documents/Repos/EkumenTechTest/install/tutorial_interfaces/include/tutorial_interfaces/msg
[3.237s] -- Up-to-date: /home/nikorose/Documents/Repos/EkumenTechTest/install/tutorial_interfaces/include/tutorial_interfaces/msg/detail
[3.237s] -- Installing: /home/nikorose/Documents/Repos/EkumenTechTest/install/tutorial_interfaces/include/tutorial_interfaces/msg/detail/num__rosidl_typesupport_introspection_cpp.hpp
[3.237s] -- Installing: /home/nikorose/Documents/Repos/EkumenTechTest/install/tutorial_interfaces/include/tutorial_interfaces/msg/detail/num__type_support.cpp
[3.237s] -- Up-to-date: /home/nikorose/Documents/Repos/EkumenTechTest/install/tutorial_interfaces/include/tutorial_interfaces/srv
[3.237s] -- Up-to-date: /home/nikorose/Documents/Repos/EkumenTechTest/install/tutorial_interfaces/include/tutorial_interfaces/srv/detail
[3.237s] -- Installing: /home/nikorose/Documents/Repos/EkumenTechTest/install/tutorial_interfaces/include/tutorial_interfaces/srv/detail/add_three_ints__type_support.cpp
[3.237s] -- Installing: /home/nikorose/Documents/Repos/EkumenTechTest/install/tutorial_interfaces/include/tutorial_interfaces/srv/detail/add_three_ints__rosidl_typesupport_introspection_cpp.hpp
[3.237s] -- Installing: /home/nikorose/Documents/Repos/EkumenTechTest/install/tutorial_interfaces/lib/libtutorial_interfaces__rosidl_typesupport_introspection_cpp.so
[3.237s] -- Set runtime path of "/home/nikorose/Documents/Repos/EkumenTechTest/install/tutorial_interfaces/lib/libtutorial_interfaces__rosidl_typesupport_introspection_cpp.so" to ""
[3.237s] -- Installing: /home/nikorose/Documents/Repos/EkumenTechTest/install/tutorial_interfaces/lib/libtutorial_interfaces__rosidl_typesupport_cpp.so
[3.238s] -- Set runtime path of "/home/nikorose/Documents/Repos/EkumenTechTest/install/tutorial_interfaces/lib/libtutorial_interfaces__rosidl_typesupport_cpp.so" to ""
[3.238s] -- Installing: /home/nikorose/Documents/Repos/EkumenTechTest/install/tutorial_interfaces/share/tutorial_interfaces/environment/pythonpath.sh
[3.238s] -- Installing: /home/nikorose/Documents/Repos/EkumenTechTest/install/tutorial_interfaces/share/tutorial_interfaces/environment/pythonpath.dsv
[3.238s] -- Installing: /home/nikorose/Documents/Repos/EkumenTechTest/install/tutorial_interfaces/lib/python3.8/site-packages/tutorial_interfaces/__init__.py
[3.260s] Compiling '/home/nikorose/Documents/Repos/EkumenTechTest/install/tutorial_interfaces/lib/python3.8/site-packages/tutorial_interfaces/__init__.py'...
[3.263s] -- Installing: /home/nikorose/Documents/Repos/EkumenTechTest/install/tutorial_interfaces/lib/python3.8/site-packages/tutorial_interfaces/msg
[3.264s] -- Installing: /home/nikorose/Documents/Repos/EkumenTechTest/install/tutorial_interfaces/lib/python3.8/site-packages/tutorial_interfaces/msg/_num.py
[3.264s] -- Installing: /home/nikorose/Documents/Repos/EkumenTechTest/install/tutorial_interfaces/lib/python3.8/site-packages/tutorial_interfaces/msg/__init__.py
[3.264s] -- Installing: /home/nikorose/Documents/Repos/EkumenTechTest/install/tutorial_interfaces/lib/python3.8/site-packages/tutorial_interfaces/msg/_num_s.c
[3.264s] -- Installing: /home/nikorose/Documents/Repos/EkumenTechTest/install/tutorial_interfaces/lib/python3.8/site-packages/tutorial_interfaces/srv
[3.264s] -- Installing: /home/nikorose/Documents/Repos/EkumenTechTest/install/tutorial_interfaces/lib/python3.8/site-packages/tutorial_interfaces/srv/__init__.py
[3.264s] -- Installing: /home/nikorose/Documents/Repos/EkumenTechTest/install/tutorial_interfaces/lib/python3.8/site-packages/tutorial_interfaces/srv/_add_three_ints.py
[3.264s] -- Installing: /home/nikorose/Documents/Repos/EkumenTechTest/install/tutorial_interfaces/lib/python3.8/site-packages/tutorial_interfaces/srv/_add_three_ints_s.c
[3.264s] -- Installing: /home/nikorose/Documents/Repos/EkumenTechTest/install/tutorial_interfaces/lib/python3.8/site-packages/tutorial_interfaces/tutorial_interfaces_s__rosidl_typesupport_fastrtps_c.cpython-38-x86_64-linux-gnu.so
[3.265s] -- Set runtime path of "/home/nikorose/Documents/Repos/EkumenTechTest/install/tutorial_interfaces/lib/python3.8/site-packages/tutorial_interfaces/tutorial_interfaces_s__rosidl_typesupport_fastrtps_c.cpython-38-x86_64-linux-gnu.so" to ""
[3.265s] -- Installing: /home/nikorose/Documents/Repos/EkumenTechTest/install/tutorial_interfaces/lib/python3.8/site-packages/tutorial_interfaces/tutorial_interfaces_s__rosidl_typesupport_introspection_c.cpython-38-x86_64-linux-gnu.so
[3.265s] -- Set runtime path of "/home/nikorose/Documents/Repos/EkumenTechTest/install/tutorial_interfaces/lib/python3.8/site-packages/tutorial_interfaces/tutorial_interfaces_s__rosidl_typesupport_introspection_c.cpython-38-x86_64-linux-gnu.so" to ""
[3.266s] -- Installing: /home/nikorose/Documents/Repos/EkumenTechTest/install/tutorial_interfaces/lib/python3.8/site-packages/tutorial_interfaces/tutorial_interfaces_s__rosidl_typesupport_c.cpython-38-x86_64-linux-gnu.so
[3.266s] -- Set runtime path of "/home/nikorose/Documents/Repos/EkumenTechTest/install/tutorial_interfaces/lib/python3.8/site-packages/tutorial_interfaces/tutorial_interfaces_s__rosidl_typesupport_c.cpython-38-x86_64-linux-gnu.so" to ""
[3.266s] -- Installing: /home/nikorose/Documents/Repos/EkumenTechTest/install/tutorial_interfaces/lib/libtutorial_interfaces__python.so
[3.266s] -- Set runtime path of "/home/nikorose/Documents/Repos/EkumenTechTest/install/tutorial_interfaces/lib/libtutorial_interfaces__python.so" to ""
[3.267s] -- Installing: /home/nikorose/Documents/Repos/EkumenTechTest/install/tutorial_interfaces/share/tutorial_interfaces/msg/Num.idl
[3.267s] -- Installing: /home/nikorose/Documents/Repos/EkumenTechTest/install/tutorial_interfaces/share/tutorial_interfaces/srv/AddThreeInts.idl
[3.267s] -- Installing: /home/nikorose/Documents/Repos/EkumenTechTest/install/tutorial_interfaces/share/tutorial_interfaces/msg/Num.msg
[3.267s] -- Installing: /home/nikorose/Documents/Repos/EkumenTechTest/install/tutorial_interfaces/share/tutorial_interfaces/srv/AddThreeInts.srv
[3.267s] -- Installing: /home/nikorose/Documents/Repos/EkumenTechTest/install/tutorial_interfaces/share/tutorial_interfaces/srv/AddThreeInts_Request.msg
[3.267s] -- Installing: /home/nikorose/Documents/Repos/EkumenTechTest/install/tutorial_interfaces/share/tutorial_interfaces/srv/AddThreeInts_Response.msg
[3.267s] -- Installing: /home/nikorose/Documents/Repos/EkumenTechTest/install/tutorial_interfaces/share/ament_index/resource_index/package_run_dependencies/tutorial_interfaces
[3.268s] -- Installing: /home/nikorose/Documents/Repos/EkumenTechTest/install/tutorial_interfaces/share/ament_index/resource_index/parent_prefix_path/tutorial_interfaces
[3.268s] -- Installing: /home/nikorose/Documents/Repos/EkumenTechTest/install/tutorial_interfaces/share/tutorial_interfaces/environment/ament_prefix_path.sh
[3.268s] -- Installing: /home/nikorose/Documents/Repos/EkumenTechTest/install/tutorial_interfaces/share/tutorial_interfaces/environment/ament_prefix_path.dsv
[3.268s] -- Installing: /home/nikorose/Documents/Repos/EkumenTechTest/install/tutorial_interfaces/share/tutorial_interfaces/environment/path.sh
[3.268s] -- Installing: /home/nikorose/Documents/Repos/EkumenTechTest/install/tutorial_interfaces/share/tutorial_interfaces/environment/path.dsv
[3.268s] -- Installing: /home/nikorose/Documents/Repos/EkumenTechTest/install/tutorial_interfaces/share/tutorial_interfaces/local_setup.bash
[3.268s] -- Installing: /home/nikorose/Documents/Repos/EkumenTechTest/install/tutorial_interfaces/share/tutorial_interfaces/local_setup.sh
[3.269s] -- Installing: /home/nikorose/Documents/Repos/EkumenTechTest/install/tutorial_interfaces/share/tutorial_interfaces/local_setup.zsh
[3.269s] -- Installing: /home/nikorose/Documents/Repos/EkumenTechTest/install/tutorial_interfaces/share/tutorial_interfaces/local_setup.dsv
[3.269s] -- Installing: /home/nikorose/Documents/Repos/EkumenTechTest/install/tutorial_interfaces/share/tutorial_interfaces/package.dsv
[3.269s] -- Installing: /home/nikorose/Documents/Repos/EkumenTechTest/install/tutorial_interfaces/share/ament_index/resource_index/packages/tutorial_interfaces
[3.269s] -- Installing: /home/nikorose/Documents/Repos/EkumenTechTest/install/tutorial_interfaces/share/tutorial_interfaces/cmake/tutorial_interfaces__rosidl_generator_cExport.cmake
[3.269s] -- Installing: /home/nikorose/Documents/Repos/EkumenTechTest/install/tutorial_interfaces/share/tutorial_interfaces/cmake/tutorial_interfaces__rosidl_generator_cExport-noconfig.cmake
[3.269s] -- Installing: /home/nikorose/Documents/Repos/EkumenTechTest/install/tutorial_interfaces/share/tutorial_interfaces/cmake/tutorial_interfaces__rosidl_typesupport_introspection_cExport.cmake
[3.269s] -- Installing: /home/nikorose/Documents/Repos/EkumenTechTest/install/tutorial_interfaces/share/tutorial_interfaces/cmake/tutorial_interfaces__rosidl_typesupport_introspection_cExport-noconfig.cmake
[3.269s] -- Installing: /home/nikorose/Documents/Repos/EkumenTechTest/install/tutorial_interfaces/share/tutorial_interfaces/cmake/tutorial_interfaces__rosidl_typesupport_cExport.cmake
[3.269s] -- Installing: /home/nikorose/Documents/Repos/EkumenTechTest/install/tutorial_interfaces/share/tutorial_interfaces/cmake/tutorial_interfaces__rosidl_typesupport_cExport-noconfig.cmake
[3.270s] -- Installing: /home/nikorose/Documents/Repos/EkumenTechTest/install/tutorial_interfaces/share/tutorial_interfaces/cmake/tutorial_interfaces__rosidl_generator_cppExport.cmake
[3.270s] -- Installing: /home/nikorose/Documents/Repos/EkumenTechTest/install/tutorial_interfaces/share/tutorial_interfaces/cmake/tutorial_interfaces__rosidl_typesupport_introspection_cppExport.cmake
[3.270s] -- Installing: /home/nikorose/Documents/Repos/EkumenTechTest/install/tutorial_interfaces/share/tutorial_interfaces/cmake/tutorial_interfaces__rosidl_typesupport_introspection_cppExport-noconfig.cmake
[3.270s] -- Installing: /home/nikorose/Documents/Repos/EkumenTechTest/install/tutorial_interfaces/share/tutorial_interfaces/cmake/tutorial_interfaces__rosidl_typesupport_cppExport.cmake
[3.270s] -- Installing: /home/nikorose/Documents/Repos/EkumenTechTest/install/tutorial_interfaces/share/tutorial_interfaces/cmake/tutorial_interfaces__rosidl_typesupport_cppExport-noconfig.cmake
[3.270s] -- Installing: /home/nikorose/Documents/Repos/EkumenTechTest/install/tutorial_interfaces/share/tutorial_interfaces/cmake/rosidl_cmake-extras.cmake
[3.270s] -- Installing: /home/nikorose/Documents/Repos/EkumenTechTest/install/tutorial_interfaces/share/tutorial_interfaces/cmake/ament_cmake_export_dependencies-extras.cmake
[3.270s] -- Installing: /home/nikorose/Documents/Repos/EkumenTechTest/install/tutorial_interfaces/share/tutorial_interfaces/cmake/ament_cmake_export_libraries-extras.cmake
[3.270s] -- Installing: /home/nikorose/Documents/Repos/EkumenTechTest/install/tutorial_interfaces/share/tutorial_interfaces/cmake/ament_cmake_export_targets-extras.cmake
[3.270s] -- Installing: /home/nikorose/Documents/Repos/EkumenTechTest/install/tutorial_interfaces/share/tutorial_interfaces/cmake/ament_cmake_export_include_directories-extras.cmake
[3.271s] -- Installing: /home/nikorose/Documents/Repos/EkumenTechTest/install/tutorial_interfaces/share/tutorial_interfaces/cmake/rosidl_cmake_export_typesupport_libraries-extras.cmake
[3.271s] -- Installing: /home/nikorose/Documents/Repos/EkumenTechTest/install/tutorial_interfaces/share/tutorial_interfaces/cmake/rosidl_cmake_export_typesupport_targets-extras.cmake
[3.271s] -- Installing: /home/nikorose/Documents/Repos/EkumenTechTest/install/tutorial_interfaces/share/tutorial_interfaces/cmake/tutorial_interfacesConfig.cmake
[3.271s] -- Installing: /home/nikorose/Documents/Repos/EkumenTechTest/install/tutorial_interfaces/share/tutorial_interfaces/cmake/tutorial_interfacesConfig-version.cmake
[3.271s] -- Installing: /home/nikorose/Documents/Repos/EkumenTechTest/install/tutorial_interfaces/share/tutorial_interfaces/package.xml
[3.273s] Invoked command in '/home/nikorose/Documents/Repos/EkumenTechTest/build/tutorial_interfaces' returned '0': CMAKE_PREFIX_PATH=/home/nikorose/Documents/Repos/EkumenTechTest/install/py_srvcli:/home/nikorose/Documents/Repos/EkumenTechTest/install/main_pkg:/opt/ros/foxy /usr/bin/cmake --install /home/nikorose/Documents/Repos/EkumenTechTest/build/tutorial_interfaces
