[0.012s] Invoking command in '/home/nikorose/Documents/Repos/EkumenTechTest/src/actions_ws/src/action_tutorials_interfaces/build/action_tutorials_interfaces': CMAKE_PREFIX_PATH=${CMAKE_PREFIX_PATH}:/opt/ros/foxy /usr/bin/cmake --build /home/nikorose/Documents/Repos/EkumenTechTest/src/actions_ws/src/action_tutorials_interfaces/build/action_tutorials_interfaces -- -j8 -l8
[0.035s] -- Found ament_cmake: 0.9.9 (/opt/ros/foxy/share/ament_cmake/cmake)
[0.051s] -- Using PYTHON_EXECUTABLE: /usr/bin/python3
[0.203s] -- Found ament_lint_auto: 0.9.6 (/opt/ros/foxy/share/ament_lint_auto/cmake)
[0.250s] -- Found rosidl_default_generators: 1.0.1 (/opt/ros/foxy/share/rosidl_default_generators/cmake)
[0.253s] -- Using all available rosidl_typesupport_c: rosidl_typesupport_fastrtps_c;rosidl_typesupport_introspection_c
[0.259s] -- Found rosidl_adapter: 1.2.1 (/opt/ros/foxy/share/rosidl_adapter/cmake)
[0.340s] -- Found OpenSSL: /usr/lib/x86_64-linux-gnu/libcrypto.so (found version "1.1.1f")  
[0.362s] -- Found FastRTPS: /opt/ros/foxy/include  
[0.426s] -- Using all available rosidl_typesupport_cpp: rosidl_typesupport_fastrtps_cpp;rosidl_typesupport_introspection_cpp
[0.465s] -- Found PythonInterp: /usr/bin/python3 (found version "3.8.10") 
[0.573s] -- Found ament_cmake_ros: 0.9.2 (/opt/ros/foxy/share/ament_cmake_ros/cmake)
[0.672s] -- Using all available rosidl_typesupport_c: rosidl_typesupport_fastrtps_c;rosidl_typesupport_introspection_c
[0.690s] -- Using all available rosidl_typesupport_cpp: rosidl_typesupport_fastrtps_cpp;rosidl_typesupport_introspection_cpp
[0.712s] -- Found PythonInterp: /usr/bin/python3 (found suitable version "3.8.10", minimum required is "3.5") 
[0.713s] -- Found python_cmake_module: 0.8.1 (/opt/ros/foxy/share/python_cmake_module/cmake)
[0.737s] -- Found PythonLibs: /usr/lib/x86_64-linux-gnu/libpython3.8.so (found suitable version "3.8.10", minimum required is "3.5") 
[0.737s] -- Using PYTHON_EXECUTABLE: /usr/bin/python3
[0.737s] -- Using PYTHON_INCLUDE_DIRS: /usr/include/python3.8
[0.737s] -- Using PYTHON_LIBRARIES: /usr/lib/x86_64-linux-gnu/libpython3.8.so
[0.753s] -- Found PythonExtra: .so  
[0.792s] -- Added test 'copyright' to check source files copyright and LICENSE
[0.800s] -- Added test 'cppcheck' to perform static code analysis on C / C++ code
[0.802s] -- Configured cppcheck include dirs: $<BUILD_INTERFACE:/home/nikorose/Documents/Repos/EkumenTechTest/src/actions_ws/src/action_tutorials_interfaces/build/action_tutorials_interfaces/rosidl_generator_c>;/home/nikorose/Documents/Repos/EkumenTechTest/src/actions_ws/src/action_tutorials_interfaces/build/action_tutorials_interfaces/rosidl_generator_c;/home/nikorose/Documents/Repos/EkumenTechTest/src/actions_ws/src/action_tutorials_interfaces/build/action_tutorials_interfaces/rosidl_generator_cpp;/home/nikorose/Documents/Repos/EkumenTechTest/src/actions_ws/src/action_tutorials_interfaces/build/action_tutorials_interfaces/rosidl_typesupport_fastrtps_c;/home/nikorose/Documents/Repos/EkumenTechTest/src/actions_ws/src/action_tutorials_interfaces/build/action_tutorials_interfaces/rosidl_typesupport_fastrtps_cpp;$<BUILD_INTERFACE:/home/nikorose/Documents/Repos/EkumenTechTest/src/actions_ws/src/action_tutorials_interfaces/build/action_tutorials_interfaces/rosidl_typesupport_introspection_c>;$<BUILD_INTERFACE:/home/nikorose/Documents/Repos/EkumenTechTest/src/actions_ws/src/action_tutorials_interfaces/build/action_tutorials_interfaces/rosidl_typesupport_c>;$<BUILD_INTERFACE:/home/nikorose/Documents/Repos/EkumenTechTest/src/actions_ws/src/action_tutorials_interfaces/build/action_tutorials_interfaces/rosidl_generator_cpp>;/home/nikorose/Documents/Repos/EkumenTechTest/src/actions_ws/src/action_tutorials_interfaces/build/action_tutorials_interfaces/rosidl_generator_py
[0.802s] -- Configured cppcheck exclude dirs and/or files: 
[0.811s] -- Added test 'cpplint' to check C / C++ code against the Google style
[0.811s] -- Configured cpplint exclude dirs and/or files: 
[0.812s] -- Added test 'flake8' to check Python code syntax and style conventions
[0.815s] -- Added test 'lint_cmake' to check CMake code style
[0.816s] -- Added test 'pep257' to check Python code against some of the style conventions in PEP 257
[0.824s] -- Added test 'uncrustify' to check C / C++ code style
[0.825s] -- Configured uncrustify additional arguments: 
[0.826s] -- Added test 'xmllint' to check XML markup files
[0.833s] -- Configuring done
[0.869s] -- Generating done
[0.871s] -- Build files have been written to: /home/nikorose/Documents/Repos/EkumenTechTest/src/actions_ws/src/action_tutorials_interfaces/build/action_tutorials_interfaces
[0.892s] [  3%] [34m[1mGenerating C code for ROS interfaces[0m
[0.892s] [35m[1mScanning dependencies of target action_tutorials_interfaces__cpp[0m
[0.900s] [  6%] [34m[1mGenerating C++ code for ROS interfaces[0m
[1.168s] [35m[1mScanning dependencies of target action_tutorials_interfaces__rosidl_generator_c[0m
[1.178s] [  9%] [32mBuilding C object CMakeFiles/action_tutorials_interfaces__rosidl_generator_c.dir/rosidl_generator_c/action_tutorials_interfaces/action/detail/fibonacci__functions.c.o[0m
[1.185s] [  9%] Built target action_tutorials_interfaces__cpp
[1.193s] [ 19%] [34m[1mGenerating C++ type support dispatch for ROS interfaces[0m
[1.193s] [ 19%] [34m[1mGenerating C++ introspection for ROS interfaces[0m
[1.193s] [ 19%] [34m[1mGenerating C++ type support for eProsima Fast-RTPS[0m
[1.247s] [ 22%] [32m[1mLinking C shared library libaction_tutorials_interfaces__rosidl_generator_c.so[0m
[1.278s] [ 22%] Built target action_tutorials_interfaces__rosidl_generator_c
[1.286s] [ 25%] [34m[1mGenerating C introspection for ROS interfaces[0m
[1.289s] [ 29%] [34m[1mGenerating C type support dispatch for ROS interfaces[0m
[1.399s] [35m[1mScanning dependencies of target action_tutorials_interfaces__rosidl_typesupport_cpp[0m
[1.413s] [ 32%] [32mBuilding CXX object CMakeFiles/action_tutorials_interfaces__rosidl_typesupport_cpp.dir/rosidl_typesupport_cpp/action_tutorials_interfaces/action/fibonacci__type_support.cpp.o[0m
[1.442s] [35m[1mScanning dependencies of target action_tutorials_interfaces__rosidl_typesupport_introspection_cpp[0m
[1.456s] [ 35%] [32mBuilding CXX object CMakeFiles/action_tutorials_interfaces__rosidl_typesupport_introspection_cpp.dir/rosidl_typesupport_introspection_cpp/action_tutorials_interfaces/action/detail/fibonacci__type_support.cpp.o[0m
[1.482s] [35m[1mScanning dependencies of target action_tutorials_interfaces__rosidl_typesupport_fastrtps_cpp[0m
[1.499s] [ 38%] [32mBuilding CXX object CMakeFiles/action_tutorials_interfaces__rosidl_typesupport_fastrtps_cpp.dir/rosidl_typesupport_fastrtps_cpp/action_tutorials_interfaces/action/detail/dds_fastrtps/fibonacci__type_support.cpp.o[0m
[1.637s] [35m[1mScanning dependencies of target action_tutorials_interfaces__rosidl_typesupport_c[0m
[1.654s] [ 41%] [32mBuilding CXX object CMakeFiles/action_tutorials_interfaces__rosidl_typesupport_c.dir/rosidl_typesupport_c/action_tutorials_interfaces/action/fibonacci__type_support.cpp.o[0m
[1.699s] [ 45%] [32m[1mLinking CXX shared library libaction_tutorials_interfaces__rosidl_typesupport_cpp.so[0m
[1.728s] [35m[1mScanning dependencies of target action_tutorials_interfaces__rosidl_typesupport_introspection_c[0m
[1.746s] [ 48%] [32mBuilding C object CMakeFiles/action_tutorials_interfaces__rosidl_typesupport_introspection_c.dir/rosidl_typesupport_introspection_c/action_tutorials_interfaces/action/detail/fibonacci__type_support.c.o[0m
[1.747s] [ 51%] [32m[1mLinking CXX shared library libaction_tutorials_interfaces__rosidl_typesupport_c.so[0m
[1.759s] [ 51%] Built target action_tutorials_interfaces__rosidl_typesupport_cpp
[1.789s] [ 51%] Built target action_tutorials_interfaces__rosidl_typesupport_c
[1.794s] [ 54%] [32m[1mLinking C shared library libaction_tutorials_interfaces__rosidl_typesupport_introspection_c.so[0m
[1.802s] [ 58%] [32m[1mLinking CXX shared library libaction_tutorials_interfaces__rosidl_typesupport_introspection_cpp.so[0m
[1.821s] [ 58%] Built target action_tutorials_interfaces__rosidl_typesupport_introspection_c
[1.870s] [ 58%] Built target action_tutorials_interfaces__rosidl_typesupport_introspection_cpp
[1.972s] [ 61%] [32m[1mLinking CXX shared library libaction_tutorials_interfaces__rosidl_typesupport_fastrtps_cpp.so[0m
[2.041s] [ 61%] Built target action_tutorials_interfaces__rosidl_typesupport_fastrtps_cpp
[2.048s] [ 64%] [34m[1mGenerating C type support for eProsima Fast-RTPS[0m
[2.304s] [35m[1mScanning dependencies of target action_tutorials_interfaces__rosidl_typesupport_fastrtps_c[0m
[2.318s] [ 67%] [32mBuilding CXX object CMakeFiles/action_tutorials_interfaces__rosidl_typesupport_fastrtps_c.dir/rosidl_typesupport_fastrtps_c/action_tutorials_interfaces/action/detail/fibonacci__type_support_c.cpp.o[0m
[2.606s] [ 70%] [32m[1mLinking CXX shared library libaction_tutorials_interfaces__rosidl_typesupport_fastrtps_c.so[0m
[2.672s] [ 70%] Built target action_tutorials_interfaces__rosidl_typesupport_fastrtps_c
[2.679s] [35m[1mScanning dependencies of target action_tutorials_interfaces[0m
[2.687s] [ 70%] Built target action_tutorials_interfaces
[2.694s] [35m[1mScanning dependencies of target action_tutorials_interfaces__py[0m
[2.701s] [ 74%] [34m[1mGenerating Python code for ROS interfaces[0m
[3.294s] [ 74%] Built target action_tutorials_interfaces__py
[3.301s] [35m[1mScanning dependencies of target action_tutorials_interfaces__python[0m
[3.315s] [ 77%] [32mBuilding C object CMakeFiles/action_tutorials_interfaces__python.dir/rosidl_generator_py/action_tutorials_interfaces/action/_fibonacci_s.c.o[0m
[3.415s] [ 80%] [32m[1mLinking C shared library rosidl_generator_py/action_tutorials_interfaces/libaction_tutorials_interfaces__python.so[0m
[3.446s] [ 80%] Built target action_tutorials_interfaces__python
[3.454s] [35m[1mScanning dependencies of target action_tutorials_interfaces__rosidl_typesupport_c__pyext[0m
[3.454s] [35m[1mScanning dependencies of target action_tutorials_interfaces__rosidl_typesupport_introspection_c__pyext[0m
[3.454s] [35m[1mScanning dependencies of target action_tutorials_interfaces__rosidl_typesupport_fastrtps_c__pyext[0m
[3.467s] [ 83%] [32mBuilding C object CMakeFiles/action_tutorials_interfaces__rosidl_typesupport_c__pyext.dir/rosidl_generator_py/action_tutorials_interfaces/_action_tutorials_interfaces_s.ep.rosidl_typesupport_c.c.o[0m
[3.469s] [ 87%] [32mBuilding C object CMakeFiles/action_tutorials_interfaces__rosidl_typesupport_introspection_c__pyext.dir/rosidl_generator_py/action_tutorials_interfaces/_action_tutorials_interfaces_s.ep.rosidl_typesupport_introspection_c.c.o[0m
[3.471s] [ 90%] [32mBuilding C object CMakeFiles/action_tutorials_interfaces__rosidl_typesupport_fastrtps_c__pyext.dir/rosidl_generator_py/action_tutorials_interfaces/_action_tutorials_interfaces_s.ep.rosidl_typesupport_fastrtps_c.c.o[0m
[3.547s] [ 93%] [32m[1mLinking C shared library rosidl_generator_py/action_tutorials_interfaces/action_tutorials_interfaces_s__rosidl_typesupport_c.cpython-38-x86_64-linux-gnu.so[0m
[3.549s] [100%] [32m[1mLinking CXX shared library rosidl_generator_py/action_tutorials_interfaces/action_tutorials_interfaces_s__rosidl_typesupport_fastrtps_c.cpython-38-x86_64-linux-gnu.so[0m
[3.549s] [100%] [32m[1mLinking C shared library rosidl_generator_py/action_tutorials_interfaces/action_tutorials_interfaces_s__rosidl_typesupport_introspection_c.cpython-38-x86_64-linux-gnu.so[0m
[3.578s] [100%] Built target action_tutorials_interfaces__rosidl_typesupport_c__pyext
[3.579s] [100%] Built target action_tutorials_interfaces__rosidl_typesupport_introspection_c__pyext
[3.602s] [100%] Built target action_tutorials_interfaces__rosidl_typesupport_fastrtps_c__pyext
[3.611s] Invoked command in '/home/nikorose/Documents/Repos/EkumenTechTest/src/actions_ws/src/action_tutorials_interfaces/build/action_tutorials_interfaces' returned '0': CMAKE_PREFIX_PATH=${CMAKE_PREFIX_PATH}:/opt/ros/foxy /usr/bin/cmake --build /home/nikorose/Documents/Repos/EkumenTechTest/src/actions_ws/src/action_tutorials_interfaces/build/action_tutorials_interfaces -- -j8 -l8
[3.651s] Invoking command in '/home/nikorose/Documents/Repos/EkumenTechTest/src/actions_ws/src/action_tutorials_interfaces/build/action_tutorials_interfaces': CMAKE_PREFIX_PATH=${CMAKE_PREFIX_PATH}:/opt/ros/foxy /usr/bin/cmake --install /home/nikorose/Documents/Repos/EkumenTechTest/src/actions_ws/src/action_tutorials_interfaces/build/action_tutorials_interfaces
[3.657s] -- Install configuration: ""
[3.657s] -- Installing: /home/nikorose/Documents/Repos/EkumenTechTest/src/actions_ws/src/action_tutorials_interfaces/install/action_tutorials_interfaces/share/ament_index/resource_index/rosidl_interfaces/action_tutorials_interfaces
[3.657s] -- Installing: /home/nikorose/Documents/Repos/EkumenTechTest/src/actions_ws/src/action_tutorials_interfaces/install/action_tutorials_interfaces/include/action_tutorials_interfaces
[3.657s] -- Installing: /home/nikorose/Documents/Repos/EkumenTechTest/src/actions_ws/src/action_tutorials_interfaces/install/action_tutorials_interfaces/include/action_tutorials_interfaces/msg
[3.657s] -- Installing: /home/nikorose/Documents/Repos/EkumenTechTest/src/actions_ws/src/action_tutorials_interfaces/install/action_tutorials_interfaces/include/action_tutorials_interfaces/msg/rosidl_generator_c__visibility_control.h
[3.657s] -- Installing: /home/nikorose/Documents/Repos/EkumenTechTest/src/actions_ws/src/action_tutorials_interfaces/install/action_tutorials_interfaces/include/action_tutorials_interfaces/action
[3.657s] -- Installing: /home/nikorose/Documents/Repos/EkumenTechTest/src/actions_ws/src/action_tutorials_interfaces/install/action_tutorials_interfaces/include/action_tutorials_interfaces/action/detail
[3.657s] -- Installing: /home/nikorose/Documents/Repos/EkumenTechTest/src/actions_ws/src/action_tutorials_interfaces/install/action_tutorials_interfaces/include/action_tutorials_interfaces/action/detail/fibonacci__functions.c
[3.657s] -- Installing: /home/nikorose/Documents/Repos/EkumenTechTest/src/actions_ws/src/action_tutorials_interfaces/install/action_tutorials_interfaces/include/action_tutorials_interfaces/action/detail/fibonacci__type_support.h
[3.657s] -- Installing: /home/nikorose/Documents/Repos/EkumenTechTest/src/actions_ws/src/action_tutorials_interfaces/install/action_tutorials_interfaces/include/action_tutorials_interfaces/action/detail/fibonacci__struct.h
[3.657s] -- Installing: /home/nikorose/Documents/Repos/EkumenTechTest/src/actions_ws/src/action_tutorials_interfaces/install/action_tutorials_interfaces/include/action_tutorials_interfaces/action/detail/fibonacci__functions.h
[3.657s] -- Installing: /home/nikorose/Documents/Repos/EkumenTechTest/src/actions_ws/src/action_tutorials_interfaces/install/action_tutorials_interfaces/include/action_tutorials_interfaces/action/fibonacci.h
[3.657s] -- Installing: /home/nikorose/Documents/Repos/EkumenTechTest/src/actions_ws/src/action_tutorials_interfaces/install/action_tutorials_interfaces/share/action_tutorials_interfaces/environment/library_path.sh
[3.658s] -- Installing: /home/nikorose/Documents/Repos/EkumenTechTest/src/actions_ws/src/action_tutorials_interfaces/install/action_tutorials_interfaces/share/action_tutorials_interfaces/environment/library_path.dsv
[3.658s] -- Installing: /home/nikorose/Documents/Repos/EkumenTechTest/src/actions_ws/src/action_tutorials_interfaces/install/action_tutorials_interfaces/lib/libaction_tutorials_interfaces__rosidl_generator_c.so
[3.658s] -- Set runtime path of "/home/nikorose/Documents/Repos/EkumenTechTest/src/actions_ws/src/action_tutorials_interfaces/install/action_tutorials_interfaces/lib/libaction_tutorials_interfaces__rosidl_generator_c.so" to ""
[3.658s] -- Up-to-date: /home/nikorose/Documents/Repos/EkumenTechTest/src/actions_ws/src/action_tutorials_interfaces/install/action_tutorials_interfaces/include/action_tutorials_interfaces
[3.658s] -- Up-to-date: /home/nikorose/Documents/Repos/EkumenTechTest/src/actions_ws/src/action_tutorials_interfaces/install/action_tutorials_interfaces/include/action_tutorials_interfaces/msg
[3.658s] -- Installing: /home/nikorose/Documents/Repos/EkumenTechTest/src/actions_ws/src/action_tutorials_interfaces/install/action_tutorials_interfaces/include/action_tutorials_interfaces/msg/rosidl_typesupport_fastrtps_c__visibility_control.h
[3.658s] -- Up-to-date: /home/nikorose/Documents/Repos/EkumenTechTest/src/actions_ws/src/action_tutorials_interfaces/install/action_tutorials_interfaces/include/action_tutorials_interfaces/action
[3.658s] -- Up-to-date: /home/nikorose/Documents/Repos/EkumenTechTest/src/actions_ws/src/action_tutorials_interfaces/install/action_tutorials_interfaces/include/action_tutorials_interfaces/action/detail
[3.658s] -- Installing: /home/nikorose/Documents/Repos/EkumenTechTest/src/actions_ws/src/action_tutorials_interfaces/install/action_tutorials_interfaces/include/action_tutorials_interfaces/action/detail/fibonacci__rosidl_typesupport_fastrtps_c.h
[3.658s] -- Installing: /home/nikorose/Documents/Repos/EkumenTechTest/src/actions_ws/src/action_tutorials_interfaces/install/action_tutorials_interfaces/lib/libaction_tutorials_interfaces__rosidl_typesupport_fastrtps_c.so
[3.659s] -- Set runtime path of "/home/nikorose/Documents/Repos/EkumenTechTest/src/actions_ws/src/action_tutorials_interfaces/install/action_tutorials_interfaces/lib/libaction_tutorials_interfaces__rosidl_typesupport_fastrtps_c.so" to ""
[3.659s] -- Up-to-date: /home/nikorose/Documents/Repos/EkumenTechTest/src/actions_ws/src/action_tutorials_interfaces/install/action_tutorials_interfaces/include/action_tutorials_interfaces
[3.659s] -- Up-to-date: /home/nikorose/Documents/Repos/EkumenTechTest/src/actions_ws/src/action_tutorials_interfaces/install/action_tutorials_interfaces/include/action_tutorials_interfaces/msg
[3.659s] -- Installing: /home/nikorose/Documents/Repos/EkumenTechTest/src/actions_ws/src/action_tutorials_interfaces/install/action_tutorials_interfaces/include/action_tutorials_interfaces/msg/rosidl_typesupport_fastrtps_cpp__visibility_control.h
[3.659s] -- Up-to-date: /home/nikorose/Documents/Repos/EkumenTechTest/src/actions_ws/src/action_tutorials_interfaces/install/action_tutorials_interfaces/include/action_tutorials_interfaces/action
[3.659s] -- Up-to-date: /home/nikorose/Documents/Repos/EkumenTechTest/src/actions_ws/src/action_tutorials_interfaces/install/action_tutorials_interfaces/include/action_tutorials_interfaces/action/detail
[3.659s] -- Installing: /home/nikorose/Documents/Repos/EkumenTechTest/src/actions_ws/src/action_tutorials_interfaces/install/action_tutorials_interfaces/include/action_tutorials_interfaces/action/detail/fibonacci__rosidl_typesupport_fastrtps_cpp.hpp
[3.659s] -- Installing: /home/nikorose/Documents/Repos/EkumenTechTest/src/actions_ws/src/action_tutorials_interfaces/install/action_tutorials_interfaces/include/action_tutorials_interfaces/action/detail/dds_fastrtps
[3.659s] -- Installing: /home/nikorose/Documents/Repos/EkumenTechTest/src/actions_ws/src/action_tutorials_interfaces/install/action_tutorials_interfaces/lib/libaction_tutorials_interfaces__rosidl_typesupport_fastrtps_cpp.so
[3.659s] -- Set runtime path of "/home/nikorose/Documents/Repos/EkumenTechTest/src/actions_ws/src/action_tutorials_interfaces/install/action_tutorials_interfaces/lib/libaction_tutorials_interfaces__rosidl_typesupport_fastrtps_cpp.so" to ""
[3.659s] -- Up-to-date: /home/nikorose/Documents/Repos/EkumenTechTest/src/actions_ws/src/action_tutorials_interfaces/install/action_tutorials_interfaces/include/action_tutorials_interfaces
[3.660s] -- Up-to-date: /home/nikorose/Documents/Repos/EkumenTechTest/src/actions_ws/src/action_tutorials_interfaces/install/action_tutorials_interfaces/include/action_tutorials_interfaces/msg
[3.660s] -- Installing: /home/nikorose/Documents/Repos/EkumenTechTest/src/actions_ws/src/action_tutorials_interfaces/install/action_tutorials_interfaces/include/action_tutorials_interfaces/msg/rosidl_typesupport_introspection_c__visibility_control.h
[3.660s] -- Up-to-date: /home/nikorose/Documents/Repos/EkumenTechTest/src/actions_ws/src/action_tutorials_interfaces/install/action_tutorials_interfaces/include/action_tutorials_interfaces/action
[3.660s] -- Up-to-date: /home/nikorose/Documents/Repos/EkumenTechTest/src/actions_ws/src/action_tutorials_interfaces/install/action_tutorials_interfaces/include/action_tutorials_interfaces/action/detail
[3.660s] -- Installing: /home/nikorose/Documents/Repos/EkumenTechTest/src/actions_ws/src/action_tutorials_interfaces/install/action_tutorials_interfaces/include/action_tutorials_interfaces/action/detail/fibonacci__rosidl_typesupport_introspection_c.h
[3.660s] -- Installing: /home/nikorose/Documents/Repos/EkumenTechTest/src/actions_ws/src/action_tutorials_interfaces/install/action_tutorials_interfaces/include/action_tutorials_interfaces/action/detail/fibonacci__type_support.c
[3.660s] -- Installing: /home/nikorose/Documents/Repos/EkumenTechTest/src/actions_ws/src/action_tutorials_interfaces/install/action_tutorials_interfaces/lib/libaction_tutorials_interfaces__rosidl_typesupport_introspection_c.so
[3.660s] -- Set runtime path of "/home/nikorose/Documents/Repos/EkumenTechTest/src/actions_ws/src/action_tutorials_interfaces/install/action_tutorials_interfaces/lib/libaction_tutorials_interfaces__rosidl_typesupport_introspection_c.so" to ""
[3.660s] -- Installing: /home/nikorose/Documents/Repos/EkumenTechTest/src/actions_ws/src/action_tutorials_interfaces/install/action_tutorials_interfaces/lib/libaction_tutorials_interfaces__rosidl_typesupport_c.so
[3.660s] -- Set runtime path of "/home/nikorose/Documents/Repos/EkumenTechTest/src/actions_ws/src/action_tutorials_interfaces/install/action_tutorials_interfaces/lib/libaction_tutorials_interfaces__rosidl_typesupport_c.so" to ""
[3.661s] -- Up-to-date: /home/nikorose/Documents/Repos/EkumenTechTest/src/actions_ws/src/action_tutorials_interfaces/install/action_tutorials_interfaces/include/action_tutorials_interfaces
[3.661s] -- Up-to-date: /home/nikorose/Documents/Repos/EkumenTechTest/src/actions_ws/src/action_tutorials_interfaces/install/action_tutorials_interfaces/include/action_tutorials_interfaces/action
[3.661s] -- Up-to-date: /home/nikorose/Documents/Repos/EkumenTechTest/src/actions_ws/src/action_tutorials_interfaces/install/action_tutorials_interfaces/include/action_tutorials_interfaces/action/detail
[3.661s] -- Installing: /home/nikorose/Documents/Repos/EkumenTechTest/src/actions_ws/src/action_tutorials_interfaces/install/action_tutorials_interfaces/include/action_tutorials_interfaces/action/detail/fibonacci__builder.hpp
[3.661s] -- Installing: /home/nikorose/Documents/Repos/EkumenTechTest/src/actions_ws/src/action_tutorials_interfaces/install/action_tutorials_interfaces/include/action_tutorials_interfaces/action/detail/fibonacci__traits.hpp
[3.661s] -- Installing: /home/nikorose/Documents/Repos/EkumenTechTest/src/actions_ws/src/action_tutorials_interfaces/install/action_tutorials_interfaces/include/action_tutorials_interfaces/action/detail/fibonacci__struct.hpp
[3.661s] -- Installing: /home/nikorose/Documents/Repos/EkumenTechTest/src/actions_ws/src/action_tutorials_interfaces/install/action_tutorials_interfaces/include/action_tutorials_interfaces/action/fibonacci.hpp
[3.661s] -- Up-to-date: /home/nikorose/Documents/Repos/EkumenTechTest/src/actions_ws/src/action_tutorials_interfaces/install/action_tutorials_interfaces/include/action_tutorials_interfaces
[3.661s] -- Up-to-date: /home/nikorose/Documents/Repos/EkumenTechTest/src/actions_ws/src/action_tutorials_interfaces/install/action_tutorials_interfaces/include/action_tutorials_interfaces/action
[3.661s] -- Up-to-date: /home/nikorose/Documents/Repos/EkumenTechTest/src/actions_ws/src/action_tutorials_interfaces/install/action_tutorials_interfaces/include/action_tutorials_interfaces/action/detail
[3.661s] -- Installing: /home/nikorose/Documents/Repos/EkumenTechTest/src/actions_ws/src/action_tutorials_interfaces/install/action_tutorials_interfaces/include/action_tutorials_interfaces/action/detail/fibonacci__rosidl_typesupport_introspection_cpp.hpp
[3.661s] -- Installing: /home/nikorose/Documents/Repos/EkumenTechTest/src/actions_ws/src/action_tutorials_interfaces/install/action_tutorials_interfaces/include/action_tutorials_interfaces/action/detail/fibonacci__type_support.cpp
[3.661s] -- Installing: /home/nikorose/Documents/Repos/EkumenTechTest/src/actions_ws/src/action_tutorials_interfaces/install/action_tutorials_interfaces/lib/libaction_tutorials_interfaces__rosidl_typesupport_introspection_cpp.so
[3.662s] -- Set runtime path of "/home/nikorose/Documents/Repos/EkumenTechTest/src/actions_ws/src/action_tutorials_interfaces/install/action_tutorials_interfaces/lib/libaction_tutorials_interfaces__rosidl_typesupport_introspection_cpp.so" to ""
[3.662s] -- Installing: /home/nikorose/Documents/Repos/EkumenTechTest/src/actions_ws/src/action_tutorials_interfaces/install/action_tutorials_interfaces/lib/libaction_tutorials_interfaces__rosidl_typesupport_cpp.so
[3.662s] -- Set runtime path of "/home/nikorose/Documents/Repos/EkumenTechTest/src/actions_ws/src/action_tutorials_interfaces/install/action_tutorials_interfaces/lib/libaction_tutorials_interfaces__rosidl_typesupport_cpp.so" to ""
[3.662s] -- Installing: /home/nikorose/Documents/Repos/EkumenTechTest/src/actions_ws/src/action_tutorials_interfaces/install/action_tutorials_interfaces/share/action_tutorials_interfaces/environment/pythonpath.sh
[3.662s] -- Installing: /home/nikorose/Documents/Repos/EkumenTechTest/src/actions_ws/src/action_tutorials_interfaces/install/action_tutorials_interfaces/share/action_tutorials_interfaces/environment/pythonpath.dsv
[3.662s] -- Installing: /home/nikorose/Documents/Repos/EkumenTechTest/src/actions_ws/src/action_tutorials_interfaces/install/action_tutorials_interfaces/lib/python3.8/site-packages/action_tutorials_interfaces/__init__.py
[3.685s] Compiling '/home/nikorose/Documents/Repos/EkumenTechTest/src/actions_ws/src/action_tutorials_interfaces/install/action_tutorials_interfaces/lib/python3.8/site-packages/action_tutorials_interfaces/__init__.py'...
[3.688s] -- Installing: /home/nikorose/Documents/Repos/EkumenTechTest/src/actions_ws/src/action_tutorials_interfaces/install/action_tutorials_interfaces/lib/python3.8/site-packages/action_tutorials_interfaces/action
[3.688s] -- Installing: /home/nikorose/Documents/Repos/EkumenTechTest/src/actions_ws/src/action_tutorials_interfaces/install/action_tutorials_interfaces/lib/python3.8/site-packages/action_tutorials_interfaces/action/__init__.py
[3.688s] -- Installing: /home/nikorose/Documents/Repos/EkumenTechTest/src/actions_ws/src/action_tutorials_interfaces/install/action_tutorials_interfaces/lib/python3.8/site-packages/action_tutorials_interfaces/action/_fibonacci_s.c
[3.689s] -- Installing: /home/nikorose/Documents/Repos/EkumenTechTest/src/actions_ws/src/action_tutorials_interfaces/install/action_tutorials_interfaces/lib/python3.8/site-packages/action_tutorials_interfaces/action/_fibonacci.py
[3.689s] -- Installing: /home/nikorose/Documents/Repos/EkumenTechTest/src/actions_ws/src/action_tutorials_interfaces/install/action_tutorials_interfaces/lib/python3.8/site-packages/action_tutorials_interfaces/action_tutorials_interfaces_s__rosidl_typesupport_fastrtps_c.cpython-38-x86_64-linux-gnu.so
[3.689s] -- Set runtime path of "/home/nikorose/Documents/Repos/EkumenTechTest/src/actions_ws/src/action_tutorials_interfaces/install/action_tutorials_interfaces/lib/python3.8/site-packages/action_tutorials_interfaces/action_tutorials_interfaces_s__rosidl_typesupport_fastrtps_c.cpython-38-x86_64-linux-gnu.so" to ""
[3.690s] -- Installing: /home/nikorose/Documents/Repos/EkumenTechTest/src/actions_ws/src/action_tutorials_interfaces/install/action_tutorials_interfaces/lib/python3.8/site-packages/action_tutorials_interfaces/action_tutorials_interfaces_s__rosidl_typesupport_introspection_c.cpython-38-x86_64-linux-gnu.so
[3.690s] -- Set runtime path of "/home/nikorose/Documents/Repos/EkumenTechTest/src/actions_ws/src/action_tutorials_interfaces/install/action_tutorials_interfaces/lib/python3.8/site-packages/action_tutorials_interfaces/action_tutorials_interfaces_s__rosidl_typesupport_introspection_c.cpython-38-x86_64-linux-gnu.so" to ""
[3.690s] -- Installing: /home/nikorose/Documents/Repos/EkumenTechTest/src/actions_ws/src/action_tutorials_interfaces/install/action_tutorials_interfaces/lib/python3.8/site-packages/action_tutorials_interfaces/action_tutorials_interfaces_s__rosidl_typesupport_c.cpython-38-x86_64-linux-gnu.so
[3.691s] -- Set runtime path of "/home/nikorose/Documents/Repos/EkumenTechTest/src/actions_ws/src/action_tutorials_interfaces/install/action_tutorials_interfaces/lib/python3.8/site-packages/action_tutorials_interfaces/action_tutorials_interfaces_s__rosidl_typesupport_c.cpython-38-x86_64-linux-gnu.so" to ""
[3.691s] -- Installing: /home/nikorose/Documents/Repos/EkumenTechTest/src/actions_ws/src/action_tutorials_interfaces/install/action_tutorials_interfaces/lib/libaction_tutorials_interfaces__python.so
[3.691s] -- Set runtime path of "/home/nikorose/Documents/Repos/EkumenTechTest/src/actions_ws/src/action_tutorials_interfaces/install/action_tutorials_interfaces/lib/libaction_tutorials_interfaces__python.so" to ""
[3.691s] -- Installing: /home/nikorose/Documents/Repos/EkumenTechTest/src/actions_ws/src/action_tutorials_interfaces/install/action_tutorials_interfaces/share/action_tutorials_interfaces/action/Fibonacci.idl
[3.691s] -- Installing: /home/nikorose/Documents/Repos/EkumenTechTest/src/actions_ws/src/action_tutorials_interfaces/install/action_tutorials_interfaces/share/action_tutorials_interfaces/action/Fibonacci.action
[3.691s] -- Installing: /home/nikorose/Documents/Repos/EkumenTechTest/src/actions_ws/src/action_tutorials_interfaces/install/action_tutorials_interfaces/share/ament_index/resource_index/package_run_dependencies/action_tutorials_interfaces
[3.692s] -- Installing: /home/nikorose/Documents/Repos/EkumenTechTest/src/actions_ws/src/action_tutorials_interfaces/install/action_tutorials_interfaces/share/ament_index/resource_index/parent_prefix_path/action_tutorials_interfaces
[3.692s] -- Up-to-date: /home/nikorose/Documents/Repos/EkumenTechTest/src/actions_ws/src/action_tutorials_interfaces/install/action_tutorials_interfaces/share/action_tutorials_interfaces/environment/ament_prefix_path.sh
[3.692s] -- Installing: /home/nikorose/Documents/Repos/EkumenTechTest/src/actions_ws/src/action_tutorials_interfaces/install/action_tutorials_interfaces/share/action_tutorials_interfaces/environment/ament_prefix_path.dsv
[3.692s] -- Up-to-date: /home/nikorose/Documents/Repos/EkumenTechTest/src/actions_ws/src/action_tutorials_interfaces/install/action_tutorials_interfaces/share/action_tutorials_interfaces/environment/path.sh
[3.692s] -- Installing: /home/nikorose/Documents/Repos/EkumenTechTest/src/actions_ws/src/action_tutorials_interfaces/install/action_tutorials_interfaces/share/action_tutorials_interfaces/environment/path.dsv
[3.692s] -- Up-to-date: /home/nikorose/Documents/Repos/EkumenTechTest/src/actions_ws/src/action_tutorials_interfaces/install/action_tutorials_interfaces/share/action_tutorials_interfaces/local_setup.bash
[3.692s] -- Installing: /home/nikorose/Documents/Repos/EkumenTechTest/src/actions_ws/src/action_tutorials_interfaces/install/action_tutorials_interfaces/share/action_tutorials_interfaces/local_setup.sh
[3.692s] -- Up-to-date: /home/nikorose/Documents/Repos/EkumenTechTest/src/actions_ws/src/action_tutorials_interfaces/install/action_tutorials_interfaces/share/action_tutorials_interfaces/local_setup.zsh
[3.692s] -- Installing: /home/nikorose/Documents/Repos/EkumenTechTest/src/actions_ws/src/action_tutorials_interfaces/install/action_tutorials_interfaces/share/action_tutorials_interfaces/local_setup.dsv
[3.692s] -- Installing: /home/nikorose/Documents/Repos/EkumenTechTest/src/actions_ws/src/action_tutorials_interfaces/install/action_tutorials_interfaces/share/action_tutorials_interfaces/package.dsv
[3.692s] -- Up-to-date: /home/nikorose/Documents/Repos/EkumenTechTest/src/actions_ws/src/action_tutorials_interfaces/install/action_tutorials_interfaces/share/ament_index/resource_index/packages/action_tutorials_interfaces
[3.693s] -- Installing: /home/nikorose/Documents/Repos/EkumenTechTest/src/actions_ws/src/action_tutorials_interfaces/install/action_tutorials_interfaces/share/action_tutorials_interfaces/cmake/action_tutorials_interfaces__rosidl_generator_cExport.cmake
[3.693s] -- Installing: /home/nikorose/Documents/Repos/EkumenTechTest/src/actions_ws/src/action_tutorials_interfaces/install/action_tutorials_interfaces/share/action_tutorials_interfaces/cmake/action_tutorials_interfaces__rosidl_generator_cExport-noconfig.cmake
[3.693s] -- Installing: /home/nikorose/Documents/Repos/EkumenTechTest/src/actions_ws/src/action_tutorials_interfaces/install/action_tutorials_interfaces/share/action_tutorials_interfaces/cmake/action_tutorials_interfaces__rosidl_typesupport_introspection_cExport.cmake
[3.693s] -- Installing: /home/nikorose/Documents/Repos/EkumenTechTest/src/actions_ws/src/action_tutorials_interfaces/install/action_tutorials_interfaces/share/action_tutorials_interfaces/cmake/action_tutorials_interfaces__rosidl_typesupport_introspection_cExport-noconfig.cmake
[3.693s] -- Installing: /home/nikorose/Documents/Repos/EkumenTechTest/src/actions_ws/src/action_tutorials_interfaces/install/action_tutorials_interfaces/share/action_tutorials_interfaces/cmake/action_tutorials_interfaces__rosidl_typesupport_cExport.cmake
[3.693s] -- Installing: /home/nikorose/Documents/Repos/EkumenTechTest/src/actions_ws/src/action_tutorials_interfaces/install/action_tutorials_interfaces/share/action_tutorials_interfaces/cmake/action_tutorials_interfaces__rosidl_typesupport_cExport-noconfig.cmake
[3.693s] -- Installing: /home/nikorose/Documents/Repos/EkumenTechTest/src/actions_ws/src/action_tutorials_interfaces/install/action_tutorials_interfaces/share/action_tutorials_interfaces/cmake/action_tutorials_interfaces__rosidl_generator_cppExport.cmake
[3.694s] -- Installing: /home/nikorose/Documents/Repos/EkumenTechTest/src/actions_ws/src/action_tutorials_interfaces/install/action_tutorials_interfaces/share/action_tutorials_interfaces/cmake/action_tutorials_interfaces__rosidl_typesupport_introspection_cppExport.cmake
[3.694s] -- Installing: /home/nikorose/Documents/Repos/EkumenTechTest/src/actions_ws/src/action_tutorials_interfaces/install/action_tutorials_interfaces/share/action_tutorials_interfaces/cmake/action_tutorials_interfaces__rosidl_typesupport_introspection_cppExport-noconfig.cmake
[3.694s] -- Installing: /home/nikorose/Documents/Repos/EkumenTechTest/src/actions_ws/src/action_tutorials_interfaces/install/action_tutorials_interfaces/share/action_tutorials_interfaces/cmake/action_tutorials_interfaces__rosidl_typesupport_cppExport.cmake
[3.694s] -- Installing: /home/nikorose/Documents/Repos/EkumenTechTest/src/actions_ws/src/action_tutorials_interfaces/install/action_tutorials_interfaces/share/action_tutorials_interfaces/cmake/action_tutorials_interfaces__rosidl_typesupport_cppExport-noconfig.cmake
[3.694s] -- Installing: /home/nikorose/Documents/Repos/EkumenTechTest/src/actions_ws/src/action_tutorials_interfaces/install/action_tutorials_interfaces/share/action_tutorials_interfaces/cmake/rosidl_cmake-extras.cmake
[3.694s] -- Installing: /home/nikorose/Documents/Repos/EkumenTechTest/src/actions_ws/src/action_tutorials_interfaces/install/action_tutorials_interfaces/share/action_tutorials_interfaces/cmake/ament_cmake_export_dependencies-extras.cmake
[3.694s] -- Installing: /home/nikorose/Documents/Repos/EkumenTechTest/src/actions_ws/src/action_tutorials_interfaces/install/action_tutorials_interfaces/share/action_tutorials_interfaces/cmake/ament_cmake_export_libraries-extras.cmake
[3.694s] -- Installing: /home/nikorose/Documents/Repos/EkumenTechTest/src/actions_ws/src/action_tutorials_interfaces/install/action_tutorials_interfaces/share/action_tutorials_interfaces/cmake/ament_cmake_export_targets-extras.cmake
[3.694s] -- Installing: /home/nikorose/Documents/Repos/EkumenTechTest/src/actions_ws/src/action_tutorials_interfaces/install/action_tutorials_interfaces/share/action_tutorials_interfaces/cmake/ament_cmake_export_include_directories-extras.cmake
[3.695s] -- Installing: /home/nikorose/Documents/Repos/EkumenTechTest/src/actions_ws/src/action_tutorials_interfaces/install/action_tutorials_interfaces/share/action_tutorials_interfaces/cmake/rosidl_cmake_export_typesupport_libraries-extras.cmake
[3.695s] -- Installing: /home/nikorose/Documents/Repos/EkumenTechTest/src/actions_ws/src/action_tutorials_interfaces/install/action_tutorials_interfaces/share/action_tutorials_interfaces/cmake/rosidl_cmake_export_typesupport_targets-extras.cmake
[3.695s] -- Installing: /home/nikorose/Documents/Repos/EkumenTechTest/src/actions_ws/src/action_tutorials_interfaces/install/action_tutorials_interfaces/share/action_tutorials_interfaces/cmake/action_tutorials_interfacesConfig.cmake
[3.695s] -- Up-to-date: /home/nikorose/Documents/Repos/EkumenTechTest/src/actions_ws/src/action_tutorials_interfaces/install/action_tutorials_interfaces/share/action_tutorials_interfaces/cmake/action_tutorials_interfacesConfig-version.cmake
[3.695s] -- Installing: /home/nikorose/Documents/Repos/EkumenTechTest/src/actions_ws/src/action_tutorials_interfaces/install/action_tutorials_interfaces/share/action_tutorials_interfaces/package.xml
[3.697s] Invoked command in '/home/nikorose/Documents/Repos/EkumenTechTest/src/actions_ws/src/action_tutorials_interfaces/build/action_tutorials_interfaces' returned '0': CMAKE_PREFIX_PATH=${CMAKE_PREFIX_PATH}:/opt/ros/foxy /usr/bin/cmake --install /home/nikorose/Documents/Repos/EkumenTechTest/src/actions_ws/src/action_tutorials_interfaces/build/action_tutorials_interfaces
