[0.229s] Invoking command in '/home/nikorose/Documents/Repos/EkumenTechTest/build/main_pkg': PYTHONPATH=/home/nikorose/Documents/Repos/EkumenTechTest/install/main_pkg/lib/python3.8/site-packages:${PYTHONPATH} /usr/bin/python3 setup.py develop --prefix /home/nikorose/Documents/Repos/EkumenTechTest/install/main_pkg --uninstall --editable --build-directory /home/nikorose/Documents/Repos/EkumenTechTest/build/main_pkg/build
[0.402s] /home/nikorose/.local/lib/python3.8/site-packages/setuptools/dist.py:720: UserWarning: Usage of dash-separated 'script-dir' will not be supported in future versions. Please use the underscore name 'script_dir' instead
[0.402s]   warnings.warn(
[0.402s] /home/nikorose/.local/lib/python3.8/site-packages/setuptools/dist.py:720: UserWarning: Usage of dash-separated 'install-scripts' will not be supported in future versions. Please use the underscore name 'install_scripts' instead
[0.402s]   warnings.warn(
[0.441s] running develop
[0.442s] /home/nikorose/.local/lib/python3.8/site-packages/setuptools/command/easy_install.py:156: EasyInstallDeprecationWarning: easy_install command is deprecated. Use build and pip and other standards-based tools.
[0.442s]   warnings.warn(
[0.443s] /home/nikorose/.local/lib/python3.8/site-packages/setuptools/command/install.py:34: SetuptoolsDeprecationWarning: setup.py install is deprecated. Use build and pip and other standards-based tools.
[0.443s]   warnings.warn(
[0.491s] /home/nikorose/.local/lib/python3.8/site-packages/pkg_resources/__init__.py:116: PkgResourcesDeprecationWarning: 1.13.1-unknown is an invalid version and will not be supported in a future release
[0.492s]   warnings.warn(
[0.492s] /home/nikorose/.local/lib/python3.8/site-packages/pkg_resources/__init__.py:116: PkgResourcesDeprecationWarning: 0.23ubuntu1 is an invalid version and will not be supported in a future release
[0.492s]   warnings.warn(
[0.492s] /home/nikorose/.local/lib/python3.8/site-packages/pkg_resources/__init__.py:116: PkgResourcesDeprecationWarning: 0.1.36ubuntu1 is an invalid version and will not be supported in a future release
[0.492s]   warnings.warn(
[0.602s] Invoked command in '/home/nikorose/Documents/Repos/EkumenTechTest/build/main_pkg' returned '0': PYTHONPATH=/home/nikorose/Documents/Repos/EkumenTechTest/install/main_pkg/lib/python3.8/site-packages:${PYTHONPATH} /usr/bin/python3 setup.py develop --prefix /home/nikorose/Documents/Repos/EkumenTechTest/install/main_pkg --uninstall --editable --build-directory /home/nikorose/Documents/Repos/EkumenTechTest/build/main_pkg/build
[0.603s] Invoking command in '/home/nikorose/Documents/Repos/EkumenTechTest/src/main_pkg': PYTHONPATH=/home/nikorose/Documents/Repos/EkumenTechTest/install/main_pkg/lib/python3.8/site-packages:${PYTHONPATH} /usr/bin/python3 setup.py egg_info --egg-base ../../build/main_pkg build --build-base /home/nikorose/Documents/Repos/EkumenTechTest/build/main_pkg/build install --prefix /home/nikorose/Documents/Repos/EkumenTechTest/install/main_pkg --record /home/nikorose/Documents/Repos/EkumenTechTest/build/main_pkg/install.log --single-version-externally-managed
[0.800s] /home/nikorose/.local/lib/python3.8/site-packages/setuptools/dist.py:720: UserWarning: Usage of dash-separated 'script-dir' will not be supported in future versions. Please use the underscore name 'script_dir' instead
[0.800s]   warnings.warn(
[0.800s] /home/nikorose/.local/lib/python3.8/site-packages/setuptools/dist.py:720: UserWarning: Usage of dash-separated 'install-scripts' will not be supported in future versions. Please use the underscore name 'install_scripts' instead
[0.800s]   warnings.warn(
[0.822s] running egg_info
[0.823s] writing ../../build/main_pkg/main_pkg.egg-info/PKG-INFO
[0.823s] writing dependency_links to ../../build/main_pkg/main_pkg.egg-info/dependency_links.txt
[0.823s] writing entry points to ../../build/main_pkg/main_pkg.egg-info/entry_points.txt
[0.823s] writing requirements to ../../build/main_pkg/main_pkg.egg-info/requires.txt
[0.823s] writing top-level names to ../../build/main_pkg/main_pkg.egg-info/top_level.txt
[0.825s] reading manifest file '../../build/main_pkg/main_pkg.egg-info/SOURCES.txt'
[0.826s] writing manifest file '../../build/main_pkg/main_pkg.egg-info/SOURCES.txt'
[0.826s] running build
[0.826s] running build_py
[0.826s] running install
[0.826s] /home/nikorose/.local/lib/python3.8/site-packages/setuptools/command/install.py:34: SetuptoolsDeprecationWarning: setup.py install is deprecated. Use build and pip and other standards-based tools.
[0.826s]   warnings.warn(
[0.827s] running install_lib
[0.828s] running install_data
[0.829s] running install_egg_info
[0.830s] removing '/home/nikorose/Documents/Repos/EkumenTechTest/install/main_pkg/lib/python3.8/site-packages/main_pkg-0.0.0-py3.8.egg-info' (and everything under it)
[0.831s] Copying ../../build/main_pkg/main_pkg.egg-info to /home/nikorose/Documents/Repos/EkumenTechTest/install/main_pkg/lib/python3.8/site-packages/main_pkg-0.0.0-py3.8.egg-info
[0.831s] running install_scripts
[0.846s] Installing node script to /home/nikorose/Documents/Repos/EkumenTechTest/install/main_pkg/lib/main_pkg
[0.846s] writing list of installed files to '/home/nikorose/Documents/Repos/EkumenTechTest/build/main_pkg/install.log'
[0.863s] Invoked command in '/home/nikorose/Documents/Repos/EkumenTechTest/src/main_pkg' returned '0': PYTHONPATH=/home/nikorose/Documents/Repos/EkumenTechTest/install/main_pkg/lib/python3.8/site-packages:${PYTHONPATH} /usr/bin/python3 setup.py egg_info --egg-base ../../build/main_pkg build --build-base /home/nikorose/Documents/Repos/EkumenTechTest/build/main_pkg/build install --prefix /home/nikorose/Documents/Repos/EkumenTechTest/install/main_pkg --record /home/nikorose/Documents/Repos/EkumenTechTest/build/main_pkg/install.log --single-version-externally-managed
