running develop
running egg_info
creating main_pkg.egg-info
writing main_pkg.egg-info/PKG-INFO
writing dependency_links to main_pkg.egg-info/dependency_links.txt
writing entry points to main_pkg.egg-info/entry_points.txt
writing requirements to main_pkg.egg-info/requires.txt
writing top-level names to main_pkg.egg-info/top_level.txt
writing manifest file 'main_pkg.egg-info/SOURCES.txt'
reading manifest file 'main_pkg.egg-info/SOURCES.txt'
writing manifest file 'main_pkg.egg-info/SOURCES.txt'
running build_ext
Creating /home/nikorose/Documents/Repos/EkumenTechTest/install/main_pkg/lib/python3.8/site-packages/main-pkg.egg-link (link to .)
Installing node script to /home/nikorose/Documents/Repos/EkumenTechTest/install/main_pkg/lib/main_pkg

Installed /home/nikorose/Documents/Repos/EkumenTechTest/build/main_pkg
running install_data
creating /home/nikorose/Documents/Repos/EkumenTechTest/install/main_pkg/share/ament_index
creating /home/nikorose/Documents/Repos/EkumenTechTest/install/main_pkg/share/ament_index/resource_index
creating /home/nikorose/Documents/Repos/EkumenTechTest/install/main_pkg/share/ament_index/resource_index/packages
copying resource/main_pkg -> /home/nikorose/Documents/Repos/EkumenTechTest/install/main_pkg/share/ament_index/resource_index/packages
copying package.xml -> /home/nikorose/Documents/Repos/EkumenTechTest/install/main_pkg/share/main_pkg
