[0.436s] DEBUG:colcon:Command line arguments: ['/usr/bin/colcon', 'list', '-p', '--base-paths', '/home/nikorose/Documents/Repos/EkumenTechTest']
[0.436s] DEBUG:colcon:Parsed command line arguments: Namespace(base_paths=['/home/nikorose/Documents/Repos/EkumenTechTest'], build_base='build', ignore_user_meta=False, log_base=None, log_level=None, main=<bound method ListVerb.main of <colcon_package_information.verb.list.ListVerb object at 0x7fc9c2ae9310>>, metas=['./colcon.meta'], names_only=False, packages_above=None, packages_above_and_dependencies=None, packages_above_depth=None, packages_end=None, packages_ignore=None, packages_ignore_regex=None, packages_select=None, packages_select_build_failed=False, packages_select_by_dep=None, packages_select_regex=None, packages_select_test_failures=False, packages_skip=None, packages_skip_build_finished=False, packages_skip_by_dep=None, packages_skip_regex=None, packages_skip_test_passed=False, packages_skip_up_to=None, packages_start=None, packages_up_to=None, packages_up_to_regex=None, paths=None, paths_only=True, topological_graph=False, topological_graph_density=False, topological_graph_dot=False, topological_graph_dot_cluster=False, topological_graph_dot_include_skipped=False, topological_graph_legend=False, topological_order=False, verb_extension=<colcon_package_information.verb.list.ListVerb object at 0x7fc9c2ae9310>, verb_name='list', verb_parser=<colcon_defaults.argument_parser.defaults.DefaultArgumentsDecorator object at 0x7fc9c2a057c0>)
[0.472s] Level 1:colcon.colcon_core.package_discovery:discover_packages(colcon_meta) check parameters
[0.473s] Level 1:colcon.colcon_core.package_discovery:discover_packages(recursive) check parameters
[0.473s] Level 1:colcon.colcon_core.package_discovery:discover_packages(ignore) check parameters
[0.473s] Level 1:colcon.colcon_core.package_discovery:discover_packages(path) check parameters
[0.473s] Level 1:colcon.colcon_core.package_discovery:discover_packages(recursive) discover
[0.473s] INFO:colcon.colcon_core.package_discovery:Crawling recursively for packages in '/home/nikorose/Documents/Repos/EkumenTechTest'
[0.473s] Level 1:colcon.colcon_core.package_identification:_identify(/home/nikorose/Documents/Repos/EkumenTechTest) by extensions ['ignore', 'ignore_ament_install']
[0.473s] Level 1:colcon.colcon_core.package_identification:_identify(/home/nikorose/Documents/Repos/EkumenTechTest) by extension 'ignore'
[0.473s] Level 1:colcon.colcon_core.package_identification:_identify(/home/nikorose/Documents/Repos/EkumenTechTest) by extension 'ignore_ament_install'
[0.474s] Level 1:colcon.colcon_core.package_identification:_identify(/home/nikorose/Documents/Repos/EkumenTechTest) by extensions ['colcon_pkg']
[0.474s] Level 1:colcon.colcon_core.package_identification:_identify(/home/nikorose/Documents/Repos/EkumenTechTest) by extension 'colcon_pkg'
[0.474s] Level 1:colcon.colcon_core.package_identification:_identify(/home/nikorose/Documents/Repos/EkumenTechTest) by extensions ['colcon_meta']
[0.474s] Level 1:colcon.colcon_core.package_identification:_identify(/home/nikorose/Documents/Repos/EkumenTechTest) by extension 'colcon_meta'
[0.474s] Level 1:colcon.colcon_core.package_identification:_identify(/home/nikorose/Documents/Repos/EkumenTechTest) by extensions ['ros']
[0.474s] Level 1:colcon.colcon_core.package_identification:_identify(/home/nikorose/Documents/Repos/EkumenTechTest) by extension 'ros'
[0.494s] Level 1:colcon.colcon_core.package_identification:_identify(/home/nikorose/Documents/Repos/EkumenTechTest) by extensions ['cmake', 'python']
[0.494s] Level 1:colcon.colcon_core.package_identification:_identify(/home/nikorose/Documents/Repos/EkumenTechTest) by extension 'cmake'
[0.494s] Level 1:colcon.colcon_core.package_identification:_identify(/home/nikorose/Documents/Repos/EkumenTechTest) by extension 'python'
[0.494s] Level 1:colcon.colcon_core.package_identification:_identify(/home/nikorose/Documents/Repos/EkumenTechTest) by extensions ['python_setup_py']
[0.494s] Level 1:colcon.colcon_core.package_identification:_identify(/home/nikorose/Documents/Repos/EkumenTechTest) by extension 'python_setup_py'
[0.495s] Level 1:colcon.colcon_core.package_identification:_identify(/home/nikorose/Documents/Repos/EkumenTechTest/build) by extensions ['ignore', 'ignore_ament_install']
[0.495s] Level 1:colcon.colcon_core.package_identification:_identify(/home/nikorose/Documents/Repos/EkumenTechTest/build) by extension 'ignore'
[0.495s] Level 1:colcon.colcon_core.package_identification:_identify(/home/nikorose/Documents/Repos/EkumenTechTest/build) ignored
[0.495s] Level 1:colcon.colcon_core.package_identification:_identify(/home/nikorose/Documents/Repos/EkumenTechTest/install) by extensions ['ignore', 'ignore_ament_install']
[0.495s] Level 1:colcon.colcon_core.package_identification:_identify(/home/nikorose/Documents/Repos/EkumenTechTest/install) by extension 'ignore'
[0.495s] Level 1:colcon.colcon_core.package_identification:_identify(/home/nikorose/Documents/Repos/EkumenTechTest/install) ignored
[0.495s] Level 1:colcon.colcon_core.package_identification:_identify(/home/nikorose/Documents/Repos/EkumenTechTest/launch) by extensions ['ignore', 'ignore_ament_install']
[0.495s] Level 1:colcon.colcon_core.package_identification:_identify(/home/nikorose/Documents/Repos/EkumenTechTest/launch) by extension 'ignore'
[0.495s] Level 1:colcon.colcon_core.package_identification:_identify(/home/nikorose/Documents/Repos/EkumenTechTest/launch) by extension 'ignore_ament_install'
[0.495s] Level 1:colcon.colcon_core.package_identification:_identify(/home/nikorose/Documents/Repos/EkumenTechTest/launch) by extensions ['colcon_pkg']
[0.496s] Level 1:colcon.colcon_core.package_identification:_identify(/home/nikorose/Documents/Repos/EkumenTechTest/launch) by extension 'colcon_pkg'
[0.496s] Level 1:colcon.colcon_core.package_identification:_identify(/home/nikorose/Documents/Repos/EkumenTechTest/launch) by extensions ['colcon_meta']
[0.496s] Level 1:colcon.colcon_core.package_identification:_identify(/home/nikorose/Documents/Repos/EkumenTechTest/launch) by extension 'colcon_meta'
[0.496s] Level 1:colcon.colcon_core.package_identification:_identify(/home/nikorose/Documents/Repos/EkumenTechTest/launch) by extensions ['ros']
[0.496s] Level 1:colcon.colcon_core.package_identification:_identify(/home/nikorose/Documents/Repos/EkumenTechTest/launch) by extension 'ros'
[0.496s] Level 1:colcon.colcon_core.package_identification:_identify(/home/nikorose/Documents/Repos/EkumenTechTest/launch) by extensions ['cmake', 'python']
[0.496s] Level 1:colcon.colcon_core.package_identification:_identify(/home/nikorose/Documents/Repos/EkumenTechTest/launch) by extension 'cmake'
[0.496s] Level 1:colcon.colcon_core.package_identification:_identify(/home/nikorose/Documents/Repos/EkumenTechTest/launch) by extension 'python'
[0.496s] Level 1:colcon.colcon_core.package_identification:_identify(/home/nikorose/Documents/Repos/EkumenTechTest/launch) by extensions ['python_setup_py']
[0.496s] Level 1:colcon.colcon_core.package_identification:_identify(/home/nikorose/Documents/Repos/EkumenTechTest/launch) by extension 'python_setup_py'
[0.496s] Level 1:colcon.colcon_core.package_identification:_identify(/home/nikorose/Documents/Repos/EkumenTechTest/launch/__pycache__) by extensions ['ignore', 'ignore_ament_install']
[0.496s] Level 1:colcon.colcon_core.package_identification:_identify(/home/nikorose/Documents/Repos/EkumenTechTest/launch/__pycache__) by extension 'ignore'
[0.496s] Level 1:colcon.colcon_core.package_identification:_identify(/home/nikorose/Documents/Repos/EkumenTechTest/launch/__pycache__) by extension 'ignore_ament_install'
[0.496s] Level 1:colcon.colcon_core.package_identification:_identify(/home/nikorose/Documents/Repos/EkumenTechTest/launch/__pycache__) by extensions ['colcon_pkg']
[0.496s] Level 1:colcon.colcon_core.package_identification:_identify(/home/nikorose/Documents/Repos/EkumenTechTest/launch/__pycache__) by extension 'colcon_pkg'
[0.496s] Level 1:colcon.colcon_core.package_identification:_identify(/home/nikorose/Documents/Repos/EkumenTechTest/launch/__pycache__) by extensions ['colcon_meta']
[0.496s] Level 1:colcon.colcon_core.package_identification:_identify(/home/nikorose/Documents/Repos/EkumenTechTest/launch/__pycache__) by extension 'colcon_meta'
[0.496s] Level 1:colcon.colcon_core.package_identification:_identify(/home/nikorose/Documents/Repos/EkumenTechTest/launch/__pycache__) by extensions ['ros']
[0.496s] Level 1:colcon.colcon_core.package_identification:_identify(/home/nikorose/Documents/Repos/EkumenTechTest/launch/__pycache__) by extension 'ros'
[0.497s] Level 1:colcon.colcon_core.package_identification:_identify(/home/nikorose/Documents/Repos/EkumenTechTest/launch/__pycache__) by extensions ['cmake', 'python']
[0.497s] Level 1:colcon.colcon_core.package_identification:_identify(/home/nikorose/Documents/Repos/EkumenTechTest/launch/__pycache__) by extension 'cmake'
[0.497s] Level 1:colcon.colcon_core.package_identification:_identify(/home/nikorose/Documents/Repos/EkumenTechTest/launch/__pycache__) by extension 'python'
[0.497s] Level 1:colcon.colcon_core.package_identification:_identify(/home/nikorose/Documents/Repos/EkumenTechTest/launch/__pycache__) by extensions ['python_setup_py']
[0.497s] Level 1:colcon.colcon_core.package_identification:_identify(/home/nikorose/Documents/Repos/EkumenTechTest/launch/__pycache__) by extension 'python_setup_py'
[0.497s] Level 1:colcon.colcon_core.package_identification:_identify(/home/nikorose/Documents/Repos/EkumenTechTest/log) by extensions ['ignore', 'ignore_ament_install']
[0.497s] Level 1:colcon.colcon_core.package_identification:_identify(/home/nikorose/Documents/Repos/EkumenTechTest/log) by extension 'ignore'
[0.497s] Level 1:colcon.colcon_core.package_identification:_identify(/home/nikorose/Documents/Repos/EkumenTechTest/log) ignored
[0.497s] Level 1:colcon.colcon_core.package_identification:_identify(/home/nikorose/Documents/Repos/EkumenTechTest/src) by extensions ['ignore', 'ignore_ament_install']
[0.497s] Level 1:colcon.colcon_core.package_identification:_identify(/home/nikorose/Documents/Repos/EkumenTechTest/src) by extension 'ignore'
[0.497s] Level 1:colcon.colcon_core.package_identification:_identify(/home/nikorose/Documents/Repos/EkumenTechTest/src) by extension 'ignore_ament_install'
[0.497s] Level 1:colcon.colcon_core.package_identification:_identify(/home/nikorose/Documents/Repos/EkumenTechTest/src) by extensions ['colcon_pkg']
[0.497s] Level 1:colcon.colcon_core.package_identification:_identify(/home/nikorose/Documents/Repos/EkumenTechTest/src) by extension 'colcon_pkg'
[0.497s] Level 1:colcon.colcon_core.package_identification:_identify(/home/nikorose/Documents/Repos/EkumenTechTest/src) by extensions ['colcon_meta']
[0.497s] Level 1:colcon.colcon_core.package_identification:_identify(/home/nikorose/Documents/Repos/EkumenTechTest/src) by extension 'colcon_meta'
[0.497s] Level 1:colcon.colcon_core.package_identification:_identify(/home/nikorose/Documents/Repos/EkumenTechTest/src) by extensions ['ros']
[0.497s] Level 1:colcon.colcon_core.package_identification:_identify(/home/nikorose/Documents/Repos/EkumenTechTest/src) by extension 'ros'
[0.498s] Level 1:colcon.colcon_core.package_identification:_identify(/home/nikorose/Documents/Repos/EkumenTechTest/src) by extensions ['cmake', 'python']
[0.498s] Level 1:colcon.colcon_core.package_identification:_identify(/home/nikorose/Documents/Repos/EkumenTechTest/src) by extension 'cmake'
[0.498s] Level 1:colcon.colcon_core.package_identification:_identify(/home/nikorose/Documents/Repos/EkumenTechTest/src) by extension 'python'
[0.498s] Level 1:colcon.colcon_core.package_identification:_identify(/home/nikorose/Documents/Repos/EkumenTechTest/src) by extensions ['python_setup_py']
[0.498s] Level 1:colcon.colcon_core.package_identification:_identify(/home/nikorose/Documents/Repos/EkumenTechTest/src) by extension 'python_setup_py'
[0.498s] Level 1:colcon.colcon_core.package_identification:_identify(/home/nikorose/Documents/Repos/EkumenTechTest/src/and) by extensions ['ignore', 'ignore_ament_install']
[0.498s] Level 1:colcon.colcon_core.package_identification:_identify(/home/nikorose/Documents/Repos/EkumenTechTest/src/and) by extension 'ignore'
[0.498s] Level 1:colcon.colcon_core.package_identification:_identify(/home/nikorose/Documents/Repos/EkumenTechTest/src/and) by extension 'ignore_ament_install'
[0.498s] Level 1:colcon.colcon_core.package_identification:_identify(/home/nikorose/Documents/Repos/EkumenTechTest/src/and) by extensions ['colcon_pkg']
[0.498s] Level 1:colcon.colcon_core.package_identification:_identify(/home/nikorose/Documents/Repos/EkumenTechTest/src/and) by extension 'colcon_pkg'
[0.498s] Level 1:colcon.colcon_core.package_identification:_identify(/home/nikorose/Documents/Repos/EkumenTechTest/src/and) by extensions ['colcon_meta']
[0.498s] Level 1:colcon.colcon_core.package_identification:_identify(/home/nikorose/Documents/Repos/EkumenTechTest/src/and) by extension 'colcon_meta'
[0.498s] Level 1:colcon.colcon_core.package_identification:_identify(/home/nikorose/Documents/Repos/EkumenTechTest/src/and) by extensions ['ros']
[0.498s] Level 1:colcon.colcon_core.package_identification:_identify(/home/nikorose/Documents/Repos/EkumenTechTest/src/and) by extension 'ros'
[0.498s] Level 1:colcon.colcon_core.package_identification:_identify(/home/nikorose/Documents/Repos/EkumenTechTest/src/and) by extensions ['cmake', 'python']
[0.498s] Level 1:colcon.colcon_core.package_identification:_identify(/home/nikorose/Documents/Repos/EkumenTechTest/src/and) by extension 'cmake'
[0.498s] Level 1:colcon.colcon_core.package_identification:_identify(/home/nikorose/Documents/Repos/EkumenTechTest/src/and) by extension 'python'
[0.498s] Level 1:colcon.colcon_core.package_identification:_identify(/home/nikorose/Documents/Repos/EkumenTechTest/src/and) by extensions ['python_setup_py']
[0.498s] Level 1:colcon.colcon_core.package_identification:_identify(/home/nikorose/Documents/Repos/EkumenTechTest/src/and) by extension 'python_setup_py'
[0.498s] Level 1:colcon.colcon_core.package_identification:_identify(/home/nikorose/Documents/Repos/EkumenTechTest/src/bag) by extensions ['ignore', 'ignore_ament_install']
[0.499s] Level 1:colcon.colcon_core.package_identification:_identify(/home/nikorose/Documents/Repos/EkumenTechTest/src/bag) by extension 'ignore'
[0.499s] Level 1:colcon.colcon_core.package_identification:_identify(/home/nikorose/Documents/Repos/EkumenTechTest/src/bag) by extension 'ignore_ament_install'
[0.499s] Level 1:colcon.colcon_core.package_identification:_identify(/home/nikorose/Documents/Repos/EkumenTechTest/src/bag) by extensions ['colcon_pkg']
[0.499s] Level 1:colcon.colcon_core.package_identification:_identify(/home/nikorose/Documents/Repos/EkumenTechTest/src/bag) by extension 'colcon_pkg'
[0.499s] Level 1:colcon.colcon_core.package_identification:_identify(/home/nikorose/Documents/Repos/EkumenTechTest/src/bag) by extensions ['colcon_meta']
[0.499s] Level 1:colcon.colcon_core.package_identification:_identify(/home/nikorose/Documents/Repos/EkumenTechTest/src/bag) by extension 'colcon_meta'
[0.499s] Level 1:colcon.colcon_core.package_identification:_identify(/home/nikorose/Documents/Repos/EkumenTechTest/src/bag) by extensions ['ros']
[0.499s] Level 1:colcon.colcon_core.package_identification:_identify(/home/nikorose/Documents/Repos/EkumenTechTest/src/bag) by extension 'ros'
[0.499s] Level 1:colcon.colcon_core.package_identification:_identify(/home/nikorose/Documents/Repos/EkumenTechTest/src/bag) by extensions ['cmake', 'python']
[0.499s] Level 1:colcon.colcon_core.package_identification:_identify(/home/nikorose/Documents/Repos/EkumenTechTest/src/bag) by extension 'cmake'
[0.499s] Level 1:colcon.colcon_core.package_identification:_identify(/home/nikorose/Documents/Repos/EkumenTechTest/src/bag) by extension 'python'
[0.499s] Level 1:colcon.colcon_core.package_identification:_identify(/home/nikorose/Documents/Repos/EkumenTechTest/src/bag) by extensions ['python_setup_py']
[0.499s] Level 1:colcon.colcon_core.package_identification:_identify(/home/nikorose/Documents/Repos/EkumenTechTest/src/bag) by extension 'python_setup_py'
[0.499s] Level 1:colcon.colcon_core.package_identification:_identify(/home/nikorose/Documents/Repos/EkumenTechTest/src/cd) by extensions ['ignore', 'ignore_ament_install']
[0.499s] Level 1:colcon.colcon_core.package_identification:_identify(/home/nikorose/Documents/Repos/EkumenTechTest/src/cd) by extension 'ignore'
[0.500s] Level 1:colcon.colcon_core.package_identification:_identify(/home/nikorose/Documents/Repos/EkumenTechTest/src/cd) by extension 'ignore_ament_install'
[0.500s] Level 1:colcon.colcon_core.package_identification:_identify(/home/nikorose/Documents/Repos/EkumenTechTest/src/cd) by extensions ['colcon_pkg']
[0.500s] Level 1:colcon.colcon_core.package_identification:_identify(/home/nikorose/Documents/Repos/EkumenTechTest/src/cd) by extension 'colcon_pkg'
[0.500s] Level 1:colcon.colcon_core.package_identification:_identify(/home/nikorose/Documents/Repos/EkumenTechTest/src/cd) by extensions ['colcon_meta']
[0.500s] Level 1:colcon.colcon_core.package_identification:_identify(/home/nikorose/Documents/Repos/EkumenTechTest/src/cd) by extension 'colcon_meta'
[0.500s] Level 1:colcon.colcon_core.package_identification:_identify(/home/nikorose/Documents/Repos/EkumenTechTest/src/cd) by extensions ['ros']
[0.500s] Level 1:colcon.colcon_core.package_identification:_identify(/home/nikorose/Documents/Repos/EkumenTechTest/src/cd) by extension 'ros'
[0.500s] Level 1:colcon.colcon_core.package_identification:_identify(/home/nikorose/Documents/Repos/EkumenTechTest/src/cd) by extensions ['cmake', 'python']
[0.500s] Level 1:colcon.colcon_core.package_identification:_identify(/home/nikorose/Documents/Repos/EkumenTechTest/src/cd) by extension 'cmake'
[0.500s] Level 1:colcon.colcon_core.package_identification:_identify(/home/nikorose/Documents/Repos/EkumenTechTest/src/cd) by extension 'python'
[0.500s] Level 1:colcon.colcon_core.package_identification:_identify(/home/nikorose/Documents/Repos/EkumenTechTest/src/cd) by extensions ['python_setup_py']
[0.500s] Level 1:colcon.colcon_core.package_identification:_identify(/home/nikorose/Documents/Repos/EkumenTechTest/src/cd) by extension 'python_setup_py'
[0.501s] Level 1:colcon.colcon_core.package_identification:_identify(/home/nikorose/Documents/Repos/EkumenTechTest/src/launch) by extensions ['ignore', 'ignore_ament_install']
[0.501s] Level 1:colcon.colcon_core.package_identification:_identify(/home/nikorose/Documents/Repos/EkumenTechTest/src/launch) by extension 'ignore'
[0.501s] Level 1:colcon.colcon_core.package_identification:_identify(/home/nikorose/Documents/Repos/EkumenTechTest/src/launch) by extension 'ignore_ament_install'
[0.501s] Level 1:colcon.colcon_core.package_identification:_identify(/home/nikorose/Documents/Repos/EkumenTechTest/src/launch) by extensions ['colcon_pkg']
[0.501s] Level 1:colcon.colcon_core.package_identification:_identify(/home/nikorose/Documents/Repos/EkumenTechTest/src/launch) by extension 'colcon_pkg'
[0.501s] Level 1:colcon.colcon_core.package_identification:_identify(/home/nikorose/Documents/Repos/EkumenTechTest/src/launch) by extensions ['colcon_meta']
[0.501s] Level 1:colcon.colcon_core.package_identification:_identify(/home/nikorose/Documents/Repos/EkumenTechTest/src/launch) by extension 'colcon_meta'
[0.501s] Level 1:colcon.colcon_core.package_identification:_identify(/home/nikorose/Documents/Repos/EkumenTechTest/src/launch) by extensions ['ros']
[0.501s] Level 1:colcon.colcon_core.package_identification:_identify(/home/nikorose/Documents/Repos/EkumenTechTest/src/launch) by extension 'ros'
[0.501s] Level 1:colcon.colcon_core.package_identification:_identify(/home/nikorose/Documents/Repos/EkumenTechTest/src/launch) by extensions ['cmake', 'python']
[0.502s] Level 1:colcon.colcon_core.package_identification:_identify(/home/nikorose/Documents/Repos/EkumenTechTest/src/launch) by extension 'cmake'
[0.502s] Level 1:colcon.colcon_core.package_identification:_identify(/home/nikorose/Documents/Repos/EkumenTechTest/src/launch) by extension 'python'
[0.502s] Level 1:colcon.colcon_core.package_identification:_identify(/home/nikorose/Documents/Repos/EkumenTechTest/src/launch) by extensions ['python_setup_py']
[0.502s] Level 1:colcon.colcon_core.package_identification:_identify(/home/nikorose/Documents/Repos/EkumenTechTest/src/launch) by extension 'python_setup_py'
[0.502s] Level 1:colcon.colcon_core.package_identification:_identify(/home/nikorose/Documents/Repos/EkumenTechTest/src/launch/__pycache__) by extensions ['ignore', 'ignore_ament_install']
[0.502s] Level 1:colcon.colcon_core.package_identification:_identify(/home/nikorose/Documents/Repos/EkumenTechTest/src/launch/__pycache__) by extension 'ignore'
[0.502s] Level 1:colcon.colcon_core.package_identification:_identify(/home/nikorose/Documents/Repos/EkumenTechTest/src/launch/__pycache__) by extension 'ignore_ament_install'
[0.502s] Level 1:colcon.colcon_core.package_identification:_identify(/home/nikorose/Documents/Repos/EkumenTechTest/src/launch/__pycache__) by extensions ['colcon_pkg']
[0.502s] Level 1:colcon.colcon_core.package_identification:_identify(/home/nikorose/Documents/Repos/EkumenTechTest/src/launch/__pycache__) by extension 'colcon_pkg'
[0.502s] Level 1:colcon.colcon_core.package_identification:_identify(/home/nikorose/Documents/Repos/EkumenTechTest/src/launch/__pycache__) by extensions ['colcon_meta']
[0.502s] Level 1:colcon.colcon_core.package_identification:_identify(/home/nikorose/Documents/Repos/EkumenTechTest/src/launch/__pycache__) by extension 'colcon_meta'
[0.503s] Level 1:colcon.colcon_core.package_identification:_identify(/home/nikorose/Documents/Repos/EkumenTechTest/src/launch/__pycache__) by extensions ['ros']
[0.503s] Level 1:colcon.colcon_core.package_identification:_identify(/home/nikorose/Documents/Repos/EkumenTechTest/src/launch/__pycache__) by extension 'ros'
[0.503s] Level 1:colcon.colcon_core.package_identification:_identify(/home/nikorose/Documents/Repos/EkumenTechTest/src/launch/__pycache__) by extensions ['cmake', 'python']
[0.503s] Level 1:colcon.colcon_core.package_identification:_identify(/home/nikorose/Documents/Repos/EkumenTechTest/src/launch/__pycache__) by extension 'cmake'
[0.503s] Level 1:colcon.colcon_core.package_identification:_identify(/home/nikorose/Documents/Repos/EkumenTechTest/src/launch/__pycache__) by extension 'python'
[0.503s] Level 1:colcon.colcon_core.package_identification:_identify(/home/nikorose/Documents/Repos/EkumenTechTest/src/launch/__pycache__) by extensions ['python_setup_py']
[0.503s] Level 1:colcon.colcon_core.package_identification:_identify(/home/nikorose/Documents/Repos/EkumenTechTest/src/launch/__pycache__) by extension 'python_setup_py'
[0.503s] Level 1:colcon.colcon_core.package_identification:_identify(/home/nikorose/Documents/Repos/EkumenTechTest/src/main_pkg) by extensions ['ignore', 'ignore_ament_install']
[0.503s] Level 1:colcon.colcon_core.package_identification:_identify(/home/nikorose/Documents/Repos/EkumenTechTest/src/main_pkg) by extension 'ignore'
[0.503s] Level 1:colcon.colcon_core.package_identification:_identify(/home/nikorose/Documents/Repos/EkumenTechTest/src/main_pkg) by extension 'ignore_ament_install'
[0.503s] Level 1:colcon.colcon_core.package_identification:_identify(/home/nikorose/Documents/Repos/EkumenTechTest/src/main_pkg) by extensions ['colcon_pkg']
[0.503s] Level 1:colcon.colcon_core.package_identification:_identify(/home/nikorose/Documents/Repos/EkumenTechTest/src/main_pkg) by extension 'colcon_pkg'
[0.503s] Level 1:colcon.colcon_core.package_identification:_identify(/home/nikorose/Documents/Repos/EkumenTechTest/src/main_pkg) by extensions ['colcon_meta']
[0.503s] Level 1:colcon.colcon_core.package_identification:_identify(/home/nikorose/Documents/Repos/EkumenTechTest/src/main_pkg) by extension 'colcon_meta'
[0.504s] Level 1:colcon.colcon_core.package_identification:_identify(/home/nikorose/Documents/Repos/EkumenTechTest/src/main_pkg) by extensions ['ros']
[0.504s] Level 1:colcon.colcon_core.package_identification:_identify(/home/nikorose/Documents/Repos/EkumenTechTest/src/main_pkg) by extension 'ros'
[0.506s] DEBUG:colcon.colcon_core.package_identification:Package '/home/nikorose/Documents/Repos/EkumenTechTest/src/main_pkg' with type 'ros.ament_python' and name 'main_pkg'
[0.507s] Level 1:colcon.colcon_core.package_identification:_identify(/home/nikorose/Documents/Repos/EkumenTechTest/src/two_wheeled_robot) by extensions ['ignore', 'ignore_ament_install']
[0.507s] Level 1:colcon.colcon_core.package_identification:_identify(/home/nikorose/Documents/Repos/EkumenTechTest/src/two_wheeled_robot) by extension 'ignore'
[0.507s] Level 1:colcon.colcon_core.package_identification:_identify(/home/nikorose/Documents/Repos/EkumenTechTest/src/two_wheeled_robot) by extension 'ignore_ament_install'
[0.507s] Level 1:colcon.colcon_core.package_identification:_identify(/home/nikorose/Documents/Repos/EkumenTechTest/src/two_wheeled_robot) by extensions ['colcon_pkg']
[0.507s] Level 1:colcon.colcon_core.package_identification:_identify(/home/nikorose/Documents/Repos/EkumenTechTest/src/two_wheeled_robot) by extension 'colcon_pkg'
[0.507s] Level 1:colcon.colcon_core.package_identification:_identify(/home/nikorose/Documents/Repos/EkumenTechTest/src/two_wheeled_robot) by extensions ['colcon_meta']
[0.507s] Level 1:colcon.colcon_core.package_identification:_identify(/home/nikorose/Documents/Repos/EkumenTechTest/src/two_wheeled_robot) by extension 'colcon_meta'
[0.507s] Level 1:colcon.colcon_core.package_identification:_identify(/home/nikorose/Documents/Repos/EkumenTechTest/src/two_wheeled_robot) by extensions ['ros']
[0.507s] Level 1:colcon.colcon_core.package_identification:_identify(/home/nikorose/Documents/Repos/EkumenTechTest/src/two_wheeled_robot) by extension 'ros'
[0.507s] Level 1:colcon.colcon_core.package_identification:_identify(/home/nikorose/Documents/Repos/EkumenTechTest/src/two_wheeled_robot) by extensions ['cmake', 'python']
[0.508s] Level 1:colcon.colcon_core.package_identification:_identify(/home/nikorose/Documents/Repos/EkumenTechTest/src/two_wheeled_robot) by extension 'cmake'
[0.508s] Level 1:colcon.colcon_core.package_identification:_identify(/home/nikorose/Documents/Repos/EkumenTechTest/src/two_wheeled_robot) by extension 'python'
[0.508s] Level 1:colcon.colcon_core.package_identification:_identify(/home/nikorose/Documents/Repos/EkumenTechTest/src/two_wheeled_robot) by extensions ['python_setup_py']
[0.508s] Level 1:colcon.colcon_core.package_identification:_identify(/home/nikorose/Documents/Repos/EkumenTechTest/src/two_wheeled_robot) by extension 'python_setup_py'
[0.508s] Level 1:colcon.colcon_core.package_identification:_identify(/home/nikorose/Documents/Repos/EkumenTechTest/src/two_wheeled_robot/two_wheeled_robot) by extensions ['ignore', 'ignore_ament_install']
[0.508s] Level 1:colcon.colcon_core.package_identification:_identify(/home/nikorose/Documents/Repos/EkumenTechTest/src/two_wheeled_robot/two_wheeled_robot) by extension 'ignore'
[0.508s] Level 1:colcon.colcon_core.package_identification:_identify(/home/nikorose/Documents/Repos/EkumenTechTest/src/two_wheeled_robot/two_wheeled_robot) by extension 'ignore_ament_install'
[0.508s] Level 1:colcon.colcon_core.package_identification:_identify(/home/nikorose/Documents/Repos/EkumenTechTest/src/two_wheeled_robot/two_wheeled_robot) by extensions ['colcon_pkg']
[0.508s] Level 1:colcon.colcon_core.package_identification:_identify(/home/nikorose/Documents/Repos/EkumenTechTest/src/two_wheeled_robot/two_wheeled_robot) by extension 'colcon_pkg'
[0.508s] Level 1:colcon.colcon_core.package_identification:_identify(/home/nikorose/Documents/Repos/EkumenTechTest/src/two_wheeled_robot/two_wheeled_robot) by extensions ['colcon_meta']
[0.508s] Level 1:colcon.colcon_core.package_identification:_identify(/home/nikorose/Documents/Repos/EkumenTechTest/src/two_wheeled_robot/two_wheeled_robot) by extension 'colcon_meta'
[0.508s] Level 1:colcon.colcon_core.package_identification:_identify(/home/nikorose/Documents/Repos/EkumenTechTest/src/two_wheeled_robot/two_wheeled_robot) by extensions ['ros']
[0.508s] Level 1:colcon.colcon_core.package_identification:_identify(/home/nikorose/Documents/Repos/EkumenTechTest/src/two_wheeled_robot/two_wheeled_robot) by extension 'ros'
[0.509s] DEBUG:colcon.colcon_core.package_identification:Package '/home/nikorose/Documents/Repos/EkumenTechTest/src/two_wheeled_robot/two_wheeled_robot' with type 'ros.ament_cmake' and name 'two_wheeled_robot'
[0.509s] Level 1:colcon.colcon_core.package_discovery:discover_packages(recursive) using defaults
