running egg_info
writing ../../build/python_parameters/python_parameters.egg-info/PKG-INFO
writing dependency_links to ../../build/python_parameters/python_parameters.egg-info/dependency_links.txt
writing entry points to ../../build/python_parameters/python_parameters.egg-info/entry_points.txt
writing requirements to ../../build/python_parameters/python_parameters.egg-info/requires.txt
writing top-level names to ../../build/python_parameters/python_parameters.egg-info/top_level.txt
reading manifest file '../../build/python_parameters/python_parameters.egg-info/SOURCES.txt'
writing manifest file '../../build/python_parameters/python_parameters.egg-info/SOURCES.txt'
running build
running build_py
copying python_parameters/python_parameter_launch.py -> /home/nikorose/Documents/Repos/EkumenTechTest/build/python_parameters/build/lib/python_parameters
running install
running install_lib
copying /home/nikorose/Documents/Repos/EkumenTechTest/build/python_parameters/build/lib/python_parameters/python_parameter_launch.py -> /home/nikorose/Documents/Repos/EkumenTechTest/install/python_parameters/lib/python3.8/site-packages/python_parameters
byte-compiling /home/nikorose/Documents/Repos/EkumenTechTest/install/python_parameters/lib/python3.8/site-packages/python_parameters/python_parameter_launch.py to python_parameter_launch.cpython-38.pyc
running install_data
running install_egg_info
removing '/home/nikorose/Documents/Repos/EkumenTechTest/install/python_parameters/lib/python3.8/site-packages/python_parameters-0.0.0-py3.8.egg-info' (and everything under it)
Copying ../../build/python_parameters/python_parameters.egg-info to /home/nikorose/Documents/Repos/EkumenTechTest/install/python_parameters/lib/python3.8/site-packages/python_parameters-0.0.0-py3.8.egg-info
running install_scripts
Installing param_talker script to /home/nikorose/Documents/Repos/EkumenTechTest/install/python_parameters/lib/python_parameters
writing list of installed files to '/home/nikorose/Documents/Repos/EkumenTechTest/build/python_parameters/install.log'
