[0.241s] Invoking command in '/home/nikorose/Documents/Repos/EkumenTechTest/src/python_parameters': PYTHONPATH=/home/nikorose/Documents/Repos/EkumenTechTest/install/python_parameters/lib/python3.8/site-packages:${PYTHONPATH} /usr/bin/python3 setup.py egg_info --egg-base ../../build/python_parameters build --build-base /home/nikorose/Documents/Repos/EkumenTechTest/build/python_parameters/build install --prefix /home/nikorose/Documents/Repos/EkumenTechTest/install/python_parameters --record /home/nikorose/Documents/Repos/EkumenTechTest/build/python_parameters/install.log --single-version-externally-managed
[0.413s] /home/nikorose/.local/lib/python3.8/site-packages/setuptools/dist.py:720: UserWarning: Usage of dash-separated 'script-dir' will not be supported in future versions. Please use the underscore name 'script_dir' instead
[0.414s]   warnings.warn(
[0.414s] /home/nikorose/.local/lib/python3.8/site-packages/setuptools/dist.py:720: UserWarning: Usage of dash-separated 'install-scripts' will not be supported in future versions. Please use the underscore name 'install_scripts' instead
[0.414s]   warnings.warn(
[0.436s] running egg_info
[0.436s] writing ../../build/python_parameters/python_parameters.egg-info/PKG-INFO
[0.437s] writing dependency_links to ../../build/python_parameters/python_parameters.egg-info/dependency_links.txt
[0.437s] writing entry points to ../../build/python_parameters/python_parameters.egg-info/entry_points.txt
[0.437s] writing requirements to ../../build/python_parameters/python_parameters.egg-info/requires.txt
[0.437s] writing top-level names to ../../build/python_parameters/python_parameters.egg-info/top_level.txt
[0.439s] reading manifest file '../../build/python_parameters/python_parameters.egg-info/SOURCES.txt'
[0.440s] writing manifest file '../../build/python_parameters/python_parameters.egg-info/SOURCES.txt'
[0.440s] running build
[0.440s] running build_py
[0.440s] copying python_parameters/python_parameter_launch.py -> /home/nikorose/Documents/Repos/EkumenTechTest/build/python_parameters/build/lib/python_parameters
[0.440s] running install
[0.440s] /home/nikorose/.local/lib/python3.8/site-packages/setuptools/command/install.py:34: SetuptoolsDeprecationWarning: setup.py install is deprecated. Use build and pip and other standards-based tools.
[0.440s]   warnings.warn(
[0.441s] running install_lib
[0.441s] copying /home/nikorose/Documents/Repos/EkumenTechTest/build/python_parameters/build/lib/python_parameters/python_parameter_launch.py -> /home/nikorose/Documents/Repos/EkumenTechTest/install/python_parameters/lib/python3.8/site-packages/python_parameters
[0.442s] byte-compiling /home/nikorose/Documents/Repos/EkumenTechTest/install/python_parameters/lib/python3.8/site-packages/python_parameters/python_parameter_launch.py to python_parameter_launch.cpython-38.pyc
[0.442s] running install_data
[0.443s] running install_egg_info
[0.444s] removing '/home/nikorose/Documents/Repos/EkumenTechTest/install/python_parameters/lib/python3.8/site-packages/python_parameters-0.0.0-py3.8.egg-info' (and everything under it)
[0.444s] Copying ../../build/python_parameters/python_parameters.egg-info to /home/nikorose/Documents/Repos/EkumenTechTest/install/python_parameters/lib/python3.8/site-packages/python_parameters-0.0.0-py3.8.egg-info
[0.445s] running install_scripts
[0.457s] Installing param_talker script to /home/nikorose/Documents/Repos/EkumenTechTest/install/python_parameters/lib/python_parameters
[0.458s] writing list of installed files to '/home/nikorose/Documents/Repos/EkumenTechTest/build/python_parameters/install.log'
[0.474s] Invoked command in '/home/nikorose/Documents/Repos/EkumenTechTest/src/python_parameters' returned '0': PYTHONPATH=/home/nikorose/Documents/Repos/EkumenTechTest/install/python_parameters/lib/python3.8/site-packages:${PYTHONPATH} /usr/bin/python3 setup.py egg_info --egg-base ../../build/python_parameters build --build-base /home/nikorose/Documents/Repos/EkumenTechTest/build/python_parameters/build install --prefix /home/nikorose/Documents/Repos/EkumenTechTest/install/python_parameters --record /home/nikorose/Documents/Repos/EkumenTechTest/build/python_parameters/install.log --single-version-externally-managed
