[0.017s] Invoking command in '/home/nikorose/Documents/Repos/EkumenTechTest/src/actions_ws/build/action_tutorials_interfaces': CMAKE_PREFIX_PATH=/opt/ros/foxy /usr/bin/cmake /home/nikorose/Documents/Repos/EkumenTechTest/src/actions_ws/src/action_tutorials_interfaces -DCMAKE_INSTALL_PREFIX=/home/nikorose/Documents/Repos/EkumenTechTest/src/actions_ws/install/action_tutorials_interfaces
[0.121s] -- The C compiler identification is GNU 9.3.0
[0.185s] -- The CXX compiler identification is GNU 9.3.0
[0.193s] -- Check for working C compiler: /usr/bin/cc
[0.244s] -- Check for working C compiler: /usr/bin/cc -- works
[0.246s] -- Detecting C compiler ABI info
[0.299s] -- Detecting C compiler ABI info - done
[0.312s] -- Detecting C compile features
[0.312s] -- Detecting C compile features - done
[0.316s] -- Check for working CXX compiler: /usr/bin/c++
[0.390s] -- Check for working CXX compiler: /usr/bin/c++ -- works
[0.391s] -- Detecting CXX compiler ABI info
[0.456s] -- Detecting CXX compiler ABI info - done
[0.465s] -- Detecting CXX compile features
[0.465s] -- Detecting CXX compile features - done
[0.469s] -- Found ament_cmake: 0.9.9 (/opt/ros/foxy/share/ament_cmake/cmake)
[0.517s] -- Found PythonInterp: /usr/bin/python3 (found suitable version "3.8.10", minimum required is "3") 
[0.517s] -- Using PYTHON_EXECUTABLE: /usr/bin/python3
[0.737s] -- Found ament_lint_auto: 0.9.6 (/opt/ros/foxy/share/ament_lint_auto/cmake)
[0.797s] -- Added test 'copyright' to check source files copyright and LICENSE
[0.799s] -- Added test 'lint_cmake' to check CMake code style
[0.800s] -- Added test 'xmllint' to check XML markup files
[0.802s] -- Configuring done
[0.804s] -- Generating done
[0.804s] -- Build files have been written to: /home/nikorose/Documents/Repos/EkumenTechTest/src/actions_ws/build/action_tutorials_interfaces
[0.808s] Invoked command in '/home/nikorose/Documents/Repos/EkumenTechTest/src/actions_ws/build/action_tutorials_interfaces' returned '0': CMAKE_PREFIX_PATH=/opt/ros/foxy /usr/bin/cmake /home/nikorose/Documents/Repos/EkumenTechTest/src/actions_ws/src/action_tutorials_interfaces -DCMAKE_INSTALL_PREFIX=/home/nikorose/Documents/Repos/EkumenTechTest/src/actions_ws/install/action_tutorials_interfaces
[0.810s] Invoking command in '/home/nikorose/Documents/Repos/EkumenTechTest/src/actions_ws/build/action_tutorials_interfaces': CMAKE_PREFIX_PATH=/opt/ros/foxy /usr/bin/cmake --build /home/nikorose/Documents/Repos/EkumenTechTest/src/actions_ws/build/action_tutorials_interfaces -- -j8 -l8
[0.840s] Invoked command in '/home/nikorose/Documents/Repos/EkumenTechTest/src/actions_ws/build/action_tutorials_interfaces' returned '0': CMAKE_PREFIX_PATH=/opt/ros/foxy /usr/bin/cmake --build /home/nikorose/Documents/Repos/EkumenTechTest/src/actions_ws/build/action_tutorials_interfaces -- -j8 -l8
[0.866s] Invoking command in '/home/nikorose/Documents/Repos/EkumenTechTest/src/actions_ws/build/action_tutorials_interfaces': CMAKE_PREFIX_PATH=/opt/ros/foxy /usr/bin/cmake --install /home/nikorose/Documents/Repos/EkumenTechTest/src/actions_ws/build/action_tutorials_interfaces
[0.873s] -- Install configuration: ""
[0.873s] -- Installing: /home/nikorose/Documents/Repos/EkumenTechTest/src/actions_ws/install/action_tutorials_interfaces/share/ament_index/resource_index/package_run_dependencies/action_tutorials_interfaces
[0.873s] -- Installing: /home/nikorose/Documents/Repos/EkumenTechTest/src/actions_ws/install/action_tutorials_interfaces/share/ament_index/resource_index/parent_prefix_path/action_tutorials_interfaces
[0.873s] -- Installing: /home/nikorose/Documents/Repos/EkumenTechTest/src/actions_ws/install/action_tutorials_interfaces/share/action_tutorials_interfaces/environment/ament_prefix_path.sh
[0.873s] -- Installing: /home/nikorose/Documents/Repos/EkumenTechTest/src/actions_ws/install/action_tutorials_interfaces/share/action_tutorials_interfaces/environment/ament_prefix_path.dsv
[0.873s] -- Installing: /home/nikorose/Documents/Repos/EkumenTechTest/src/actions_ws/install/action_tutorials_interfaces/share/action_tutorials_interfaces/environment/path.sh
[0.873s] -- Installing: /home/nikorose/Documents/Repos/EkumenTechTest/src/actions_ws/install/action_tutorials_interfaces/share/action_tutorials_interfaces/environment/path.dsv
[0.874s] -- Installing: /home/nikorose/Documents/Repos/EkumenTechTest/src/actions_ws/install/action_tutorials_interfaces/share/action_tutorials_interfaces/local_setup.bash
[0.874s] -- Installing: /home/nikorose/Documents/Repos/EkumenTechTest/src/actions_ws/install/action_tutorials_interfaces/share/action_tutorials_interfaces/local_setup.sh
[0.874s] -- Installing: /home/nikorose/Documents/Repos/EkumenTechTest/src/actions_ws/install/action_tutorials_interfaces/share/action_tutorials_interfaces/local_setup.zsh
[0.874s] -- Installing: /home/nikorose/Documents/Repos/EkumenTechTest/src/actions_ws/install/action_tutorials_interfaces/share/action_tutorials_interfaces/local_setup.dsv
[0.874s] -- Installing: /home/nikorose/Documents/Repos/EkumenTechTest/src/actions_ws/install/action_tutorials_interfaces/share/action_tutorials_interfaces/package.dsv
[0.874s] -- Installing: /home/nikorose/Documents/Repos/EkumenTechTest/src/actions_ws/install/action_tutorials_interfaces/share/ament_index/resource_index/packages/action_tutorials_interfaces
[0.874s] -- Installing: /home/nikorose/Documents/Repos/EkumenTechTest/src/actions_ws/install/action_tutorials_interfaces/share/action_tutorials_interfaces/cmake/action_tutorials_interfacesConfig.cmake
[0.874s] -- Installing: /home/nikorose/Documents/Repos/EkumenTechTest/src/actions_ws/install/action_tutorials_interfaces/share/action_tutorials_interfaces/cmake/action_tutorials_interfacesConfig-version.cmake
[0.875s] -- Installing: /home/nikorose/Documents/Repos/EkumenTechTest/src/actions_ws/install/action_tutorials_interfaces/share/action_tutorials_interfaces/package.xml
[0.876s] Invoked command in '/home/nikorose/Documents/Repos/EkumenTechTest/src/actions_ws/build/action_tutorials_interfaces' returned '0': CMAKE_PREFIX_PATH=/opt/ros/foxy /usr/bin/cmake --install /home/nikorose/Documents/Repos/EkumenTechTest/src/actions_ws/build/action_tutorials_interfaces
