running develop
running egg_info
writing ../../build/main_pkg/main_pkg.egg-info/PKG-INFO
writing dependency_links to ../../build/main_pkg/main_pkg.egg-info/dependency_links.txt
writing entry points to ../../build/main_pkg/main_pkg.egg-info/entry_points.txt
writing requirements to ../../build/main_pkg/main_pkg.egg-info/requires.txt
writing top-level names to ../../build/main_pkg/main_pkg.egg-info/top_level.txt
reading manifest file '../../build/main_pkg/main_pkg.egg-info/SOURCES.txt'
writing manifest file '../../build/main_pkg/main_pkg.egg-info/SOURCES.txt'
running build
running build_py
running install
running install_lib
creating /home/nikorose/Documents/Repos/EkumenTechTest/install/main_pkg/lib/python3.8/site-packages/main_pkg
copying /home/nikorose/Documents/Repos/EkumenTechTest/build/main_pkg/build/lib/main_pkg/node.py -> /home/nikorose/Documents/Repos/EkumenTechTest/install/main_pkg/lib/python3.8/site-packages/main_pkg
copying /home/nikorose/Documents/Repos/EkumenTechTest/build/main_pkg/build/lib/main_pkg/__init__.py -> /home/nikorose/Documents/Repos/EkumenTechTest/install/main_pkg/lib/python3.8/site-packages/main_pkg
byte-compiling /home/nikorose/Documents/Repos/EkumenTechTest/install/main_pkg/lib/python3.8/site-packages/main_pkg/node.py to node.cpython-38.pyc
byte-compiling /home/nikorose/Documents/Repos/EkumenTechTest/install/main_pkg/lib/python3.8/site-packages/main_pkg/__init__.py to __init__.cpython-38.pyc
running install_data
running install_egg_info
Copying ../../build/main_pkg/main_pkg.egg-info to /home/nikorose/Documents/Repos/EkumenTechTest/install/main_pkg/lib/python3.8/site-packages/main_pkg-0.0.0-py3.8.egg-info
running install_scripts
Installing node script to /home/nikorose/Documents/Repos/EkumenTechTest/install/main_pkg/lib/main_pkg
writing list of installed files to '/home/nikorose/Documents/Repos/EkumenTechTest/build/main_pkg/install.log'
