[0.230s] Invoking command in '/home/nikorose/Documents/Repos/EkumenTechTest/src/python_parameters': PYTHONPATH=/home/nikorose/Documents/Repos/EkumenTechTest/install/python_parameters/lib/python3.8/site-packages:${PYTHONPATH} /usr/bin/python3 setup.py egg_info --egg-base ../../build/python_parameters build --build-base /home/nikorose/Documents/Repos/EkumenTechTest/build/python_parameters/build install --prefix /home/nikorose/Documents/Repos/EkumenTechTest/install/python_parameters --record /home/nikorose/Documents/Repos/EkumenTechTest/build/python_parameters/install.log --single-version-externally-managed
[0.417s] /home/nikorose/.local/lib/python3.8/site-packages/setuptools/dist.py:720: UserWarning: Usage of dash-separated 'script-dir' will not be supported in future versions. Please use the underscore name 'script_dir' instead
[0.418s]   warnings.warn(
[0.418s] /home/nikorose/.local/lib/python3.8/site-packages/setuptools/dist.py:720: UserWarning: Usage of dash-separated 'install-scripts' will not be supported in future versions. Please use the underscore name 'install_scripts' instead
[0.418s]   warnings.warn(
[0.444s] running egg_info
[0.444s] creating ../../build/python_parameters/python_parameters.egg-info
[0.444s] writing ../../build/python_parameters/python_parameters.egg-info/PKG-INFO
[0.444s] writing dependency_links to ../../build/python_parameters/python_parameters.egg-info/dependency_links.txt
[0.444s] writing entry points to ../../build/python_parameters/python_parameters.egg-info/entry_points.txt
[0.444s] writing requirements to ../../build/python_parameters/python_parameters.egg-info/requires.txt
[0.445s] writing top-level names to ../../build/python_parameters/python_parameters.egg-info/top_level.txt
[0.447s] writing manifest file '../../build/python_parameters/python_parameters.egg-info/SOURCES.txt'
[0.448s] reading manifest file '../../build/python_parameters/python_parameters.egg-info/SOURCES.txt'
[0.449s] writing manifest file '../../build/python_parameters/python_parameters.egg-info/SOURCES.txt'
[0.449s] running build
[0.449s] running build_py
[0.449s] creating /home/nikorose/Documents/Repos/EkumenTechTest/build/python_parameters/build
[0.449s] creating /home/nikorose/Documents/Repos/EkumenTechTest/build/python_parameters/build/lib
[0.449s] creating /home/nikorose/Documents/Repos/EkumenTechTest/build/python_parameters/build/lib/python_parameters
[0.449s] copying python_parameters/__init__.py -> /home/nikorose/Documents/Repos/EkumenTechTest/build/python_parameters/build/lib/python_parameters
[0.449s] copying python_parameters/python_parameters_node.py -> /home/nikorose/Documents/Repos/EkumenTechTest/build/python_parameters/build/lib/python_parameters
[0.449s] running install
[0.450s] /home/nikorose/.local/lib/python3.8/site-packages/setuptools/command/install.py:34: SetuptoolsDeprecationWarning: setup.py install is deprecated. Use build and pip and other standards-based tools.
[0.450s]   warnings.warn(
[0.450s] running install_lib
[0.451s] creating /home/nikorose/Documents/Repos/EkumenTechTest/install/python_parameters/lib/python3.8/site-packages/python_parameters
[0.451s] copying /home/nikorose/Documents/Repos/EkumenTechTest/build/python_parameters/build/lib/python_parameters/__init__.py -> /home/nikorose/Documents/Repos/EkumenTechTest/install/python_parameters/lib/python3.8/site-packages/python_parameters
[0.451s] copying /home/nikorose/Documents/Repos/EkumenTechTest/build/python_parameters/build/lib/python_parameters/python_parameters_node.py -> /home/nikorose/Documents/Repos/EkumenTechTest/install/python_parameters/lib/python3.8/site-packages/python_parameters
[0.452s] byte-compiling /home/nikorose/Documents/Repos/EkumenTechTest/install/python_parameters/lib/python3.8/site-packages/python_parameters/__init__.py to __init__.cpython-38.pyc
[0.452s] byte-compiling /home/nikorose/Documents/Repos/EkumenTechTest/install/python_parameters/lib/python3.8/site-packages/python_parameters/python_parameters_node.py to python_parameters_node.cpython-38.pyc
[0.452s] running install_data
[0.453s] creating /home/nikorose/Documents/Repos/EkumenTechTest/install/python_parameters/share/ament_index
[0.453s] creating /home/nikorose/Documents/Repos/EkumenTechTest/install/python_parameters/share/ament_index/resource_index
[0.453s] creating /home/nikorose/Documents/Repos/EkumenTechTest/install/python_parameters/share/ament_index/resource_index/packages
[0.453s] copying resource/python_parameters -> /home/nikorose/Documents/Repos/EkumenTechTest/install/python_parameters/share/ament_index/resource_index/packages
[0.453s] copying package.xml -> /home/nikorose/Documents/Repos/EkumenTechTest/install/python_parameters/share/python_parameters
[0.453s] running install_egg_info
[0.454s] Copying ../../build/python_parameters/python_parameters.egg-info to /home/nikorose/Documents/Repos/EkumenTechTest/install/python_parameters/lib/python3.8/site-packages/python_parameters-0.0.0-py3.8.egg-info
[0.455s] running install_scripts
[0.469s] Installing param_talker script to /home/nikorose/Documents/Repos/EkumenTechTest/install/python_parameters/lib/python_parameters
[0.469s] writing list of installed files to '/home/nikorose/Documents/Repos/EkumenTechTest/build/python_parameters/install.log'
[0.484s] Invoked command in '/home/nikorose/Documents/Repos/EkumenTechTest/src/python_parameters' returned '0': PYTHONPATH=/home/nikorose/Documents/Repos/EkumenTechTest/install/python_parameters/lib/python3.8/site-packages:${PYTHONPATH} /usr/bin/python3 setup.py egg_info --egg-base ../../build/python_parameters build --build-base /home/nikorose/Documents/Repos/EkumenTechTest/build/python_parameters/build install --prefix /home/nikorose/Documents/Repos/EkumenTechTest/install/python_parameters --record /home/nikorose/Documents/Repos/EkumenTechTest/build/python_parameters/install.log --single-version-externally-managed
