[0.431s] Invoking command in '/home/nikorose/Documents/Repos/EkumenTechTest/build/main_pkg': PYTHONPATH=/home/nikorose/Documents/Repos/EkumenTechTest/install/main_pkg/lib/python3.8/site-packages:${PYTHONPATH} /usr/bin/python3 setup.py develop --prefix /home/nikorose/Documents/Repos/EkumenTechTest/install/main_pkg --uninstall --editable --build-directory /home/nikorose/Documents/Repos/EkumenTechTest/build/main_pkg/build
[0.612s] /home/nikorose/.local/lib/python3.8/site-packages/setuptools/dist.py:720: UserWarning: Usage of dash-separated 'script-dir' will not be supported in future versions. Please use the underscore name 'script_dir' instead
[0.612s]   warnings.warn(
[0.613s] /home/nikorose/.local/lib/python3.8/site-packages/setuptools/dist.py:720: UserWarning: Usage of dash-separated 'install-scripts' will not be supported in future versions. Please use the underscore name 'install_scripts' instead
[0.613s]   warnings.warn(
[0.648s] running develop
[0.648s] /home/nikorose/.local/lib/python3.8/site-packages/setuptools/command/easy_install.py:156: EasyInstallDeprecationWarning: easy_install command is deprecated. Use build and pip and other standards-based tools.
[0.648s]   warnings.warn(
[0.649s] /home/nikorose/.local/lib/python3.8/site-packages/setuptools/command/install.py:34: SetuptoolsDeprecationWarning: setup.py install is deprecated. Use build and pip and other standards-based tools.
[0.650s]   warnings.warn(
[0.690s] /home/nikorose/.local/lib/python3.8/site-packages/pkg_resources/__init__.py:116: PkgResourcesDeprecationWarning: 1.13.1-unknown is an invalid version and will not be supported in a future release
[0.690s]   warnings.warn(
[0.690s] /home/nikorose/.local/lib/python3.8/site-packages/pkg_resources/__init__.py:116: PkgResourcesDeprecationWarning: 0.23ubuntu1 is an invalid version and will not be supported in a future release
[0.690s]   warnings.warn(
[0.690s] /home/nikorose/.local/lib/python3.8/site-packages/pkg_resources/__init__.py:116: PkgResourcesDeprecationWarning: 0.1.36ubuntu1 is an invalid version and will not be supported in a future release
[0.690s]   warnings.warn(
[0.781s] Invoked command in '/home/nikorose/Documents/Repos/EkumenTechTest/build/main_pkg' returned '0': PYTHONPATH=/home/nikorose/Documents/Repos/EkumenTechTest/install/main_pkg/lib/python3.8/site-packages:${PYTHONPATH} /usr/bin/python3 setup.py develop --prefix /home/nikorose/Documents/Repos/EkumenTechTest/install/main_pkg --uninstall --editable --build-directory /home/nikorose/Documents/Repos/EkumenTechTest/build/main_pkg/build
[0.782s] Invoking command in '/home/nikorose/Documents/Repos/EkumenTechTest/src/main_pkg': PYTHONPATH=/home/nikorose/Documents/Repos/EkumenTechTest/install/main_pkg/lib/python3.8/site-packages:${PYTHONPATH} /usr/bin/python3 setup.py egg_info --egg-base ../../build/main_pkg build --build-base /home/nikorose/Documents/Repos/EkumenTechTest/build/main_pkg/build install --prefix /home/nikorose/Documents/Repos/EkumenTechTest/install/main_pkg --record /home/nikorose/Documents/Repos/EkumenTechTest/build/main_pkg/install.log --single-version-externally-managed
[0.948s] /home/nikorose/.local/lib/python3.8/site-packages/setuptools/dist.py:720: UserWarning: Usage of dash-separated 'script-dir' will not be supported in future versions. Please use the underscore name 'script_dir' instead
[0.949s]   warnings.warn(
[0.949s] /home/nikorose/.local/lib/python3.8/site-packages/setuptools/dist.py:720: UserWarning: Usage of dash-separated 'install-scripts' will not be supported in future versions. Please use the underscore name 'install_scripts' instead
[0.949s]   warnings.warn(
[0.971s] running egg_info
[0.971s] writing ../../build/main_pkg/main_pkg.egg-info/PKG-INFO
[0.972s] writing dependency_links to ../../build/main_pkg/main_pkg.egg-info/dependency_links.txt
[0.972s] writing entry points to ../../build/main_pkg/main_pkg.egg-info/entry_points.txt
[0.972s] writing requirements to ../../build/main_pkg/main_pkg.egg-info/requires.txt
[0.972s] writing top-level names to ../../build/main_pkg/main_pkg.egg-info/top_level.txt
[0.974s] reading manifest file '../../build/main_pkg/main_pkg.egg-info/SOURCES.txt'
[0.975s] writing manifest file '../../build/main_pkg/main_pkg.egg-info/SOURCES.txt'
[0.975s] running build
[0.975s] running build_py
[0.975s] running install
[0.975s] /home/nikorose/.local/lib/python3.8/site-packages/setuptools/command/install.py:34: SetuptoolsDeprecationWarning: setup.py install is deprecated. Use build and pip and other standards-based tools.
[0.975s]   warnings.warn(
[0.976s] running install_lib
[0.976s] running install_data
[0.977s] running install_egg_info
[0.978s] removing '/home/nikorose/Documents/Repos/EkumenTechTest/install/main_pkg/lib/python3.8/site-packages/main_pkg-0.0.0-py3.8.egg-info' (and everything under it)
[0.978s] Copying ../../build/main_pkg/main_pkg.egg-info to /home/nikorose/Documents/Repos/EkumenTechTest/install/main_pkg/lib/python3.8/site-packages/main_pkg-0.0.0-py3.8.egg-info
[0.979s] running install_scripts
[0.991s] Installing node script to /home/nikorose/Documents/Repos/EkumenTechTest/install/main_pkg/lib/main_pkg
[0.991s] writing list of installed files to '/home/nikorose/Documents/Repos/EkumenTechTest/build/main_pkg/install.log'
[1.009s] Invoked command in '/home/nikorose/Documents/Repos/EkumenTechTest/src/main_pkg' returned '0': PYTHONPATH=/home/nikorose/Documents/Repos/EkumenTechTest/install/main_pkg/lib/python3.8/site-packages:${PYTHONPATH} /usr/bin/python3 setup.py egg_info --egg-base ../../build/main_pkg build --build-base /home/nikorose/Documents/Repos/EkumenTechTest/build/main_pkg/build install --prefix /home/nikorose/Documents/Repos/EkumenTechTest/install/main_pkg --record /home/nikorose/Documents/Repos/EkumenTechTest/build/main_pkg/install.log --single-version-externally-managed
