[0.328s] Invoking command in '/home/nikorose/Documents/Repos/EkumenTechTest/src/py_srvcli': PYTHONPATH=/home/nikorose/Documents/Repos/EkumenTechTest/install/py_srvcli/lib/python3.8/site-packages:/home/nikorose/Documents/Repos/EkumenTechTest/install/tutorial_interfaces/lib/python3.8/site-packages:/home/nikorose/Documents/Repos/EkumenTechTest/install/py_srvcli/lib/python3.8/site-packages:/home/nikorose/Documents/Repos/EkumenTechTest/install/python_parameters/lib/python3.8/site-packages:/home/nikorose/Documents/Repos/EkumenTechTest/install/more_interfaces/lib/python3.8/site-packages:/home/nikorose/Documents/Repos/EkumenTechTest/install/main_pkg/lib/python3.8/site-packages:/opt/ros/foxy/lib/python3.8/site-packages /usr/bin/python3 setup.py egg_info --egg-base ../../build/py_srvcli build --build-base /home/nikorose/Documents/Repos/EkumenTechTest/build/py_srvcli/build install --prefix /home/nikorose/Documents/Repos/EkumenTechTest/install/py_srvcli --record /home/nikorose/Documents/Repos/EkumenTechTest/build/py_srvcli/install.log --single-version-externally-managed
[0.519s] /home/nikorose/.local/lib/python3.8/site-packages/setuptools/dist.py:720: UserWarning: Usage of dash-separated 'script-dir' will not be supported in future versions. Please use the underscore name 'script_dir' instead
[0.519s]   warnings.warn(
[0.519s] /home/nikorose/.local/lib/python3.8/site-packages/setuptools/dist.py:720: UserWarning: Usage of dash-separated 'install-scripts' will not be supported in future versions. Please use the underscore name 'install_scripts' instead
[0.519s]   warnings.warn(
[0.542s] running egg_info
[0.543s] writing ../../build/py_srvcli/py_srvcli.egg-info/PKG-INFO
[0.543s] writing dependency_links to ../../build/py_srvcli/py_srvcli.egg-info/dependency_links.txt
[0.543s] writing entry points to ../../build/py_srvcli/py_srvcli.egg-info/entry_points.txt
[0.543s] writing requirements to ../../build/py_srvcli/py_srvcli.egg-info/requires.txt
[0.543s] writing top-level names to ../../build/py_srvcli/py_srvcli.egg-info/top_level.txt
[0.546s] reading manifest file '../../build/py_srvcli/py_srvcli.egg-info/SOURCES.txt'
[0.547s] writing manifest file '../../build/py_srvcli/py_srvcli.egg-info/SOURCES.txt'
[0.547s] running build
[0.547s] running build_py
[0.547s] running install
[0.547s] /home/nikorose/.local/lib/python3.8/site-packages/setuptools/command/install.py:34: SetuptoolsDeprecationWarning: setup.py install is deprecated. Use build and pip and other standards-based tools.
[0.547s]   warnings.warn(
[0.548s] running install_lib
[0.549s] running install_data
[0.549s] running install_egg_info
[0.550s] removing '/home/nikorose/Documents/Repos/EkumenTechTest/install/py_srvcli/lib/python3.8/site-packages/py_srvcli-0.0.0-py3.8.egg-info' (and everything under it)
[0.550s] Copying ../../build/py_srvcli/py_srvcli.egg-info to /home/nikorose/Documents/Repos/EkumenTechTest/install/py_srvcli/lib/python3.8/site-packages/py_srvcli-0.0.0-py3.8.egg-info
[0.551s] running install_scripts
[0.567s] Installing client script to /home/nikorose/Documents/Repos/EkumenTechTest/install/py_srvcli/lib/py_srvcli
[0.567s] Installing service script to /home/nikorose/Documents/Repos/EkumenTechTest/install/py_srvcli/lib/py_srvcli
[0.567s] writing list of installed files to '/home/nikorose/Documents/Repos/EkumenTechTest/build/py_srvcli/install.log'
[0.593s] Invoked command in '/home/nikorose/Documents/Repos/EkumenTechTest/src/py_srvcli' returned '0': PYTHONPATH=/home/nikorose/Documents/Repos/EkumenTechTest/install/py_srvcli/lib/python3.8/site-packages:/home/nikorose/Documents/Repos/EkumenTechTest/install/tutorial_interfaces/lib/python3.8/site-packages:/home/nikorose/Documents/Repos/EkumenTechTest/install/py_srvcli/lib/python3.8/site-packages:/home/nikorose/Documents/Repos/EkumenTechTest/install/python_parameters/lib/python3.8/site-packages:/home/nikorose/Documents/Repos/EkumenTechTest/install/more_interfaces/lib/python3.8/site-packages:/home/nikorose/Documents/Repos/EkumenTechTest/install/main_pkg/lib/python3.8/site-packages:/opt/ros/foxy/lib/python3.8/site-packages /usr/bin/python3 setup.py egg_info --egg-base ../../build/py_srvcli build --build-base /home/nikorose/Documents/Repos/EkumenTechTest/build/py_srvcli/build install --prefix /home/nikorose/Documents/Repos/EkumenTechTest/install/py_srvcli --record /home/nikorose/Documents/Repos/EkumenTechTest/build/py_srvcli/install.log --single-version-externally-managed
