[0.013s] Invoking command in '/home/nikorose/Documents/Repos/EkumenTechTest/src/actions_ws/src/action_tutorials_interfaces/build/action_tutorials_interfaces': CMAKE_PREFIX_PATH=/opt/ros/foxy /usr/bin/cmake /home/nikorose/Documents/Repos/EkumenTechTest/src/actions_ws/src/action_tutorials_interfaces -DCMAKE_INSTALL_PREFIX=/home/nikorose/Documents/Repos/EkumenTechTest/src/actions_ws/src/action_tutorials_interfaces/install/action_tutorials_interfaces
[0.055s] -- The C compiler identification is GNU 9.3.0
[0.092s] -- The CXX compiler identification is GNU 9.3.0
[0.095s] -- Check for working C compiler: /usr/bin/cc
[0.144s] -- Check for working C compiler: /usr/bin/cc -- works
[0.145s] -- Detecting C compiler ABI info
[0.192s] -- Detecting C compiler ABI info - done
[0.202s] -- Detecting C compile features
[0.202s] -- Detecting C compile features - done
[0.205s] -- Check for working CXX compiler: /usr/bin/c++
[0.262s] -- Check for working CXX compiler: /usr/bin/c++ -- works
[0.262s] -- Detecting CXX compiler ABI info
[0.318s] -- Detecting CXX compiler ABI info - done
[0.327s] -- Detecting CXX compile features
[0.328s] -- Detecting CXX compile features - done
[0.329s] -- Found ament_cmake: 0.9.9 (/opt/ros/foxy/share/ament_cmake/cmake)
[0.346s] -- Found PythonInterp: /usr/bin/python3 (found suitable version "3.8.10", minimum required is "3") 
[0.346s] -- Using PYTHON_EXECUTABLE: /usr/bin/python3
[0.507s] -- Found ament_lint_auto: 0.9.6 (/opt/ros/foxy/share/ament_lint_auto/cmake)
[0.558s] -- Added test 'copyright' to check source files copyright and LICENSE
[0.561s] -- Added test 'cppcheck' to perform static code analysis on C / C++ code
[0.562s] -- Configured cppcheck include dirs: 
[0.562s] -- Configured cppcheck exclude dirs and/or files: 
[0.565s] -- Added test 'cpplint' to check C / C++ code against the Google style
[0.565s] -- Configured cpplint exclude dirs and/or files: 
[0.567s] -- Added test 'lint_cmake' to check CMake code style
[0.570s] -- Added test 'uncrustify' to check C / C++ code style
[0.570s] -- Configured uncrustify additional arguments: 
[0.571s] -- Added test 'xmllint' to check XML markup files
[0.572s] -- Configuring done
[0.574s] -- Generating done
[0.575s] -- Build files have been written to: /home/nikorose/Documents/Repos/EkumenTechTest/src/actions_ws/src/action_tutorials_interfaces/build/action_tutorials_interfaces
[0.577s] Invoked command in '/home/nikorose/Documents/Repos/EkumenTechTest/src/actions_ws/src/action_tutorials_interfaces/build/action_tutorials_interfaces' returned '0': CMAKE_PREFIX_PATH=/opt/ros/foxy /usr/bin/cmake /home/nikorose/Documents/Repos/EkumenTechTest/src/actions_ws/src/action_tutorials_interfaces -DCMAKE_INSTALL_PREFIX=/home/nikorose/Documents/Repos/EkumenTechTest/src/actions_ws/src/action_tutorials_interfaces/install/action_tutorials_interfaces
[0.579s] Invoking command in '/home/nikorose/Documents/Repos/EkumenTechTest/src/actions_ws/src/action_tutorials_interfaces/build/action_tutorials_interfaces': CMAKE_PREFIX_PATH=/opt/ros/foxy /usr/bin/cmake --build /home/nikorose/Documents/Repos/EkumenTechTest/src/actions_ws/src/action_tutorials_interfaces/build/action_tutorials_interfaces -- -j8 -l8
[0.608s] Invoked command in '/home/nikorose/Documents/Repos/EkumenTechTest/src/actions_ws/src/action_tutorials_interfaces/build/action_tutorials_interfaces' returned '0': CMAKE_PREFIX_PATH=/opt/ros/foxy /usr/bin/cmake --build /home/nikorose/Documents/Repos/EkumenTechTest/src/actions_ws/src/action_tutorials_interfaces/build/action_tutorials_interfaces -- -j8 -l8
[0.630s] Invoking command in '/home/nikorose/Documents/Repos/EkumenTechTest/src/actions_ws/src/action_tutorials_interfaces/build/action_tutorials_interfaces': CMAKE_PREFIX_PATH=/opt/ros/foxy /usr/bin/cmake --install /home/nikorose/Documents/Repos/EkumenTechTest/src/actions_ws/src/action_tutorials_interfaces/build/action_tutorials_interfaces
[0.637s] -- Install configuration: ""
[0.638s] -- Installing: /home/nikorose/Documents/Repos/EkumenTechTest/src/actions_ws/src/action_tutorials_interfaces/install/action_tutorials_interfaces/share/ament_index/resource_index/package_run_dependencies/action_tutorials_interfaces
[0.638s] -- Installing: /home/nikorose/Documents/Repos/EkumenTechTest/src/actions_ws/src/action_tutorials_interfaces/install/action_tutorials_interfaces/share/ament_index/resource_index/parent_prefix_path/action_tutorials_interfaces
[0.638s] -- Installing: /home/nikorose/Documents/Repos/EkumenTechTest/src/actions_ws/src/action_tutorials_interfaces/install/action_tutorials_interfaces/share/action_tutorials_interfaces/environment/ament_prefix_path.sh
[0.638s] -- Installing: /home/nikorose/Documents/Repos/EkumenTechTest/src/actions_ws/src/action_tutorials_interfaces/install/action_tutorials_interfaces/share/action_tutorials_interfaces/environment/ament_prefix_path.dsv
[0.638s] -- Installing: /home/nikorose/Documents/Repos/EkumenTechTest/src/actions_ws/src/action_tutorials_interfaces/install/action_tutorials_interfaces/share/action_tutorials_interfaces/environment/path.sh
[0.638s] -- Installing: /home/nikorose/Documents/Repos/EkumenTechTest/src/actions_ws/src/action_tutorials_interfaces/install/action_tutorials_interfaces/share/action_tutorials_interfaces/environment/path.dsv
[0.638s] -- Installing: /home/nikorose/Documents/Repos/EkumenTechTest/src/actions_ws/src/action_tutorials_interfaces/install/action_tutorials_interfaces/share/action_tutorials_interfaces/local_setup.bash
[0.638s] -- Installing: /home/nikorose/Documents/Repos/EkumenTechTest/src/actions_ws/src/action_tutorials_interfaces/install/action_tutorials_interfaces/share/action_tutorials_interfaces/local_setup.sh
[0.638s] -- Installing: /home/nikorose/Documents/Repos/EkumenTechTest/src/actions_ws/src/action_tutorials_interfaces/install/action_tutorials_interfaces/share/action_tutorials_interfaces/local_setup.zsh
[0.639s] -- Installing: /home/nikorose/Documents/Repos/EkumenTechTest/src/actions_ws/src/action_tutorials_interfaces/install/action_tutorials_interfaces/share/action_tutorials_interfaces/local_setup.dsv
[0.639s] -- Installing: /home/nikorose/Documents/Repos/EkumenTechTest/src/actions_ws/src/action_tutorials_interfaces/install/action_tutorials_interfaces/share/action_tutorials_interfaces/package.dsv
[0.639s] -- Installing: /home/nikorose/Documents/Repos/EkumenTechTest/src/actions_ws/src/action_tutorials_interfaces/install/action_tutorials_interfaces/share/ament_index/resource_index/packages/action_tutorials_interfaces
[0.639s] -- Installing: /home/nikorose/Documents/Repos/EkumenTechTest/src/actions_ws/src/action_tutorials_interfaces/install/action_tutorials_interfaces/share/action_tutorials_interfaces/cmake/action_tutorials_interfacesConfig.cmake
[0.639s] -- Installing: /home/nikorose/Documents/Repos/EkumenTechTest/src/actions_ws/src/action_tutorials_interfaces/install/action_tutorials_interfaces/share/action_tutorials_interfaces/cmake/action_tutorials_interfacesConfig-version.cmake
[0.639s] -- Installing: /home/nikorose/Documents/Repos/EkumenTechTest/src/actions_ws/src/action_tutorials_interfaces/install/action_tutorials_interfaces/share/action_tutorials_interfaces/package.xml
[0.641s] Invoked command in '/home/nikorose/Documents/Repos/EkumenTechTest/src/actions_ws/src/action_tutorials_interfaces/build/action_tutorials_interfaces' returned '0': CMAKE_PREFIX_PATH=/opt/ros/foxy /usr/bin/cmake --install /home/nikorose/Documents/Repos/EkumenTechTest/src/actions_ws/src/action_tutorials_interfaces/build/action_tutorials_interfaces
