[0.011s] Invoking command in '/home/nikorose/Documents/Repos/EkumenTechTest/build/more_interfaces': CMAKE_PREFIX_PATH=${CMAKE_PREFIX_PATH}:/home/nikorose/Documents/Repos/EkumenTechTest/install/py_srvcli:/home/nikorose/Documents/Repos/EkumenTechTest/install/main_pkg:/opt/ros/foxy /usr/bin/cmake /home/nikorose/Documents/Repos/EkumenTechTest/src/more_interfaces -DCMAKE_INSTALL_PREFIX=/home/nikorose/Documents/Repos/EkumenTechTest/install/more_interfaces
[0.182s] -- The C compiler identification is GNU 9.3.0
[0.373s] -- The CXX compiler identification is GNU 9.3.0
[0.380s] -- Check for working C compiler: /usr/bin/cc
[0.441s] -- Check for working C compiler: /usr/bin/cc -- works
[0.442s] -- Detecting C compiler ABI info
[0.492s] -- Detecting C compiler ABI info - done
[0.501s] -- Detecting C compile features
[0.502s] -- Detecting C compile features - done
[0.504s] -- Check for working CXX compiler: /usr/bin/c++
[0.562s] -- Check for working CXX compiler: /usr/bin/c++ -- works
[0.563s] -- Detecting CXX compiler ABI info
[0.620s] -- Detecting CXX compiler ABI info - done
[0.629s] -- Detecting CXX compile features
[0.630s] -- Detecting CXX compile features - done
[0.643s] -- Found ament_cmake: 0.9.9 (/opt/ros/foxy/share/ament_cmake/cmake)
[0.664s] -- Found PythonInterp: /usr/bin/python3 (found suitable version "3.8.10", minimum required is "3") 
[0.664s] -- Using PYTHON_EXECUTABLE: /usr/bin/python3
[0.849s] -- Found ament_lint_auto: 0.9.6 (/opt/ros/foxy/share/ament_lint_auto/cmake)
[0.910s] -- Found rosidl_default_generators: 1.0.1 (/opt/ros/foxy/share/rosidl_default_generators/cmake)
[0.921s] -- Using all available rosidl_typesupport_c: rosidl_typesupport_fastrtps_c;rosidl_typesupport_introspection_c
[0.943s] -- Found rosidl_adapter: 1.2.1 (/opt/ros/foxy/share/rosidl_adapter/cmake)
[1.042s] -- Found OpenSSL: /usr/lib/x86_64-linux-gnu/libcrypto.so (found version "1.1.1f")  
[1.064s] -- Found FastRTPS: /opt/ros/foxy/include  
[1.128s] -- Using all available rosidl_typesupport_cpp: rosidl_typesupport_fastrtps_cpp;rosidl_typesupport_introspection_cpp
[1.167s] -- Found PythonInterp: /usr/bin/python3 (found version "3.8.10") 
[1.219s] -- Found ament_cmake_ros: 0.9.2 (/opt/ros/foxy/share/ament_cmake_ros/cmake)
[1.295s] -- Using all available rosidl_typesupport_c: rosidl_typesupport_fastrtps_c;rosidl_typesupport_introspection_c
[1.301s] -- Using all available rosidl_typesupport_cpp: rosidl_typesupport_fastrtps_cpp;rosidl_typesupport_introspection_cpp
[1.319s] -- Found PythonInterp: /usr/bin/python3 (found suitable version "3.8.10", minimum required is "3.5") 
[1.321s] -- Found python_cmake_module: 0.8.1 (/opt/ros/foxy/share/python_cmake_module/cmake)
[1.343s] -- Found PythonLibs: /usr/lib/x86_64-linux-gnu/libpython3.8.so (found suitable version "3.8.10", minimum required is "3.5") 
[1.343s] -- Using PYTHON_EXECUTABLE: /usr/bin/python3
[1.343s] -- Using PYTHON_INCLUDE_DIRS: /usr/include/python3.8
[1.343s] -- Using PYTHON_LIBRARIES: /usr/lib/x86_64-linux-gnu/libpython3.8.so
[1.360s] -- Found PythonExtra: .so  
[1.394s] -- Found rclcpp: 2.4.0 (/opt/ros/foxy/share/rclcpp/cmake)
[1.454s] -- Found rmw_implementation_cmake: 1.0.3 (/opt/ros/foxy/share/rmw_implementation_cmake/cmake)
[1.456s] -- Using RMW implementation 'rmw_fastrtps_cpp' as default
[1.457s] -- Looking for pthread.h
[1.510s] -- Looking for pthread.h - found
[1.510s] -- Performing Test CMAKE_HAVE_LIBC_PTHREAD
[1.563s] -- Performing Test CMAKE_HAVE_LIBC_PTHREAD - Failed
[1.563s] -- Looking for pthread_create in pthreads
[1.606s] -- Looking for pthread_create in pthreads - not found
[1.606s] -- Looking for pthread_create in pthread
[1.656s] -- Looking for pthread_create in pthread - found
[1.657s] -- Found Threads: TRUE  
[1.789s] -- Added test 'copyright' to check source files copyright and LICENSE
[1.790s] -- Added test 'cppcheck' to perform static code analysis on C / C++ code
[1.791s] -- Configured cppcheck include dirs: 
[1.791s] -- Configured cppcheck exclude dirs and/or files: 
[1.791s] -- Added test 'cpplint' to check C / C++ code against the Google style
[1.791s] -- Configured cpplint exclude dirs and/or files: 
[1.792s] -- Added test 'lint_cmake' to check CMake code style
[1.793s] -- Added test 'uncrustify' to check C / C++ code style
[1.794s] -- Configured uncrustify additional arguments: 
[1.794s] -- Added test 'xmllint' to check XML markup files
[1.802s] -- Configuring done
[1.825s] -- Generating done
[1.827s] -- Build files have been written to: /home/nikorose/Documents/Repos/EkumenTechTest/build/more_interfaces
[1.834s] Invoked command in '/home/nikorose/Documents/Repos/EkumenTechTest/build/more_interfaces' returned '0': CMAKE_PREFIX_PATH=${CMAKE_PREFIX_PATH}:/home/nikorose/Documents/Repos/EkumenTechTest/install/py_srvcli:/home/nikorose/Documents/Repos/EkumenTechTest/install/main_pkg:/opt/ros/foxy /usr/bin/cmake /home/nikorose/Documents/Repos/EkumenTechTest/src/more_interfaces -DCMAKE_INSTALL_PREFIX=/home/nikorose/Documents/Repos/EkumenTechTest/install/more_interfaces
[1.837s] Invoking command in '/home/nikorose/Documents/Repos/EkumenTechTest/build/more_interfaces': CMAKE_PREFIX_PATH=${CMAKE_PREFIX_PATH}:/home/nikorose/Documents/Repos/EkumenTechTest/install/py_srvcli:/home/nikorose/Documents/Repos/EkumenTechTest/install/main_pkg:/opt/ros/foxy /usr/bin/cmake --build /home/nikorose/Documents/Repos/EkumenTechTest/build/more_interfaces -- -j8 -l8
[1.867s] [  3%] [34m[1mGenerating C code for ROS interfaces[0m
[1.867s] [35m[1mScanning dependencies of target more_interfaces__cpp[0m
[1.875s] [  6%] [34m[1mGenerating C++ code for ROS interfaces[0m
[2.049s] [35m[1mScanning dependencies of target more_interfaces__rosidl_generator_c[0m
[2.060s] [  9%] [32mBuilding C object CMakeFiles/more_interfaces__rosidl_generator_c.dir/rosidl_generator_c/more_interfaces/msg/detail/address_book__functions.c.o[0m
[2.061s] [  9%] Built target more_interfaces__cpp
[2.072s] [ 12%] [34m[1mGenerating C++ type support dispatch for ROS interfaces[0m
[2.073s] [ 15%] [34m[1mGenerating C++ type support for eProsima Fast-RTPS[0m
[2.073s] [ 18%] [34m[1mGenerating C++ introspection for ROS interfaces[0m
[2.094s] [ 21%] [32m[1mLinking C shared library libmore_interfaces__rosidl_generator_c.so[0m
[2.122s] [ 21%] Built target more_interfaces__rosidl_generator_c
[2.130s] [ 24%] [34m[1mGenerating C introspection for ROS interfaces[0m
[2.133s] [ 27%] [34m[1mGenerating C type support dispatch for ROS interfaces[0m
[2.243s] [35m[1mScanning dependencies of target more_interfaces__rosidl_typesupport_cpp[0m
[2.253s] [ 30%] [32mBuilding CXX object CMakeFiles/more_interfaces__rosidl_typesupport_cpp.dir/rosidl_typesupport_cpp/more_interfaces/msg/address_book__type_support.cpp.o[0m
[2.264s] [35m[1mScanning dependencies of target more_interfaces__rosidl_typesupport_fastrtps_cpp[0m
[2.277s] [ 33%] [32mBuilding CXX object CMakeFiles/more_interfaces__rosidl_typesupport_fastrtps_cpp.dir/rosidl_typesupport_fastrtps_cpp/more_interfaces/msg/detail/dds_fastrtps/address_book__type_support.cpp.o[0m
[2.317s] [35m[1mScanning dependencies of target more_interfaces__rosidl_typesupport_introspection_c[0m
[2.327s] [ 36%] [32mBuilding C object CMakeFiles/more_interfaces__rosidl_typesupport_introspection_c.dir/rosidl_typesupport_introspection_c/more_interfaces/msg/detail/address_book__type_support.c.o[0m
[2.349s] [35m[1mScanning dependencies of target more_interfaces__rosidl_typesupport_introspection_cpp[0m
[2.357s] [ 39%] [32m[1mLinking C shared library libmore_interfaces__rosidl_typesupport_introspection_c.so[0m
[2.364s] [ 42%] [32mBuilding CXX object CMakeFiles/more_interfaces__rosidl_typesupport_introspection_cpp.dir/rosidl_typesupport_introspection_cpp/more_interfaces/msg/detail/address_book__type_support.cpp.o[0m
[2.382s] [ 42%] Built target more_interfaces__rosidl_typesupport_introspection_c
[2.393s] [35m[1mScanning dependencies of target more_interfaces__rosidl_typesupport_c[0m
[2.403s] [ 45%] [32mBuilding CXX object CMakeFiles/more_interfaces__rosidl_typesupport_c.dir/rosidl_typesupport_c/more_interfaces/msg/address_book__type_support.cpp.o[0m
[2.429s] [ 48%] [32m[1mLinking CXX shared library libmore_interfaces__rosidl_typesupport_c.so[0m
[2.464s] [ 48%] Built target more_interfaces__rosidl_typesupport_c
[2.492s] [ 51%] [32m[1mLinking CXX shared library libmore_interfaces__rosidl_typesupport_cpp.so[0m
[2.523s] [ 51%] Built target more_interfaces__rosidl_typesupport_cpp
[2.627s] [ 54%] [32m[1mLinking CXX shared library libmore_interfaces__rosidl_typesupport_fastrtps_cpp.so[0m
[2.629s] [ 57%] [32m[1mLinking CXX shared library libmore_interfaces__rosidl_typesupport_introspection_cpp.so[0m
[2.689s] [ 57%] Built target more_interfaces__rosidl_typesupport_introspection_cpp
[2.707s] [ 57%] Built target more_interfaces__rosidl_typesupport_fastrtps_cpp
[2.714s] [ 60%] [34m[1mGenerating C type support for eProsima Fast-RTPS[0m
[2.888s] [35m[1mScanning dependencies of target more_interfaces__rosidl_typesupport_fastrtps_c[0m
[2.898s] [ 63%] [32mBuilding CXX object CMakeFiles/more_interfaces__rosidl_typesupport_fastrtps_c.dir/rosidl_typesupport_fastrtps_c/more_interfaces/msg/detail/address_book__type_support_c.cpp.o[0m
[3.160s] [ 66%] [32m[1mLinking CXX shared library libmore_interfaces__rosidl_typesupport_fastrtps_c.so[0m
[3.220s] [ 66%] Built target more_interfaces__rosidl_typesupport_fastrtps_c
[3.227s] [35m[1mScanning dependencies of target more_interfaces[0m
[3.235s] [ 66%] Built target more_interfaces
[3.242s] [35m[1mScanning dependencies of target more_interfaces__py[0m
[3.243s] [35m[1mScanning dependencies of target publish_address_book[0m
[3.250s] [ 69%] [34m[1mGenerating Python code for ROS interfaces[0m
[3.271s] [ 72%] [32mBuilding CXX object CMakeFiles/publish_address_book.dir/src/publish_address_book.cpp.o[0m
[3.556s] [ 72%] Built target more_interfaces__py
[3.565s] [35m[1mScanning dependencies of target more_interfaces__python[0m
[3.579s] [ 75%] [32mBuilding C object CMakeFiles/more_interfaces__python.dir/rosidl_generator_py/more_interfaces/msg/_address_book_s.c.o[0m
[3.647s] [ 78%] [32m[1mLinking C shared library rosidl_generator_py/more_interfaces/libmore_interfaces__python.so[0m
[3.676s] [ 78%] Built target more_interfaces__python
[3.684s] [35m[1mScanning dependencies of target more_interfaces__rosidl_typesupport_c__pyext[0m
[3.685s] [35m[1mScanning dependencies of target more_interfaces__rosidl_typesupport_introspection_c__pyext[0m
[3.685s] [35m[1mScanning dependencies of target more_interfaces__rosidl_typesupport_fastrtps_c__pyext[0m
[3.699s] [ 84%] [32mBuilding C object CMakeFiles/more_interfaces__rosidl_typesupport_c__pyext.dir/rosidl_generator_py/more_interfaces/_more_interfaces_s.ep.rosidl_typesupport_c.c.o[0m
[3.700s] [ 84%] [32mBuilding C object CMakeFiles/more_interfaces__rosidl_typesupport_fastrtps_c__pyext.dir/rosidl_generator_py/more_interfaces/_more_interfaces_s.ep.rosidl_typesupport_fastrtps_c.c.o[0m
[3.700s] [ 87%] [32mBuilding C object CMakeFiles/more_interfaces__rosidl_typesupport_introspection_c__pyext.dir/rosidl_generator_py/more_interfaces/_more_interfaces_s.ep.rosidl_typesupport_introspection_c.c.o[0m
[3.765s] [ 90%] [32m[1mLinking CXX shared library rosidl_generator_py/more_interfaces/more_interfaces_s__rosidl_typesupport_fastrtps_c.cpython-38-x86_64-linux-gnu.so[0m
[3.767s] [ 93%] [32m[1mLinking C shared library rosidl_generator_py/more_interfaces/more_interfaces_s__rosidl_typesupport_c.cpython-38-x86_64-linux-gnu.so[0m
[3.775s] [ 96%] [32m[1mLinking C shared library rosidl_generator_py/more_interfaces/more_interfaces_s__rosidl_typesupport_introspection_c.cpython-38-x86_64-linux-gnu.so[0m
[3.795s] [ 96%] Built target more_interfaces__rosidl_typesupport_c__pyext
[3.803s] [ 96%] Built target more_interfaces__rosidl_typesupport_introspection_c__pyext
[3.817s] [ 96%] Built target more_interfaces__rosidl_typesupport_fastrtps_c__pyext
[5.495s] [100%] [32m[1mLinking CXX executable publish_address_book[0m
[5.618s] [100%] Built target publish_address_book
[5.627s] Invoked command in '/home/nikorose/Documents/Repos/EkumenTechTest/build/more_interfaces' returned '0': CMAKE_PREFIX_PATH=${CMAKE_PREFIX_PATH}:/home/nikorose/Documents/Repos/EkumenTechTest/install/py_srvcli:/home/nikorose/Documents/Repos/EkumenTechTest/install/main_pkg:/opt/ros/foxy /usr/bin/cmake --build /home/nikorose/Documents/Repos/EkumenTechTest/build/more_interfaces -- -j8 -l8
[5.668s] Invoking command in '/home/nikorose/Documents/Repos/EkumenTechTest/build/more_interfaces': CMAKE_PREFIX_PATH=${CMAKE_PREFIX_PATH}:/home/nikorose/Documents/Repos/EkumenTechTest/install/py_srvcli:/home/nikorose/Documents/Repos/EkumenTechTest/install/main_pkg:/opt/ros/foxy /usr/bin/cmake --install /home/nikorose/Documents/Repos/EkumenTechTest/build/more_interfaces
[5.676s] -- Install configuration: ""
[5.676s] -- Installing: /home/nikorose/Documents/Repos/EkumenTechTest/install/more_interfaces/share/ament_index/resource_index/rosidl_interfaces/more_interfaces
[5.676s] -- Installing: /home/nikorose/Documents/Repos/EkumenTechTest/install/more_interfaces/include/more_interfaces
[5.676s] -- Installing: /home/nikorose/Documents/Repos/EkumenTechTest/install/more_interfaces/include/more_interfaces/msg
[5.676s] -- Installing: /home/nikorose/Documents/Repos/EkumenTechTest/install/more_interfaces/include/more_interfaces/msg/rosidl_generator_c__visibility_control.h
[5.676s] -- Installing: /home/nikorose/Documents/Repos/EkumenTechTest/install/more_interfaces/include/more_interfaces/msg/detail
[5.676s] -- Installing: /home/nikorose/Documents/Repos/EkumenTechTest/install/more_interfaces/include/more_interfaces/msg/detail/address_book__functions.c
[5.676s] -- Installing: /home/nikorose/Documents/Repos/EkumenTechTest/install/more_interfaces/include/more_interfaces/msg/detail/address_book__functions.h
[5.676s] -- Installing: /home/nikorose/Documents/Repos/EkumenTechTest/install/more_interfaces/include/more_interfaces/msg/detail/address_book__struct.h
[5.676s] -- Installing: /home/nikorose/Documents/Repos/EkumenTechTest/install/more_interfaces/include/more_interfaces/msg/detail/address_book__type_support.h
[5.676s] -- Installing: /home/nikorose/Documents/Repos/EkumenTechTest/install/more_interfaces/include/more_interfaces/msg/address_book.h
[5.677s] -- Installing: /home/nikorose/Documents/Repos/EkumenTechTest/install/more_interfaces/share/more_interfaces/environment/library_path.sh
[5.677s] -- Installing: /home/nikorose/Documents/Repos/EkumenTechTest/install/more_interfaces/share/more_interfaces/environment/library_path.dsv
[5.677s] -- Installing: /home/nikorose/Documents/Repos/EkumenTechTest/install/more_interfaces/lib/libmore_interfaces__rosidl_generator_c.so
[5.677s] -- Set runtime path of "/home/nikorose/Documents/Repos/EkumenTechTest/install/more_interfaces/lib/libmore_interfaces__rosidl_generator_c.so" to ""
[5.677s] -- Up-to-date: /home/nikorose/Documents/Repos/EkumenTechTest/install/more_interfaces/include/more_interfaces
[5.677s] -- Up-to-date: /home/nikorose/Documents/Repos/EkumenTechTest/install/more_interfaces/include/more_interfaces/msg
[5.677s] -- Up-to-date: /home/nikorose/Documents/Repos/EkumenTechTest/install/more_interfaces/include/more_interfaces/msg/detail
[5.677s] -- Installing: /home/nikorose/Documents/Repos/EkumenTechTest/install/more_interfaces/include/more_interfaces/msg/detail/address_book__rosidl_typesupport_fastrtps_c.h
[5.677s] -- Installing: /home/nikorose/Documents/Repos/EkumenTechTest/install/more_interfaces/include/more_interfaces/msg/rosidl_typesupport_fastrtps_c__visibility_control.h
[5.677s] -- Installing: /home/nikorose/Documents/Repos/EkumenTechTest/install/more_interfaces/lib/libmore_interfaces__rosidl_typesupport_fastrtps_c.so
[5.677s] -- Set runtime path of "/home/nikorose/Documents/Repos/EkumenTechTest/install/more_interfaces/lib/libmore_interfaces__rosidl_typesupport_fastrtps_c.so" to ""
[5.677s] -- Up-to-date: /home/nikorose/Documents/Repos/EkumenTechTest/install/more_interfaces/include/more_interfaces
[5.678s] -- Up-to-date: /home/nikorose/Documents/Repos/EkumenTechTest/install/more_interfaces/include/more_interfaces/msg
[5.678s] -- Installing: /home/nikorose/Documents/Repos/EkumenTechTest/install/more_interfaces/include/more_interfaces/msg/rosidl_typesupport_fastrtps_cpp__visibility_control.h
[5.678s] -- Up-to-date: /home/nikorose/Documents/Repos/EkumenTechTest/install/more_interfaces/include/more_interfaces/msg/detail
[5.678s] -- Installing: /home/nikorose/Documents/Repos/EkumenTechTest/install/more_interfaces/include/more_interfaces/msg/detail/dds_fastrtps
[5.678s] -- Installing: /home/nikorose/Documents/Repos/EkumenTechTest/install/more_interfaces/include/more_interfaces/msg/detail/address_book__rosidl_typesupport_fastrtps_cpp.hpp
[5.678s] -- Installing: /home/nikorose/Documents/Repos/EkumenTechTest/install/more_interfaces/lib/libmore_interfaces__rosidl_typesupport_fastrtps_cpp.so
[5.678s] -- Set runtime path of "/home/nikorose/Documents/Repos/EkumenTechTest/install/more_interfaces/lib/libmore_interfaces__rosidl_typesupport_fastrtps_cpp.so" to ""
[5.678s] -- Up-to-date: /home/nikorose/Documents/Repos/EkumenTechTest/install/more_interfaces/include/more_interfaces
[5.678s] -- Up-to-date: /home/nikorose/Documents/Repos/EkumenTechTest/install/more_interfaces/include/more_interfaces/msg
[5.678s] -- Installing: /home/nikorose/Documents/Repos/EkumenTechTest/install/more_interfaces/include/more_interfaces/msg/rosidl_typesupport_introspection_c__visibility_control.h
[5.678s] -- Up-to-date: /home/nikorose/Documents/Repos/EkumenTechTest/install/more_interfaces/include/more_interfaces/msg/detail
[5.678s] -- Installing: /home/nikorose/Documents/Repos/EkumenTechTest/install/more_interfaces/include/more_interfaces/msg/detail/address_book__rosidl_typesupport_introspection_c.h
[5.679s] -- Installing: /home/nikorose/Documents/Repos/EkumenTechTest/install/more_interfaces/include/more_interfaces/msg/detail/address_book__type_support.c
[5.679s] -- Installing: /home/nikorose/Documents/Repos/EkumenTechTest/install/more_interfaces/lib/libmore_interfaces__rosidl_typesupport_introspection_c.so
[5.679s] -- Set runtime path of "/home/nikorose/Documents/Repos/EkumenTechTest/install/more_interfaces/lib/libmore_interfaces__rosidl_typesupport_introspection_c.so" to ""
[5.679s] -- Installing: /home/nikorose/Documents/Repos/EkumenTechTest/install/more_interfaces/lib/libmore_interfaces__rosidl_typesupport_c.so
[5.679s] -- Set runtime path of "/home/nikorose/Documents/Repos/EkumenTechTest/install/more_interfaces/lib/libmore_interfaces__rosidl_typesupport_c.so" to ""
[5.679s] -- Up-to-date: /home/nikorose/Documents/Repos/EkumenTechTest/install/more_interfaces/include/more_interfaces
[5.679s] -- Up-to-date: /home/nikorose/Documents/Repos/EkumenTechTest/install/more_interfaces/include/more_interfaces/msg
[5.679s] -- Installing: /home/nikorose/Documents/Repos/EkumenTechTest/install/more_interfaces/include/more_interfaces/msg/address_book.hpp
[5.679s] -- Up-to-date: /home/nikorose/Documents/Repos/EkumenTechTest/install/more_interfaces/include/more_interfaces/msg/detail
[5.679s] -- Installing: /home/nikorose/Documents/Repos/EkumenTechTest/install/more_interfaces/include/more_interfaces/msg/detail/address_book__struct.hpp
[5.679s] -- Installing: /home/nikorose/Documents/Repos/EkumenTechTest/install/more_interfaces/include/more_interfaces/msg/detail/address_book__traits.hpp
[5.680s] -- Installing: /home/nikorose/Documents/Repos/EkumenTechTest/install/more_interfaces/include/more_interfaces/msg/detail/address_book__builder.hpp
[5.680s] -- Up-to-date: /home/nikorose/Documents/Repos/EkumenTechTest/install/more_interfaces/include/more_interfaces
[5.680s] -- Up-to-date: /home/nikorose/Documents/Repos/EkumenTechTest/install/more_interfaces/include/more_interfaces/msg
[5.680s] -- Up-to-date: /home/nikorose/Documents/Repos/EkumenTechTest/install/more_interfaces/include/more_interfaces/msg/detail
[5.680s] -- Installing: /home/nikorose/Documents/Repos/EkumenTechTest/install/more_interfaces/include/more_interfaces/msg/detail/address_book__rosidl_typesupport_introspection_cpp.hpp
[5.680s] -- Installing: /home/nikorose/Documents/Repos/EkumenTechTest/install/more_interfaces/include/more_interfaces/msg/detail/address_book__type_support.cpp
[5.680s] -- Installing: /home/nikorose/Documents/Repos/EkumenTechTest/install/more_interfaces/lib/libmore_interfaces__rosidl_typesupport_introspection_cpp.so
[5.680s] -- Set runtime path of "/home/nikorose/Documents/Repos/EkumenTechTest/install/more_interfaces/lib/libmore_interfaces__rosidl_typesupport_introspection_cpp.so" to ""
[5.680s] -- Installing: /home/nikorose/Documents/Repos/EkumenTechTest/install/more_interfaces/lib/libmore_interfaces__rosidl_typesupport_cpp.so
[5.680s] -- Set runtime path of "/home/nikorose/Documents/Repos/EkumenTechTest/install/more_interfaces/lib/libmore_interfaces__rosidl_typesupport_cpp.so" to ""
[5.680s] -- Installing: /home/nikorose/Documents/Repos/EkumenTechTest/install/more_interfaces/share/more_interfaces/environment/pythonpath.sh
[5.680s] -- Installing: /home/nikorose/Documents/Repos/EkumenTechTest/install/more_interfaces/share/more_interfaces/environment/pythonpath.dsv
[5.681s] -- Installing: /home/nikorose/Documents/Repos/EkumenTechTest/install/more_interfaces/lib/python3.8/site-packages/more_interfaces/__init__.py
[5.704s] Compiling '/home/nikorose/Documents/Repos/EkumenTechTest/install/more_interfaces/lib/python3.8/site-packages/more_interfaces/__init__.py'...
[5.707s] -- Installing: /home/nikorose/Documents/Repos/EkumenTechTest/install/more_interfaces/lib/python3.8/site-packages/more_interfaces/msg
[5.707s] -- Installing: /home/nikorose/Documents/Repos/EkumenTechTest/install/more_interfaces/lib/python3.8/site-packages/more_interfaces/msg/_address_book.py
[5.707s] -- Installing: /home/nikorose/Documents/Repos/EkumenTechTest/install/more_interfaces/lib/python3.8/site-packages/more_interfaces/msg/__init__.py
[5.707s] -- Installing: /home/nikorose/Documents/Repos/EkumenTechTest/install/more_interfaces/lib/python3.8/site-packages/more_interfaces/msg/_address_book_s.c
[5.707s] -- Installing: /home/nikorose/Documents/Repos/EkumenTechTest/install/more_interfaces/lib/python3.8/site-packages/more_interfaces/more_interfaces_s__rosidl_typesupport_fastrtps_c.cpython-38-x86_64-linux-gnu.so
[5.708s] -- Set runtime path of "/home/nikorose/Documents/Repos/EkumenTechTest/install/more_interfaces/lib/python3.8/site-packages/more_interfaces/more_interfaces_s__rosidl_typesupport_fastrtps_c.cpython-38-x86_64-linux-gnu.so" to ""
[5.708s] -- Installing: /home/nikorose/Documents/Repos/EkumenTechTest/install/more_interfaces/lib/python3.8/site-packages/more_interfaces/more_interfaces_s__rosidl_typesupport_introspection_c.cpython-38-x86_64-linux-gnu.so
[5.708s] -- Set runtime path of "/home/nikorose/Documents/Repos/EkumenTechTest/install/more_interfaces/lib/python3.8/site-packages/more_interfaces/more_interfaces_s__rosidl_typesupport_introspection_c.cpython-38-x86_64-linux-gnu.so" to ""
[5.708s] -- Installing: /home/nikorose/Documents/Repos/EkumenTechTest/install/more_interfaces/lib/python3.8/site-packages/more_interfaces/more_interfaces_s__rosidl_typesupport_c.cpython-38-x86_64-linux-gnu.so
[5.708s] -- Set runtime path of "/home/nikorose/Documents/Repos/EkumenTechTest/install/more_interfaces/lib/python3.8/site-packages/more_interfaces/more_interfaces_s__rosidl_typesupport_c.cpython-38-x86_64-linux-gnu.so" to ""
[5.709s] -- Installing: /home/nikorose/Documents/Repos/EkumenTechTest/install/more_interfaces/lib/libmore_interfaces__python.so
[5.709s] -- Set runtime path of "/home/nikorose/Documents/Repos/EkumenTechTest/install/more_interfaces/lib/libmore_interfaces__python.so" to ""
[5.709s] -- Installing: /home/nikorose/Documents/Repos/EkumenTechTest/install/more_interfaces/share/more_interfaces/msg/AddressBook.idl
[5.709s] -- Installing: /home/nikorose/Documents/Repos/EkumenTechTest/install/more_interfaces/share/more_interfaces/msg/AddressBook.msg
[5.709s] -- Installing: /home/nikorose/Documents/Repos/EkumenTechTest/install/more_interfaces/lib/more_interfaces/publish_address_book
[5.710s] -- Set runtime path of "/home/nikorose/Documents/Repos/EkumenTechTest/install/more_interfaces/lib/more_interfaces/publish_address_book" to ""
[5.710s] -- Installing: /home/nikorose/Documents/Repos/EkumenTechTest/install/more_interfaces/share/ament_index/resource_index/package_run_dependencies/more_interfaces
[5.710s] -- Installing: /home/nikorose/Documents/Repos/EkumenTechTest/install/more_interfaces/share/ament_index/resource_index/parent_prefix_path/more_interfaces
[5.710s] -- Installing: /home/nikorose/Documents/Repos/EkumenTechTest/install/more_interfaces/share/more_interfaces/environment/ament_prefix_path.sh
[5.710s] -- Installing: /home/nikorose/Documents/Repos/EkumenTechTest/install/more_interfaces/share/more_interfaces/environment/ament_prefix_path.dsv
[5.711s] -- Installing: /home/nikorose/Documents/Repos/EkumenTechTest/install/more_interfaces/share/more_interfaces/environment/path.sh
[5.711s] -- Installing: /home/nikorose/Documents/Repos/EkumenTechTest/install/more_interfaces/share/more_interfaces/environment/path.dsv
[5.711s] -- Installing: /home/nikorose/Documents/Repos/EkumenTechTest/install/more_interfaces/share/more_interfaces/local_setup.bash
[5.711s] -- Installing: /home/nikorose/Documents/Repos/EkumenTechTest/install/more_interfaces/share/more_interfaces/local_setup.sh
[5.711s] -- Installing: /home/nikorose/Documents/Repos/EkumenTechTest/install/more_interfaces/share/more_interfaces/local_setup.zsh
[5.711s] -- Installing: /home/nikorose/Documents/Repos/EkumenTechTest/install/more_interfaces/share/more_interfaces/local_setup.dsv
[5.711s] -- Installing: /home/nikorose/Documents/Repos/EkumenTechTest/install/more_interfaces/share/more_interfaces/package.dsv
[5.711s] -- Installing: /home/nikorose/Documents/Repos/EkumenTechTest/install/more_interfaces/share/ament_index/resource_index/packages/more_interfaces
[5.711s] -- Installing: /home/nikorose/Documents/Repos/EkumenTechTest/install/more_interfaces/share/more_interfaces/cmake/more_interfaces__rosidl_generator_cExport.cmake
[5.711s] -- Installing: /home/nikorose/Documents/Repos/EkumenTechTest/install/more_interfaces/share/more_interfaces/cmake/more_interfaces__rosidl_generator_cExport-noconfig.cmake
[5.711s] -- Installing: /home/nikorose/Documents/Repos/EkumenTechTest/install/more_interfaces/share/more_interfaces/cmake/more_interfaces__rosidl_typesupport_introspection_cExport.cmake
[5.712s] -- Installing: /home/nikorose/Documents/Repos/EkumenTechTest/install/more_interfaces/share/more_interfaces/cmake/more_interfaces__rosidl_typesupport_introspection_cExport-noconfig.cmake
[5.712s] -- Installing: /home/nikorose/Documents/Repos/EkumenTechTest/install/more_interfaces/share/more_interfaces/cmake/more_interfaces__rosidl_typesupport_cExport.cmake
[5.712s] -- Installing: /home/nikorose/Documents/Repos/EkumenTechTest/install/more_interfaces/share/more_interfaces/cmake/more_interfaces__rosidl_typesupport_cExport-noconfig.cmake
[5.712s] -- Installing: /home/nikorose/Documents/Repos/EkumenTechTest/install/more_interfaces/share/more_interfaces/cmake/more_interfaces__rosidl_generator_cppExport.cmake
[5.712s] -- Installing: /home/nikorose/Documents/Repos/EkumenTechTest/install/more_interfaces/share/more_interfaces/cmake/more_interfaces__rosidl_typesupport_introspection_cppExport.cmake
[5.712s] -- Installing: /home/nikorose/Documents/Repos/EkumenTechTest/install/more_interfaces/share/more_interfaces/cmake/more_interfaces__rosidl_typesupport_introspection_cppExport-noconfig.cmake
[5.712s] -- Installing: /home/nikorose/Documents/Repos/EkumenTechTest/install/more_interfaces/share/more_interfaces/cmake/more_interfaces__rosidl_typesupport_cppExport.cmake
[5.712s] -- Installing: /home/nikorose/Documents/Repos/EkumenTechTest/install/more_interfaces/share/more_interfaces/cmake/more_interfaces__rosidl_typesupport_cppExport-noconfig.cmake
[5.712s] -- Installing: /home/nikorose/Documents/Repos/EkumenTechTest/install/more_interfaces/share/more_interfaces/cmake/rosidl_cmake-extras.cmake
[5.713s] -- Installing: /home/nikorose/Documents/Repos/EkumenTechTest/install/more_interfaces/share/more_interfaces/cmake/ament_cmake_export_dependencies-extras.cmake
[5.713s] -- Installing: /home/nikorose/Documents/Repos/EkumenTechTest/install/more_interfaces/share/more_interfaces/cmake/ament_cmake_export_libraries-extras.cmake
[5.713s] -- Installing: /home/nikorose/Documents/Repos/EkumenTechTest/install/more_interfaces/share/more_interfaces/cmake/ament_cmake_export_targets-extras.cmake
[5.713s] -- Installing: /home/nikorose/Documents/Repos/EkumenTechTest/install/more_interfaces/share/more_interfaces/cmake/ament_cmake_export_include_directories-extras.cmake
[5.713s] -- Installing: /home/nikorose/Documents/Repos/EkumenTechTest/install/more_interfaces/share/more_interfaces/cmake/rosidl_cmake_export_typesupport_libraries-extras.cmake
[5.713s] -- Installing: /home/nikorose/Documents/Repos/EkumenTechTest/install/more_interfaces/share/more_interfaces/cmake/rosidl_cmake_export_typesupport_targets-extras.cmake
[5.713s] -- Installing: /home/nikorose/Documents/Repos/EkumenTechTest/install/more_interfaces/share/more_interfaces/cmake/more_interfacesConfig.cmake
[5.713s] -- Installing: /home/nikorose/Documents/Repos/EkumenTechTest/install/more_interfaces/share/more_interfaces/cmake/more_interfacesConfig-version.cmake
[5.713s] -- Installing: /home/nikorose/Documents/Repos/EkumenTechTest/install/more_interfaces/share/more_interfaces/package.xml
[5.715s] Invoked command in '/home/nikorose/Documents/Repos/EkumenTechTest/build/more_interfaces' returned '0': CMAKE_PREFIX_PATH=${CMAKE_PREFIX_PATH}:/home/nikorose/Documents/Repos/EkumenTechTest/install/py_srvcli:/home/nikorose/Documents/Repos/EkumenTechTest/install/main_pkg:/opt/ros/foxy /usr/bin/cmake --install /home/nikorose/Documents/Repos/EkumenTechTest/build/more_interfaces
