[0.224s] Invoking command in '/home/nikorose/Documents/Repos/EkumenTechTest/src/py_srvcli': PYTHONPATH=/home/nikorose/Documents/Repos/EkumenTechTest/install/py_srvcli/lib/python3.8/site-packages:${PYTHONPATH} /usr/bin/python3 setup.py egg_info --egg-base ../../build/py_srvcli build --build-base /home/nikorose/Documents/Repos/EkumenTechTest/build/py_srvcli/build install --prefix /home/nikorose/Documents/Repos/EkumenTechTest/install/py_srvcli --record /home/nikorose/Documents/Repos/EkumenTechTest/build/py_srvcli/install.log --single-version-externally-managed
[0.389s] /home/nikorose/.local/lib/python3.8/site-packages/setuptools/dist.py:720: UserWarning: Usage of dash-separated 'script-dir' will not be supported in future versions. Please use the underscore name 'script_dir' instead
[0.389s]   warnings.warn(
[0.389s] /home/nikorose/.local/lib/python3.8/site-packages/setuptools/dist.py:720: UserWarning: Usage of dash-separated 'install-scripts' will not be supported in future versions. Please use the underscore name 'install_scripts' instead
[0.389s]   warnings.warn(
[0.411s] running egg_info
[0.411s] creating ../../build/py_srvcli/py_srvcli.egg-info
[0.411s] writing ../../build/py_srvcli/py_srvcli.egg-info/PKG-INFO
[0.411s] writing dependency_links to ../../build/py_srvcli/py_srvcli.egg-info/dependency_links.txt
[0.412s] writing entry points to ../../build/py_srvcli/py_srvcli.egg-info/entry_points.txt
[0.412s] writing requirements to ../../build/py_srvcli/py_srvcli.egg-info/requires.txt
[0.412s] writing top-level names to ../../build/py_srvcli/py_srvcli.egg-info/top_level.txt
[0.416s] writing manifest file '../../build/py_srvcli/py_srvcli.egg-info/SOURCES.txt'
[0.417s] reading manifest file '../../build/py_srvcli/py_srvcli.egg-info/SOURCES.txt'
[0.418s] writing manifest file '../../build/py_srvcli/py_srvcli.egg-info/SOURCES.txt'
[0.418s] running build
[0.418s] running build_py
[0.419s] creating /home/nikorose/Documents/Repos/EkumenTechTest/build/py_srvcli/build
[0.419s] creating /home/nikorose/Documents/Repos/EkumenTechTest/build/py_srvcli/build/lib
[0.419s] creating /home/nikorose/Documents/Repos/EkumenTechTest/build/py_srvcli/build/lib/py_srvcli
[0.419s] copying py_srvcli/__init__.py -> /home/nikorose/Documents/Repos/EkumenTechTest/build/py_srvcli/build/lib/py_srvcli
[0.419s] copying py_srvcli/client_member_function.py -> /home/nikorose/Documents/Repos/EkumenTechTest/build/py_srvcli/build/lib/py_srvcli
[0.419s] copying py_srvcli/service_member-.function.py -> /home/nikorose/Documents/Repos/EkumenTechTest/build/py_srvcli/build/lib/py_srvcli
[0.419s] running install
[0.419s] /home/nikorose/.local/lib/python3.8/site-packages/setuptools/command/install.py:34: SetuptoolsDeprecationWarning: setup.py install is deprecated. Use build and pip and other standards-based tools.
[0.419s]   warnings.warn(
[0.420s] running install_lib
[0.420s] creating /home/nikorose/Documents/Repos/EkumenTechTest/install/py_srvcli/lib/python3.8/site-packages/py_srvcli
[0.421s] copying /home/nikorose/Documents/Repos/EkumenTechTest/build/py_srvcli/build/lib/py_srvcli/__init__.py -> /home/nikorose/Documents/Repos/EkumenTechTest/install/py_srvcli/lib/python3.8/site-packages/py_srvcli
[0.421s] copying /home/nikorose/Documents/Repos/EkumenTechTest/build/py_srvcli/build/lib/py_srvcli/client_member_function.py -> /home/nikorose/Documents/Repos/EkumenTechTest/install/py_srvcli/lib/python3.8/site-packages/py_srvcli
[0.421s] copying /home/nikorose/Documents/Repos/EkumenTechTest/build/py_srvcli/build/lib/py_srvcli/service_member-.function.py -> /home/nikorose/Documents/Repos/EkumenTechTest/install/py_srvcli/lib/python3.8/site-packages/py_srvcli
[0.421s] byte-compiling /home/nikorose/Documents/Repos/EkumenTechTest/install/py_srvcli/lib/python3.8/site-packages/py_srvcli/__init__.py to __init__.cpython-38.pyc
[0.421s] byte-compiling /home/nikorose/Documents/Repos/EkumenTechTest/install/py_srvcli/lib/python3.8/site-packages/py_srvcli/client_member_function.py to client_member_function.cpython-38.pyc
[0.421s] byte-compiling /home/nikorose/Documents/Repos/EkumenTechTest/install/py_srvcli/lib/python3.8/site-packages/py_srvcli/service_member-.function.py to service_member-.function.cpython-38.pyc
[0.421s] running install_data
[0.422s] creating /home/nikorose/Documents/Repos/EkumenTechTest/install/py_srvcli/share/ament_index
[0.422s] creating /home/nikorose/Documents/Repos/EkumenTechTest/install/py_srvcli/share/ament_index/resource_index
[0.422s] creating /home/nikorose/Documents/Repos/EkumenTechTest/install/py_srvcli/share/ament_index/resource_index/packages
[0.422s] copying resource/py_srvcli -> /home/nikorose/Documents/Repos/EkumenTechTest/install/py_srvcli/share/ament_index/resource_index/packages
[0.422s] copying package.xml -> /home/nikorose/Documents/Repos/EkumenTechTest/install/py_srvcli/share/py_srvcli
[0.422s] running install_egg_info
[0.423s] Copying ../../build/py_srvcli/py_srvcli.egg-info to /home/nikorose/Documents/Repos/EkumenTechTest/install/py_srvcli/lib/python3.8/site-packages/py_srvcli-0.0.0-py3.8.egg-info
[0.424s] running install_scripts
[0.437s] Installing client script to /home/nikorose/Documents/Repos/EkumenTechTest/install/py_srvcli/lib/py_srvcli
[0.437s] Installing service script to /home/nikorose/Documents/Repos/EkumenTechTest/install/py_srvcli/lib/py_srvcli
[0.438s] writing list of installed files to '/home/nikorose/Documents/Repos/EkumenTechTest/build/py_srvcli/install.log'
[0.453s] Invoked command in '/home/nikorose/Documents/Repos/EkumenTechTest/src/py_srvcli' returned '0': PYTHONPATH=/home/nikorose/Documents/Repos/EkumenTechTest/install/py_srvcli/lib/python3.8/site-packages:${PYTHONPATH} /usr/bin/python3 setup.py egg_info --egg-base ../../build/py_srvcli build --build-base /home/nikorose/Documents/Repos/EkumenTechTest/build/py_srvcli/build install --prefix /home/nikorose/Documents/Repos/EkumenTechTest/install/py_srvcli --record /home/nikorose/Documents/Repos/EkumenTechTest/build/py_srvcli/install.log --single-version-externally-managed
