[0.240s] Invoking command in '/home/nikorose/Documents/Repos/EkumenTechTest/build/main_pkg': PYTHONPATH=/home/nikorose/Documents/Repos/EkumenTechTest/install/main_pkg/lib/python3.8/site-packages:${PYTHONPATH} /usr/bin/python3 setup.py develop --prefix /home/nikorose/Documents/Repos/EkumenTechTest/install/main_pkg --editable --build-directory /home/nikorose/Documents/Repos/EkumenTechTest/build/main_pkg/build --no-deps install_data --install-dir /home/nikorose/Documents/Repos/EkumenTechTest/install/main_pkg
[0.413s] /home/nikorose/.local/lib/python3.8/site-packages/setuptools/dist.py:720: UserWarning: Usage of dash-separated 'script-dir' will not be supported in future versions. Please use the underscore name 'script_dir' instead
[0.413s]   warnings.warn(
[0.413s] /home/nikorose/.local/lib/python3.8/site-packages/setuptools/dist.py:720: UserWarning: Usage of dash-separated 'install-scripts' will not be supported in future versions. Please use the underscore name 'install_scripts' instead
[0.414s]   warnings.warn(
[0.451s] running develop
[0.451s] /home/nikorose/.local/lib/python3.8/site-packages/setuptools/command/easy_install.py:156: EasyInstallDeprecationWarning: easy_install command is deprecated. Use build and pip and other standards-based tools.
[0.451s]   warnings.warn(
[0.453s] /home/nikorose/.local/lib/python3.8/site-packages/setuptools/command/install.py:34: SetuptoolsDeprecationWarning: setup.py install is deprecated. Use build and pip and other standards-based tools.
[0.453s]   warnings.warn(
[0.500s] /home/nikorose/.local/lib/python3.8/site-packages/pkg_resources/__init__.py:116: PkgResourcesDeprecationWarning: 1.13.1-unknown is an invalid version and will not be supported in a future release
[0.500s]   warnings.warn(
[0.500s] /home/nikorose/.local/lib/python3.8/site-packages/pkg_resources/__init__.py:116: PkgResourcesDeprecationWarning: 0.23ubuntu1 is an invalid version and will not be supported in a future release
[0.500s]   warnings.warn(
[0.500s] /home/nikorose/.local/lib/python3.8/site-packages/pkg_resources/__init__.py:116: PkgResourcesDeprecationWarning: 0.1.36ubuntu1 is an invalid version and will not be supported in a future release
[0.500s]   warnings.warn(
[0.578s] running egg_info
[0.578s] writing main_pkg.egg-info/PKG-INFO
[0.578s] writing dependency_links to main_pkg.egg-info/dependency_links.txt
[0.579s] writing entry points to main_pkg.egg-info/entry_points.txt
[0.579s] writing requirements to main_pkg.egg-info/requires.txt
[0.579s] writing top-level names to main_pkg.egg-info/top_level.txt
[0.583s] reading manifest file 'main_pkg.egg-info/SOURCES.txt'
[0.584s] writing manifest file 'main_pkg.egg-info/SOURCES.txt'
[0.620s] running build_ext
[0.621s] Creating /home/nikorose/Documents/Repos/EkumenTechTest/install/main_pkg/lib/python3.8/site-packages/main-pkg.egg-link (link to .)
[0.621s] Installing node script to /home/nikorose/Documents/Repos/EkumenTechTest/install/main_pkg/lib/main_pkg
[0.621s] 
[0.622s] Installed /home/nikorose/Documents/Repos/EkumenTechTest/build/main_pkg
[0.622s] running install_data
[0.660s] Invoked command in '/home/nikorose/Documents/Repos/EkumenTechTest/build/main_pkg' returned '0': PYTHONPATH=/home/nikorose/Documents/Repos/EkumenTechTest/install/main_pkg/lib/python3.8/site-packages:${PYTHONPATH} /usr/bin/python3 setup.py develop --prefix /home/nikorose/Documents/Repos/EkumenTechTest/install/main_pkg --editable --build-directory /home/nikorose/Documents/Repos/EkumenTechTest/build/main_pkg/build --no-deps install_data --install-dir /home/nikorose/Documents/Repos/EkumenTechTest/install/main_pkg
